-0.9999181346715257
-0.5763784105922157
0.9999752665143576
0.462789560865271
0.9999752665143576
0.6574340770705972
-4.2775301439171285
0.9726844859489837
3.4387736576774763
-4.881376916477047
0.9999752665143576
0.9999752665143576
0.9999752665143576
-16.264139758523918
0.9999752665143576
0.9999752665143576
-2.999959225710657
2.0271194024758405
-1.7024692741976333
-2.026839903326585
-5.314438163312045
-2.4699004020303694
1.1501818439804392
0.9982921740005632
-0.0603957654024726
0.9860273010125679
-1.7116623087370089
0.9999752665143576
-20.36861128118111
-23.52240590750731
-4.580123061136527
2.212419055607754
-1.7092416883984831
-1.86948171742843
0.9999752665143576
0.9999752665143576
0.9999752665143576
-0.8819189131811546
0.9999752665143576
0.4096121815603163
-3.3760053248447233
0.9999752665143576
0.9999752665143576
-4.581204707091113
-20.84604523481634
1.1442498483640093
1.0588232258538584
-7.478114823207261
0.9860273010125679
0.9999752665143576
0.39722893340583043
0.5038919213398034
0.9999752665143576
0.9999752665143576
-3.6827388056469013
0.0953719712742428
0.9999752665143576
0.9999752665143576
0.9999752665143576
0.9999752665143576
0.9999752665143576
0.9999752665143576
0.9999752665143576
0.9999752665143576
0.9999752665143576
0.9999752665143576
0.9999752665143576
1.0408260136772705
0.3488707768060949
-0.41926037487446777
1.22649825635388
0.9999752665143576
0.9999752665143576
0.9999752665143576
0.7045678483664984
-0.908258924795423
-0.49824567845794576
0.9860273010125679
0.46267615711075094
0.9999752665143576
0.9999752665143576
0.9999752665143576
-0.545153967678396
0.2360879791829653
-6.2670792091918734
0.9999752665143576
0.04228617043931093
0.5805169693216146
-0.44715630587804533
-4.469644479174556
1.2845769239888551
-2.2705997866588876
0.9999752665143576
0.9999752665143576
-0.46777693802450215
0.9860273010125679
0.9999752665143576
0.9999752665143576
0.9999752665143576
0.9999752665143576
-3.864584620703567
0.21876480597068493
-0.8968209567566455
0.9999752665143576
0.9999752665143576
-2.8745891945418065
0.9999752665143576
0.83521271429572
0.9999752665143576
-1.609648673095886
0.9999752665143576
0.9999752665143576
-0.9998849994084732
0.9999752665143576
0.9720793355107781
-2.2065787517226245
0.9999752665143576
0.9999752665143576
0.9999752665143576
0.9999752665143576
0.9999752665143576
0.2743463767278137
0.4193319126127535
0.9860273010125679
-2.951049127451022
0.9999752665143576
1.0962823801311412
0.9999752665143576
-1.0000247334856422
0.9999752665143576
1.1180377377854478
0.9999752665143576
0.9999752665143576
0.9999752665143576
0.9999752665143576
0.40538394711098324
0.9999752665143576
0.9999752665143576
-0.999930350155667
-4.160915780648587
0.9999752665143576
0.9999752665143576
-0.981445424432481
-0.7202710189029978
-0.18714135210029015
-2.5613745893295854
0.9999752665143576
0.9999752665143576
0.9999752665143576
0.9999752665143576
0.9999752665143576
0.2860085522999378
-5.024774571076544
-6.4501388993085875
0.997321747085998
0.4193319126127535
-0.9255071374086116
-0.6977576922686298
0.9999752665143576
1.000298742152546
0.9999752665143576
-10.708683101184889
0.41350174237589676
0.9465701835090697
-0.7558741731776754
0.0051873550922424405
0.9720793355107781
-1.926827129948487
-7.055697298559285
0.9999752665143576
1.1178905303685438
-0.11785379303633314
0.9999752665143576
0.9860273010125679
-12.311243990830882
0.9999752665143576
-2.3361294083492314
1.013968306411456
0.9999752665143576
-1.3272967274534198
-1.5424037447063634
0.7950694331581213
-1.0189484166338234
0.9999752665143576
-7.303760097376215
1.1223580538412818
0.20117544814658406
-5.852439438439292
-6.502731006777866
0.349874895426425
-4.553123853137038
-6.44815320019144
0.9999752665143576
-0.540537046064491
0.9999752665143576
0.9860273010125679
1.1215348218348191
0.9999752665143576
0.9999752665143576
-2.267270787276194
-1.5725597408919767
-0.0545725953698889
1.2694323728493633
-10.561185795880384
8.601110129245468
-3.397389550249317
-1.783401500717296
0.9860273010125679
1.1180377377854478
0.9999752665143576
-1.5792880015051218
1.1180377377854478
0.9999752665143576
0.4193319126127535
-2.5529823377663967
-15.01202672174388
0.9999752665143576
4.580610848079193
-4.0285403071313794
0.9999752665143576
1.274123966344608
-21.14233953889445
0.4904694760525272
0.9999752665143576
-0.18714135210029015
-3.852322977055501
-2.7849358139658307
0.9999752665143576
-0.9858886270009012
-7.911804167443466
-0.9588984511372184
-2.084070641896098
-2.663267375236494
-1.348428059903497
-0.9999620198216882
0.9999752665143576
-1.8877870748414294
0.9999752665143576
0.9999752665143576
-2.065659389704749
0.9999752665143576
0.9999752665143576
0.9999752665143576
0.9999752665143576
0.9999752665143576
0.9999752665143576
0.9999752665143576
0.9999752665143576
0.9999752665143576
0.9999752665143576
0.9999752665143576
0.9999752665143576
-18.048850314211506
0.9999752665143576
0.9860273010125679
-8.935408716024643
-1.9885551173574267
1.1970471692139166
-2.0403893267859696
0.9999752665143576
-8.484962846680821
1.1370628231644533
-5.664852237224148
-0.4632098339445988
0.9999752665143576
-0.6428702747710672
0.9999752665143576
0.9999752665143576
0.9999752665143576
-0.9691141033440743
0.9999752665143576
-0.16131144128885067
0.9642238715765413
0.6704258860295007
-26.457011441770174
0.14627346711301337
-2.7606028785461847
0.9999752665143576
-5.021374640183293
-1.615603581419681
0.9999752665143576
0.9999752665143576
-2.876725722657951
0.36076215857297234
-16.90312271375514
-2.9986717367998237
-0.4497163188325116
-10.992894354851963
-3.5743023218658467
-1.0330752465662982
-7.286459935144282
-1.8796001089342869
0.9720793355107781
0.9999752665143576
-0.19899567416139108
0.7434708965063089
0.032183314533531626
-0.4875080476753798
0.670248924989022
0.5392243983826029
6.107293943984577
0.9999752665143576
-0.08136089316050865
0.9999752665143576
0.9999752665143576
0.9999752665143576
0.9999752665143576
0.9999752665143576
-1.8040579115772108
0.4501215380447505
0.9999752665143576
1.6370696825181614
0.6989145034074511
0.9999752665143576
3.1146244883686767
-8.111775199423464
-14.338670537690316
-4.004695598329722
-3.1439001178291233
1.1081081425510015
0.9999752665143576
0.9999752665143576
-4.210144169600243
-5.751846521887002
0.9999752665143576
-0.4052733062080006
-18.658194849989624
-5.542296222988322
0.44994220452780276
0.9608460171187388
1.8295165559515953
-1.3937556942068947
1.000945693428923
-1.379901657530251
-1.1809823150061325
-1.4824853839876542
-9.822943921928161
0.9919712523142826
-7.11930514765396
-4.051455537445577
-5.857737764223537
0.9999752665143576
0.9999752665143576
-23.51621550946971
-8.93867625241134
-21.482892075783777
-4.62324256632012
3.552969526050831
-13.62219585987744
-3.956043541631455
0.9999752665143576
0.9999752665143576
0.9999752665143576
0.4193319126127535
0.9999752665143576
-8.225386008636306
-11.0449939044484
0.9999752665143576
0.9999752665143576
3.9651102218830157
0.9999752665143576
2.495967214705605
-2.7032555290495766
-1.2306327380425035
-1.864122131779244
-1.7677096251164612
-0.9999813844522444
-0.9998645177263784
0.9999752665143576
0.9860273010125679
-2.9555547030682203
1.4417553538481631
-4.354651521121936
-1.766964900759576
-1.2677730219496857
0.25031558758700556
-1.0000025747440544
0.9999752665143576
-30.141466502032667
-3.6649688349653444
1.9872217470664317
-3.972895103022203
-0.2534575209666122
0.9999752665143576
-2.289091440359625
-0.5891274786367232
0.6812152185496855
1.2310385799821835
1.1016333185059488
0.9860273010125679
-0.7325782706491403
-1.5806247383538512
-3.337205139603333
-1.8714763788849686
0.3070169454926398
0.9999752665143576
0.4193319126127535
-6.849809310436704
2.4192323458105123
0.9999752665143576
1.454700828353464
-11.282233294161943
-0.7865845108012798
0.22727651219755962
-0.5025720815083669
1.1180377377854478
0.9999752665143576
0.9999752665143576
0.9999752665143576
-0.9999813844522444
-1.5183264853101415
-1.8129379384906161
-2.568616368077038
0.9999752665143576
0.4193319126127535
-0.6699950731199485
-3.057732111429862
-1.5796755017310926
0.9999752665143576
-4.665189357259979
0.3022423077313703
0.9999752665143576
-28.710199271702297
1.2865052723478834
0.9999752665143576
0.9999752665143576
0.42030477900246044
1.1183612134236363
-1.0139623289047863
-2.6933482863560814
0.9999752665143576
-1.1133263155901596
-0.2623039147008298
0.9999752665143576
0.9999752665143576
-1.0138661001733142
1.105212448329561
0.9860273010125679
0.9999752665143576
0.9999752665143576
-9.222910246516443
-1.7777280268279978
-0.7884295252433128
-1.0000025747440544
0.742150863086113
0.9999752665143576
-4.558510411758626
-15.855246585998078
0.9999752665143576
-0.48986842723282964
0.2533970094314244
0.9999752665143576
-21.619505105660405
0.9999752665143576
0.9999752665143576
1.1859482624012825
1.2912358022853976
0.9999752665143576
0.9999752665143576
0.9999752665143576
0.9999752665143576
0.9999752665143576
0.9999752665143576
0.9999752665143576
-19.755131994066964
0.9999752665143576
-0.28371246564949526
0.9860273010125679
0.9999752665143576
1.0690108270970144
1.0129300826736847
-1.8484017736477059
0.9999752665143576
1.1942315525579263
-0.46576650702337197
-0.04316414558020354
0.7759135436717814
-47.10394367082034
-3.522272619446746
1.1180377377854478
4.626471233404837
0.9999752665143576
0.9999752665143576
0.5234464183820713
-2.8217415879205956
-1.663670200232576
-2.3966438685889293
1.1001586991434087
0.9999752665143576
0.026248563390555923
1.8384069983370015
-0.06653633875174048
-10.157570728177435
-4.992741627663706
0.9999752665143576
0.9999752665143576
-6.916397409700227
0.9860273010125679
-1.2196309459515686
0.9999752665143576
-0.22627060149590894
-0.21157947387595144
0.4193319126127535
0.9999752665143576
0.9999752665143576
1.267056503561755
1.0069249367710655
0.9999752665143576
-15.036706486039975
0.9999752665143576
-1.8936457829138438
0.9999752665143576
1.1230101861264925
-16.80345368432223
0.14211621733834745
0.9999752665143576
0.9999752665143576
0.9999752665143576
0.9999752665143576
1.5675740815864567
-0.7208781181667375
-16.533841301135002
0.9999752665143576
1.4879559556117634
0.9999752665143576
0.9999752665143576
0.9999752665143576
0.9999752665143576
-0.0767514325618005
1.4873158901430654
0.9999752665143576
2.835246438684595
2.016414069427523
0.5044922074719658
0.3780732446310159
1.7042088799754243
-57.28956918079283
0.9999752665143576
-2.9999380354188463
-0.762820896526527
-0.9999813844522444
0.36966746003317885
-2.614789250493299
0.9999752665143576
-2.4394919045464643
-8.666037892191115
0.9999752665143576
-0.9999813844522444
-0.2784010461702332
0.7512782886588288
-3.3741859537851835
0.5814324914737395
0.9999752665143576
0.9642238715765413
-0.7677847060018937
-2.2149939340704585
-7.537363416341175
0.9976452227241864
-14.204534202395967
-3.1084684824381514
2.2263216686909915
-11.040867842715869
0.4387039066273227
0.9999752665143576
0.4243043609537982
3.117938170983207
6.951560021207801
-3.6309495179188986
-2.181152195638916
1.094175006860638
-22.255398815014644
-7.73694681433241
1.2912358022853976
1.2439656110630606
0.9952796754727462
0.9999752665143576
-2.8032043480995963
0.9999752665143576
-1.9856735203285552
0.9999752665143576
-9.165325915819313
0.9860273010125679
0.9999752665143576
-5.258437781578848
-3.8515658084996187
0.9999752665143576
-0.7559910399035422
0.9999752665143576
1.3668891173000148
-1.0332382107737241
0.9999752665143576
0.9999752665143576
0.8725750796974601
-0.18714135210029015
0.9999752665143576
0.04363175043151435
-2.0460696810919776
0.9899371331547578
0.9999752665143576
0.6919038678069694
1.441570810359685
-0.6831392507653499
0.9999752665143576
1.1031356942099568
0.5229573647664565
-9.58325854885887
-3.817150677493791
1.2883321536458618
-12.026504641117608
0.9999752665143576
0.9999752665143576
-0.787328704438334
0.9999752665143576
-1.5825778764671328
0.9617907639568984
0.2751798401876243
0.5529689224042831
-1.2030579666439913
0.3022423077313703
0.5044922074719658
-0.326099754433408
-2.2123614614287437
-1.1151516970713211
-7.125798302885582
-2.934647088500723
-2.026776653545865
-8.784015297000387
0.9999752665143576
-10.280847129105853
-0.6924490187618916
-5.796028344676187
-13.855582144508038
-0.2665472766796636
0.9894495052358896
0.9999752665143576
1.2415107716357308
-10.369935747827007
-2.7677413569685
0.9999752665143576
0.521801606966536
0.9999752665143576
0.9999752665143576
-0.357696965927084
0.9999752665143576
3.9954109553223502
-0.06303130204757379
0.9999752665143576
-2.045156507243384
-4.438200156838002
0.9999752665143576
0.9999752665143576
-2.1960386940582994
0.9999752665143576
0.40538394711098324
1.710552990205577
0.9999752665143576
1.2361002090565378
0.8405720892109997
0.9999752665143576
0.9999752665143576
-3.0814613476480672
0.9642238715765413
-1.0234390484794553
-0.39678850399634136
-1.0418252809576103
0.9999752665143576
0.9999752665143576
0.9999752665143576
0.007808576165249326
-12.77183717610665
-2.419366236460621
2.2890500673234193
2.214652079720908
0.9999752665143576
0.9860273010125679
0.9999752665143576
0.9720793355107781
-2.547210560281755
-0.19362704631309502
3.280459394449783
-2.3391075353529693
0.21512341364837584
0.9860273010125679
1.772181330724155
-1.6203249589909006
0.4244510989290782
0.5547026751065377
0.9999752665143576
0.9860273010125679
0.9999752665143576
0.9999752665143576
-2.773321506128647
0.9999752665143576
-1.5615123354398328
-4.282665291720629
-9.303665928700193
-44.87999789053634
-10.985417693842983
4.288312906830674
0.9999752665143576
-2.478683605776495
-3.2900130260754303
0.9999752665143576
0.9999752665143576
0.9999752665143576
-4.659070600636326
-2.639114789816394
1.5901016397239536
-5.072087312261429
-5.830564235356023
-11.143528924998943
1.7868592143363113
-1.5137663175473546
-32.53067415861479
5.257406659197359
0.9999752665143576
-6.522437627148615
0.9999752665143576
0.9999752665143576
0.9999752665143576
0.9999752665143576
0.9999752665143576
0.9999752665143576
-0.0642270445401113
1.3238836965336644
0.9999752665143576
0.9999752665143576
0.9999752665143576
0.9756685440055001
-17.176021878668333
1.3591351286686728
0.17116189587940933
-2.9260092225504777
0.4377310402376158
1.5997974656696492
0.3955265762759961
0.9999752665143576
-0.42625964115340065
0.9999752665143576
-0.4025393822420543
0.9999752665143576
-1.5806247383538512
-2.3193630919138295
0.9999752665143576
-2.471109421695524
0.9999752665143576
0.9999752665143576
-1.8244480052194878
-2.9905576559896945
2.9983281856384703
-0.5791446508941799
0.9999752665143576
2.4941268778754124
2.0364484616835417
0.9999752665143576
-1.796755339466488
0.9999752665143576
0.9999752665143576
0.9999752665143576
-0.9565237361997277
-1.3788215673086088
0.43617357254297506
-2.8910596560276023
0.9999752665143576
0.9999752665143576
0.9999752665143576
0.9608460171187388
0.9999752665143576
-1.433334283082409
0.9999752665143576
1.1981656133783507
-7.386713815188123
-14.716616039852443
0.9999752665143576
0.981022213986833
-9.499728540297756
-4.30758192859931
-7.251756518626677
0.9999752665143576
0.3635400506056137
0.9999752665143576
-0.11744440618895802
0.24184726411465596
-0.8191892473997225
-42.60522549131985
-1.1341110483589767
0.15150324618292588
-1.777120537098435
1.9137103082715516
-0.17111783612834286
-5.1570536155809465
-1.697651093454513
0.9999752665143576
-13.740061803494761
-1.7833912819886186
1.8962960417403991
-3.098501054032139
0.9999752665143576
-0.36551994025322776
-5.560629519423708
-0.18820597494876357
0.9999752665143576
-0.9999813844522444
0.9999752665143576
0.9999752665143576
0.9999752665143576
0.49419293918937146
0.9999752665143576
-1.718197935096962
-11.230022519463523
1.405133420045926
0.5135851315945992
-10.861049362461499
0.9860273010125679
0.9999752665143576
-1.537120471762579
-0.5092675005963415
-0.665330980060551
-0.8495442978996556
-0.8137754896348827
0.9999752665143576
0.9999752665143576
-23.78588313806354
-8.357664927968
-9.03226650363534
0.9860273010125679
-4.105307766300008
-6.0316919134415965
0.9999752665143576
-0.6575248529527994
-2.3131986396571778
0.9860273010125679
0.21185121837870402
-1.734367289697746
0.9999752665143576
-0.017459622500509586
-9.033140441102626
-5.554739737624134
2.4539010147565774
2.676109529599351
0.9999752665143576
1.0798605697423058
-1.37970971386931
0.9999752665143576
0.9999752665143576
-0.6240395313362673
0.9999752665143576
0.9999752665143576
-1.0841424831659028
-2.210958684506859
-3.8063979292323924
-0.13148548337099453
-0.006974208932651105
1.0051657850510622
1.3424137561285066
0.9860273010125679
3.368710554644591
-6.802796589852299
-3.8091625510760108
1.3494801394242404
-0.1824810278301071
-0.11785379303633314
0.9999752665143576
0.9999752665143576
-0.27635853905805663
-0.026883252359981458
-7.4556142579915266
-4.749390938492173
-7.954625607161906
0.9999752665143576
-1.6686384034939112
0.9999752665143576
-3.167481399578915
0.9999752665143576
0.9999752665143576
0.9999752665143576
0.9999752665143576
0.9999752665143576
0.9999752665143576
-4.544055686138716
0.4992942763614946
-6.8245636003762415
-5.9398754356093475
-7.155211338418705
0.23980752383454595
-0.9999813844522444
-1.2966240686737067
0.9999752665143576
-0.9999813844522444
0.9999752665143576
1.2677034548381318
0.9999752665143576
-11.527748218441538
-1.072999729069072
0.9999752665143576
3.9022967502565913
0.9999752665143576
0.9999752665143576
0.9999752665143576
-4.846909370260421
1.033562553495955
-1.215044122550307
0.9999752665143576
-4.118305886046721
0.9999752665143576
-0.07314077059762958
-7.535407178909732
-16.35299860404375
0.9999752665143576
0.9999752665143576
0.17078190342608923
-4.2713029639551765
-32.34001816118001
0.9999752665143576
-1.2318457834621506
0.9999752665143576
1.2912358022853976
0.9441834045071985
-4.291812338405592
-1.9923994238608325
1.0006222177907345
0.9293689745866117
-2.259480971240983
0.9999752665143576
-11.951225193583314
-22.614360873518105
-0.8600367363317895
-5.709178469124199
0.9999752665143576
0.9999752665143576
0.9999752665143576
0.9999752665143576
-2.4829232145729914
-3.7591589188852077
0.8539200462645226
-13.122753072637954
-4.133748652925849
-0.5164729386046073
-2.6735157498432747
-1.4804193204288794
0.4193319126127535
-11.70049338559435
0.4193319126127535
-1.0460757653400106
-0.999594659033337
0.9999752665143576
0.5144371041540552
-4.714575127516171
0.4243043609537982
0.23506884906728132
-2.417923123288314
0.9999752665143576
-1.99326429609125
-3.054665732978892
0.7499501373685417
-0.663670200232581
0.9999752665143576
-14.03633209454129
-0.6553326735609132
0.9999752665143576
0.7227595712399514
0.9999752665143576
0.9999752665143576
-0.5358053288175578
0.18569177197774644
-1.7090762320989845
1.4769703296127275
0.9999752665143576
-0.410008419144379
-1.4173404227518946
0.9999752665143576
-8.193587151647426
0.9999752665143576
1.7935676012240904
0.9999752665143576
1.0739316972883481
-0.6890235891587017
1.2410726573975828
-1.3131877515706951
-0.36606325727199207
0.9999752665143576
0.997321747085998
0.9999752665143576
1.1051129161256201
0.9999752665143576
1.8083879812384511
-2.5258808805579505
1.2108975170132592
0.9999752665143576
0.5229573647664565
0.9999752665143576
0.9860273010125679
-0.16687511301399882
3.133008812530886
0.9999752665143576
0.7126189946322368
0.9999752665143576
0.9999752665143576
-0.18714135210029015
-1.7462420866608364
0.9999752665143576
1.5129006101336597
0.9999752665143576
0.9999752665143576
-0.37784350571384084
0.9999752665143576
0.9999752665143576
-1.8858850882459994
0.9999752665143576
-0.9999181346715257
0.4193319126127535
-0.7442927947941317
-0.7448845956603803
-3.850510767216495
0.9999752665143576
-5.315673778971337
0.9999752665143576
0.9860273010125679
0.9691023404442313
-0.8631188032631264
-0.6938338656787503
-1.0050004511320445
0.9999752665143576
-6.415536949212926
1.281163943806502
-5.47505034561275
-8.71000067693364
0.9999752665143576
1.0043502837100113
0.6666449549218012
-20.763999631996683
1.0390276009791788
-17.80666358013733
-12.348315060355235
-9.353828122017866
0.4193319126127535
-3.632456485714989
0.9732008421802459
0.7605624251813456
1.7904442978939696
0.9999752665143576
-0.8060499166578822
1.9372671491095512
0.2895658397634979
0.9999752665143576
-4.594092068598642
0.9860273010125679
-0.49244935764829256
0.9999752665143576
-1.2769211999694123
1.3738117981881453
-12.92722086443035
-18.864231902224823
-21.239663539613375
0.23272791508917556
0.5229573647664565
1.4685143296629173
-4.269133174500821
-0.5138674202950194
2.7447401562549447
-2.0770619432388657
-4.795066245626961
-1.015633632759632
0.8276712867040382
-1.9577737201497434
-1.9407609984676255
0.9860273010125679
0.9999752665143576
-4.4035011884505355
0.9999752665143576
0.9999752665143576
-8.673257624885872
-5.526098172357609
1.2512424967249725
-4.139371747379474
1.47679553298729
0.7045678483664984
-0.32201567366195516
-4.886518643356722
-2.026883252359981
-1.3197927338749245
-0.540537046064491
0.988004522928231
0.9952796754727462
1.3208333439129
0.034215406945728555
-2.8847331090506514
-2.253332919030492
-0.04037292671477377
0.9999752665143576
1.9575191317383083
0.26468381982645817
0.8199480912871602
-1.149550795324298
-11.264874150013604
-7.894584785809346
1.6946229784744633
-0.8385311266099517
-1.6744471349335668
0.9999752665143576
-0.9999813844522444
-4.974313339982914
0.9999752665143576
0.40538394711098324
-3.86996420745102
0.59736836202937
0.9999752665143576
-1.2440126897036135
-0.2603304889951369
1.3672125929382033
0.29826460423144696
0.9725757176736238
-9.466676625225908
-0.7880689910749398
-1.563783078423623
-0.8945202592027942
0.9999752665143576
-4.552239482175201
0.5735770275394861
-4.090739978133295
-1.8854656517036967
0.9999752665143576
-26.500263099146242
3.222720068808771
-3.465682154709404
-7.224195364767199
1.1910221663174128
-1.1542731965503679
2.7900821382530445
0.9999752665143576
0.9999752665143576
0.9999752665143576
1.7233376962046454
0.8278256607443173
-6.19246322890409
0.4193319126127535
1.2912358022853976
-0.8000192347873126
0.9999752665143576
-3.5966226107442014
-0.01400998766390782
0.9999752665143576
0.9999752665143576
1.147225294119311
-3.5944661050415045
0.9999752665143576
0.9999752665143576
1.5072470088832226
-2.352884498351338
-3.265820435336505
1.9260520064451687
-4.598827339913561
0.9999752665143576
-13.112255148254018
0.5044922074719658
0.9999752665143576
-6.442697028270578
0.9999752665143576
0.9999752665143576
-3.2900935394510618
-1.5806459286456582
-1.7731508060383172
-0.18975312682606915
-3.293199770554456
-4.017993386326056
-3.1306056658695423
-0.7302631869598107
-0.9990109575376788
-2.7189596858447036
0.9999752665143576
-6.97931757339736
-3.004249884375423
-2.8532553099719165
0.9999752665143576
0.9999752665143576
-3.5217235537747897
0.9999752665143576
0.4501215380447505
0.9999752665143576
0.7512782886588288
-5.114295878920965
0.9090284713588157
0.9860273010125679
1.8747748783371958
-9.923319824348773
0.21838706578101286
0.9999752665143576
0.9999752665143576
-9.105837440674001
-0.48169849920217345
-3.5817073269767037
-0.8385997490111575
0.9999752665143576
-5.357729349404569
-1.0139293499540232
0.9921678743618378
0.1504782198229947
-29.18696431354796
0.9999752665143576
-9.599963034187756
-5.641654690517203
0.9999752665143576
-2.339116859795441
-0.04993501846495174
0.9999752665143576
0.9999752665143576
-0.1569364240931973
0.14272821817040737
-2.499612235554127
0.9999752665143576
-0.2661536828809302
0.7512782886588288
0.9999752665143576
1.1632915991737562
0.9999752665143576
0.9999752665143576
-22.369804052245783
1.1712624528840392
0.9999752665143576
1.4226001707949552
0.9999752665143576
0.9860273010125679
-9.47593225525997
0.9999752665143576
0.9999752665143576
0.4538201407626624
0.9999752665143576
-0.9550181408338158
-3.3303568725211714
1.018005361256118
0.6131854323383705
1.2313620556203735
0.6748606835210774
0.9999752665143576
0.4529191995943509
0.26348487994197967
1.0681837196326094
0.9860273010125679
-3.214389637674959
0.9781636910912064
0.9999752665143576
-8.486567332556644
0.40538394711098324
-17.894752989905776
-3.0088206058585185
0.9999752665143576
-5.492061207833349
-1.9999813844522478
-3.039175401279215
0.9999752665143576
-3.5611656601616315
0.4193319126127535
0.9999752665143576
1.676879254463358
-6.296212436807066
-2.6448411104014746
0.4193319126127535
0.9999752665143576
-3.858682032235755
-4.915955453189784
-0.4462743171130884
0.2784945886725618
1.3587005213987977
-2.5377890412986956
2.733703201702021
0.9999752665143576
-3.505160397805177
2.694487064027352
-2.7647110106775137
1.000952715279136
0.7164604209519774
0.40538394711098324
-1.4702816763817803
0.9863507766507579
-1.013851694277847
0.6851476786198291
0.9999752665143576
-4.191977343146537
-2.5806247383538516
0.018749229176941107
-0.06551632487137804
-24.084058226398763
0.04394943806408458
-6.490197921772957
-0.04083121786177368
-0.4173970631294458
0.9999752665143576
1.1632986311856326
1.245607106361558
-6.402684865681229
0.9345649782062546
-0.7497884246910026
0.9999752665143576
3.1849909337681823
1.2216362913822247
-4.325806290511128
0.4193319126127535
0.9999752665143576
0.9780776411444151
0.9999752665143576
0.9999752665143576
0.08665904302841909
-10.480318649182086
-8.338047303073914
-1.3708427900183215
0.9989754933634728
0.20098746770837594
-6.899158301606636
0.9999752665143576
0.9999752665143576
0.9999752665143576
0.9999752665143576
0.9999752665143576
-0.0033349872096014588
0.9999752665143576
0.9999752665143576
0.9999752665143576
1.044126484382007
0.9999752665143576
0.9999752665143576
-0.21503728310387438
-2.1001068615257403
0.9999752665143576
1.1007095391475215
0.9999752665143576
0.9996507535733598
-3.3696528925300204
0.9999752665143576
-0.16131144128885067
0.9999752665143576
0.9999752665143576
-10.371102236349442
-9.6180341279461
3.4560364180690546
-4.721480401422116
0.9999752665143576
-7.978555473299674
0.5063420193231608
-12.788058008155133
-8.988031477798161
0.9860273010125679
2.195422474523825
-0.41926037487446777
1.245607106361558
0.9999752665143576
-1.8969426164695453
0.9999752665143576
0.024271341474892738
-1.0423983733848732
1.2924355940800387
-6.209636274500999
-0.17477559401653087
-34.41721457810636
-1.615442740294891
-8.500763149815631
1.0019524884300208
1.2069430731819328
0.4211279985001217
-4.061403399035631
-2.0764809929925354
-2.6761547423994094
-1.0194936728534874
1.1907468614160615
0.9860273010125679
-1.5436856836403043
0.9999752665143576
-1.536234121090477
-3.826813828721057
-5.7042732080709655
0.9999752665143576
0.9999752665143576
-11.524973713822133
1.1302579704536955
-24.227789906187617
-2.342978091432717
-2.990822532587955
0.3851592323789409
-5.388141174537149
-23.25723486297908
-8.298090993802106
-17.75894686638075
-18.152839667689776
0.9999752665143576
-8.228039273640695
-3.9476459117401004
-4.49829137764924
1.1720501199938334
-41.009495376868536
0.11889485697367863
0.6604641378722342
-4.781649562190859
0.6517422350769193
1.3678057120675566
-35.93533073538682
0.9423758270043959
1.22649825635388
-2.0239919256143137
0.5149618054552663
-5.061980404421141
0.9860273010125679
-0.8377649411096523
-2.117630498853248
0.6012278026340463
0.9860273010125679
-5.476555598247614
1.3923738269361743
0.016621014231291142
0.9999752665143576
-3.6014080183140638
0.4193319126127535
-2.4446087338887503
-1.0611280086597987
0.9999752665143576
0.9999752665143576
0.9999752665143576
-2.681557158730027
0.985286153802284
0.9999752665143576
0.9999752665143576
0.9999752665143576
-4.15883986858897
-1.0514723186170127
0.9999752665143576
0.9999752665143576
0.9999752665143576
-0.9838724034600578
-0.2784010461702332
1.5039230254985845
0.9999752665143576
0.7420565007765336
0.9999752665143576
0.9999752665143576
0.9999752665143576
-5.828592917956585
-5.965687671142183
1.2439656110630606
-1.2822363356647846
-2.161268092255451
-0.18714135210029015
-0.9999813844522444
0.49054424197018254
0.9999752665143576
0.19860232535032663
-1.0574656064968493
-1.754185009060219
-1.9837207042701883
-2.094228219929145
0.9999752665143576
-1.112562040945957
-1.840708400176874
0.9999752665143576
0.4193319126127535
0.9999752665143576
-3.5238291962579305
-0.2160581259019042
0.9999752665143576
-0.4705515834801085
0.9999752665143576
0.9999752665143576
0.33170771510746466
-13.722873796806873
-1.0929549687339906
0.9999752665143576
0.9999752665143576
0.9860273010125679
0.9999752665143576
-3.3266014895094664
-1.0895847255285647
1.2136676306279603
0.9909997493536108
0.39596551477348274
-1.0665363387517401
0.731015197311488
1.0588232258538584
1.000298742152546
0.9999752665143576
-3.467288552564684
0.8527238066792521
-0.18714135210029015
-4.183382668416064
0.49459640930477833
1.0049477148554025
-1.6573161204715392
2.0423327785154233
0.369781351802426
-0.4182899479599026
-0.8589243131766272
-0.14700878355729852
0.14146917684249327
0.9999752665143576
0.3361704185831901
0.9999752665143576
-1.0287834198379695
0.9999752665143576
-1.584670938643943
-1.987197570402936
-12.874965606839114
-4.893585297552812
1.282861543000537
-9.452386706942756
-4.981059377422888
-0.9620366203687912
-6.23276511788768
0.9999752665143576
-2.985728411241637
0.9999752665143576
-0.8128181226105003
-5.451256200829874
0.2920672512204663
-0.11351399977264431
0.9999752665143576
-2.026839903326585
-0.9056009189911992
0.9999752665143576
0.9999752665143576
-5.21716561788094
0.2875641037492773
-3.3777016620254243
1.2991591677698682
-0.7685520329516758
2.9998756997121165
-1.916318921274081
0.9860273010125679
0.9999752665143576
1.043113017390299
0.9999752665143576
-3.436304801641836
-5.015251500423898
0.10200367843682379
-2.378365614094689
1.1070972545226305
-2.5428592463009334
1.060438298275491
1.0058322092834302
-13.455506355600326
0.6297633557579578
0.9999752665143576
-0.9999181346715257
0.9999752665143576
-0.2010893176020775
1.6836977751952071
1.2069430731819328
0.9999752665143576
0.9999752665143576
0.3900244691725929
1.58515994279435
0.9999752665143576
0.9999752665143576
0.9999752665143576
-3.8488075826135764
-8.263538422227994
1.2333262050102558
0.9581313700090165
0.9999752665143576
-0.20949339276323442
0.9999752665143576
-13.548344508755081
0.9999752665143576
-4.44755112789727
-7.288924364593901
2.289150812762772
0.9999752665143576
0.9860273010125679
0.536715156459957
0.982546854273977
0.9999752665143576
0.994145096277501
0.1411043314029643
0.9921678743618378
-0.7710384081667193
0.5967215379784516
-7.475705512189966
-2.4192170258410686
0.4501215380447505
-5.186045275916148
0.9999752665143576
-5.321583869900336
-3.278244193931226
-0.5514308316769133
-3.395379363517119
0.5918095292135745
2.7745791554634476
1.0049477148554025
0.9999752665143576
-1.0025871773994464
-3.212017006161861
-0.12715266541971781
-12.56004377534759
3.3669614657334583
1.9512137514017431
-3.5806025796122634
-6.883581382980917
-0.7826224263339373
0.09633146675955007
0.9999752665143576
0.9999752665143576
0.9999752665143576
0.9999752665143576
-6.7797848372072025
-9.33801319716798
0.9999752665143576
-0.9999813844522444
1.4107406377160907
1.0019524884300208
-5.547584975569053
1.6196611392140656
-6.518576524867453
-0.6926641628823568
-1.190189946652083
-0.48113399771110743
-6.834246288036454
-4.355290744400861
-6.057327490278382
-9.624913749756091
-30.309416474960987
-5.341391464629039
0.7953647553767923
1.2439656110630606
-3.980989857606169
-1.1579667627924293
2.0984016378118504
-2.4733485642358666e-05
-2.161204842474733
-0.9815136098052474
-10.892544985939136
-0.7494387117047855
-19.080994181824003
-0.8366862420846558
-7.86834991538069
0.9860273010125679
-0.5060197978988233
0.9999752665143576
2.213895875686426
0.9999752665143576
-0.06235050384481233
-0.9557669168038764
-2.1926307862208287
0.9999752665143576
0.9999752665143576
0.9999752665143576
0.25129720952130286
-0.8990003784217518
0.9999752665143576
0.3835805176749425
0.9999752665143576
0.9999752665143576
-0.20076584196388747
0.9999752665143576
-2.621248717967165
0.9999752665143576
0.9999752665143576
-0.14899661285339028
0.9999752665143576
-1.0146081188712759
3.0032032758910554
0.9999752665143576
0.9999752665143576
0.9999752665143576
1.22649825635388
0.12327427487529918
-1.5539466528701875
0.9999752665143576
0.9999752665143576
1.3810975654831288
-10.995505478419899
-8.914152236534333
-2.026839903326585
0.9860273010125679
-0.16131144128885067
0.9999752665143576
-2.999895975929938
0.9999752665143576
0.9999752665143576
0.9999752665143576
-0.4275645708870751
-17.36914856896403
-4.264666679804038
0.9999752665143576
0.9860273010125679
0.9999752665143576
-3.008742521057053
-2.253592445894342
-2.6652146676211506
0.1916034907920492
0.9999752665143576
0.9999752665143576
0.9999752665143576
-4.7635896273366845
0.9781718370783233
-1.884536580786186
1.237135754440077
0.9999752665143576
-2.1337296061328628
0.024271341474892738
0.9999752665143576
0.9999752665143576
0.9999752665143576
1.4849515885711049
1.3668891173000148
