1.3780452715511888
0.43076689855008354
1.000387230772517
1.2351526782808435
1.000387230772517
-0.07931742881975068
-4.8856594820420245
-1.0935240425240749
-0.9409363109620443
-2.067235550923099
1.000387230772517
1.000387230772517
1.000387230772517
0.6658406289935241
1.000387230772517
1.000387230772517
0.9999582808794405
-3.42508087748384
1.4363880106943487
1.3783015156596365
0.2386286649367262
-2.078572210105039
0.01845779910162504
0.9646144093126782
0.986255610383282
0.9602704578021886
0.2933514981479236
1.000387230772517
-6.915881935477518
-4.544248108329299
-1.7905769941964276
-0.00948805873837788
0.1869574452025483
-0.43174517274883417
1.000387230772517
1.000387230772517
1.000387230772517
0.1879367180257443
1.000387230772517
0.6525614671004845
-0.002015808164028021
0.9307081409939923
1.000387230772517
-0.18160905680329642
-8.614258335238732
0.2980851364769046
0.6363069942231561
-0.2122178019022325
0.9602704578021886
1.000387230772517
-0.5661468931871498
0.8070089700791878
1.000387230772517
1.000387230772517
0.7709862741243705
-0.1817038037281431
1.000387230772517
1.000387230772517
1.000387230772517
1.000387230772517
1.000387230772517
1.000387230772517
1.000387230772517
1.000387230772517
1.000387230772517
1.000387230772517
1.000387230772517
0.932740592098974
0.33361885327852425
1.3040154447547077
0.9139631754833496
1.000387230772517
1.000387230772517
1.000387230772517
0.5798786068149455
0.7758354459832364
-1.6575791394788335
0.9602704578021886
0.8398662554985035
1.000387230772517
1.000387230772517
1.000387230772517
0.3743146393221837
0.7895004141257884
0.8706132096173489
1.000387230772517
1.2031493777126552
-0.2987644804686542
1.223781898814051
-6.901480391564903
0.8440741990831238
0.592385994274911
1.000387230772517
1.000387230772517
-0.597075972862749
0.8905913680236601
1.000387230772517
1.000387230772517
1.000387230772517
1.000387230772517
1.0002366486122467
-0.2567267024484323
1.0002366486122467
1.000387230772517
1.000387230772517
-0.2701636860968102
1.000387230772517
0.7112495990171301
1.000387230772517
0.36059875366678873
1.000387230772517
1.000387230772517
0.9999890621156615
1.000387230772517
0.9201536848318601
1.5551326572738842
0.9307081409939923
1.000387230772517
1.000387230772517
1.000387230772517
1.000387230772517
0.25338530733785847
0.7729777147501529
0.9602704578021886
1.60654768369784
1.000387230772517
0.07665744123840545
1.000387230772517
1.0329664208134786
1.000387230772517
1.000387230772517
1.000387230772517
1.000387230772517
1.000387230772517
1.000387230772517
0.732860941779816
1.000387230772517
1.000387230772517
1.0001323259512347
0.4339997253248731
1.000387230772517
1.000387230772517
0.18794860088712795
1.052715405874527
1.1764946998527042
1.5287096380130785
1.000387230772517
1.000387230772517
1.000387230772517
1.000387230772517
1.000387230772517
0.43298020216523425
-2.034897919109152
-0.5110585353856028
0.725636696802217
0.7729777147501529
1.1063149564984944
0.3661980433194857
1.000387230772517
1.000387230772517
1.000387230772517
0.9101046994735964
0.5005888621262573
-0.11555950203595278
1.1616887991275573
-0.814524923860015
0.9201536848318601
-0.4773220726095595
-4.300919315289965
1.000387230772517
0.932740592098974
1.0077431622584796
1.000387230772517
0.9602704578021886
1.3553492240320386
1.000387230772517
-2.3741786844787645
-0.9601987103535876
1.000387230772517
0.6899847152753025
1.2316638356931071
1.0498463549899086
1.072312446227891
1.000387230772517
-2.9878935951312524
0.4156308029443234
0.8640112423421407
1.7165970821076213
-1.5459918247989832
0.23302383469072674
-0.04793516211871118
-1.148384240944131
1.000387230772517
0.07572340300404812
1.000387230772517
0.9602704578021886
1.000387230772517
1.000387230772517
1.000387230772517
-0.7137033821559204
0.5802144958520484
-0.4953391820484505
0.9917535107589384
-0.5242374348977115
-6.921572106149219
0.3196149980345818
-1.8060560889290809
0.9602704578021886
1.1624521603993436
1.000387230772517
-0.04526797433742735
0.1880873001860156
1.000387230772517
0.7729777147501529
0.814560048647615
-1.6146747584764007
1.000387230772517
-9.80837476170717
-6.81366486675074
1.000387230772517
0.4919619967751805
-14.426563117107666
0.6253406501098058
1.000387230772517
1.1764946998527042
1.6437455837263952
1.6291624840703545
1.000387230772517
1.0402739001845918
-3.0331259750482826
0.2944015173541421
-2.978874856221384
0.30798323014508977
0.7216756678079758
-1.5240715220646348
1.000387230772517
0.07262849792139159
1.000387230772517
1.000387230772517
0.5461741026202661
1.000387230772517
1.000387230772517
1.000387230772517
1.000387230772517
1.000387230772517
1.000387230772517
1.000387230772517
1.000387230772517
1.000387230772517
1.000387230772517
1.000387230772517
1.000387230772517
-3.2247030132776655
1.000387230772517
0.9602704578021886
-2.7932573351910417
-0.9705818575139447
1.1804223121824169
-3.1714301956970803
1.000387230772517
0.4001087358243669
0.7288768500954936
-3.482044551781881
-0.7441931742904251
1.000387230772517
0.9151571068928042
1.000387230772517
1.000387230772517
1.000387230772517
1.1516402046724845
1.000387230772517
0.5455681987277886
0.9602273853146599
-5.983361768341457
-5.876227568919738
0.6663894238485053
-0.904371353252587
1.000387230772517
0.9998924118041876
-9.652604376020541
1.000387230772517
1.000387230772517
-6.196053494315196
0.6407719460215617
-4.309965053279324
1.0692588297895262
0.8565409034932842
-10.04848993725489
-2.108285920137153
1.205072134572283
-4.837255305263923
-2.957295847437247
0.9201536848318601
1.000387230772517
0.3978880615999242
0.49276587858172705
0.6360855027303048
-0.7790323218479809
-1.772799570686551
0.7053310760766098
-5.944351197393045
1.000387230772517
-0.01854692177605055
1.000387230772517
1.000387230772517
1.000387230772517
1.000387230772517
1.000387230772517
-2.6011832674565434
0.848011990690294
1.000387230772517
-1.3199441074696479
0.918610215043056
1.000387230772517
-2.6035162034258956
-0.6183656904142918
-8.36546688539827
0.8809957454038333
-1.1104050553451423
1.000387230772517
1.000387230772517
1.000387230772517
1.3253581679935527
-6.989667973082216
1.000387230772517
-1.43834880525739
-10.963530972036573
0.10809051935203517
0.7729777147501529
0.7839786078262483
-2.0896226120845816
-3.2245645228965647
1.000387230772517
-4.537296533517022
1.1696783175054404
0.7327103596195454
0.0412481231169306
0.5901396065963345
0.8392911751925423
-0.680725453871613
-0.6704705044569277
1.000387230772517
1.000387230772517
-7.917334354739237
0.5896720460393635
-5.175323230702459
-4.445621216659259
-0.9271344702976625
-5.159605522015223
1.1317294767075374
1.000387230772517
1.000387230772517
1.000387230772517
0.7729777147501529
1.000387230772517
-0.306065719271154
-3.1873280258054657
1.000387230772517
1.000387230772517
-3.374534661462516
1.000387230772517
-4.957678917073235
1.513453078232265
-1.8493830786861127
-8.037542595258268
1.1461822023313748
1.0002366486122467
1.0003168264462634
1.000387230772517
0.9602704578021886
-0.7665548366480159
-0.10469563654187519
-0.24535023414227775
-0.7508192100386666
-2.967696603215233
0.7547902002940015
1.0001088630397117
1.000387230772517
-7.925901643463254
0.37461112266585417
-1.1771552939024814
-2.2620146797505223
0.4491565773128161
1.000387230772517
-1.2900457970473265
1.1510425817975432
0.039330328966150074
0.9602704578021886
-0.9018667771155802
0.9602704578021886
-0.046125050656550926
0.7728271325898823
-4.694555213992977
-1.401577441564664
0.2935020803081977
1.000387230772517
0.7729777147501529
1.2843149525319242
-1.2269912964778533
1.000387230772517
0.8086507083165065
-3.746038167828132
0.3325270993032543
0.48356188052062177
-0.30105747141704087
0.9307081409939923
1.000387230772517
1.000387230772517
1.000387230772517
1.0002366486122467
-0.17263632922023975
-0.8636939586678252
-11.095289564044732
1.000387230772517
0.7729777147501529
1.1440631808685524
0.72169394019498
0.7726993470173473
1.000387230772517
0.856810108008573
0.33361885327852425
1.000387230772517
-4.1979649412521844
0.010816170504891698
1.000387230772517
1.000387230772517
0.33361885327852425
1.000387230772517
0.2781099493300979
0.7657701666626019
1.000387230772517
-0.19469958501142126
-0.03423749408697052
1.000387230772517
1.000387230772517
1.3379284985808533
0.6486433041548101
0.9602704578021886
1.000387230772517
1.000387230772517
1.038735597075089
0.8145309643868407
0.10453907822857311
1.0001088630397117
-0.1905661919100945
1.000387230772517
-0.9999321829187466
-3.6886994732366705
1.000387230772517
-2.5708980661057494
0.8219659882600896
1.000387230772517
-4.882245435457097
1.000387230772517
1.000387230772517
0.3871298856277635
0.9917965832464556
1.000387230772517
1.000387230772517
1.000387230772517
1.000387230772517
1.000387230772517
1.000387230772517
1.000387230772517
-1.2689184986156867
1.000387230772517
0.8189441569212929
0.9602704578021886
1.000387230772517
-1.1997534159863137
0.8525070461583089
0.18443232888125782
1.000387230772517
0.8085743630711699
0.5002884342314106
0.5795994540568237
0.07599454486266266
-8.194095445342953
-0.28833809306823577
0.960392017789115
-10.613881472807195
1.000387230772517
1.000387230772517
-0.07943898880667266
-0.9654300733252845
0.8688206316356131
-1.291357049717536
1.000387230772517
1.0070666686197964
0.9664285390018394
0.5008514685178027
1.0174519233902366
-4.329014360810579
0.7267641670355514
1.000387230772517
1.000387230772517
0.8936538590361378
0.9602704578021886
0.26929869596803946
1.000387230772517
0.9600860769064354
1.0768986887891603
0.7729777147501529
1.000387230772517
1.000387230772517
0.6772772082866277
1.000387230772517
1.000387230772517
-0.01572900619991624
1.000387230772517
0.6700381028108433
1.000387230772517
0.1880873001860156
-2.236180156073033
0.7547959847329473
1.000387230772517
1.000387230772517
1.000387230772517
1.000387230772517
-0.9995817804554892
-4.457707055888513
-3.8933391979302674
1.000387230772517
1.3231311761351046
1.000387230772517
1.000387230772517
1.000387230772517
1.000387230772517
0.5795994540568237
-5.095051810905167
1.000387230772517
-1.4235792553142108
-1.1565320786539153
0.5714227003163519
1.1350755577865104
-1.829544905604822
-11.201431757066535
1.000387230772517
1.0000860664519764
-0.31848092498844016
1.0002366486122467
0.5382559299027884
0.7961023298592493
1.000387230772517
-2.064092095143406
0.7629805050337515
1.000387230772517
1.0002366486122467
0.10620933725616011
0.5640789645590152
0.6489634243599962
1.0387035730134961
1.000387230772517
0.9602273853146599
0.9490851838303401
1.0961105717517403
0.5810947091753413
0.725636696802217
-1.6673632525050648
-0.38183668117495295
-0.3024140354419014
-19.688025976880866
-0.47868107730797727
1.000387230772517
0.49822718077985284
-1.8118817110419907
-7.618788760015173
-2.16668040938783
0.2770685446843618
1.4320711907451318
-5.878016953228723
-1.9282346109767423
0.9917965832464556
1.161759203453811
1.2968070264605234
1.000387230772517
-7.893309519285104
1.000387230772517
1.0721652942034554
1.000387230772517
-2.4299841693295505
0.9602704578021886
1.000387230772517
0.42206123777730753
-0.19312515890858584
1.000387230772517
1.2021943274595057
1.000387230772517
-0.18779482351528864
-0.1452049340900683
1.000387230772517
1.000387230772517
0.9405178648408377
1.1764946998527042
1.000387230772517
0.3082646237915898
-2.678664611233273
1.2529032636927595
1.000387230772517
1.012544852975238
-0.19098845493416605
0.00899411195425226
1.000387230772517
1.000387230772517
1.0320892144640614
-2.9059276052472347
-0.3186853575591604
0.6742559801629757
-5.1588071059258365
1.000387230772517
1.000387230772517
0.9500651004728466
1.000387230772517
-0.29397027132479736
0.2469539191817849
0.06670043290734007
0.503776061642809
-0.1441632730004736
0.33361885327852425
0.5714227003163519
0.9207065088191282
0.4440323201999914
-0.9426640210036648
-1.5692213104609967
0.2705088221190912
1.756110138598579
0.7202488603299233
1.000387230772517
-11.422847722508669
0.8865242983138162
-3.596636700244803
-9.495582869625633
-0.5076778874382457
1.0244181738366278
1.000387230772517
-0.22534227899568604
1.276305074311929
0.9489346016700686
0.8610290512154677
-0.16536377399907964
1.000387230772517
1.000387230772517
-0.19852313960594348
1.000387230772517
-1.5603378119503346
0.6691401592722493
1.000387230772517
-0.40870390828205205
-7.197140135233207
1.000387230772517
1.000387230772517
-1.3552610319570273
1.000387230772517
0.732860941779816
0.9027196685765686
1.000387230772517
0.9117208377566668
0.48282223603916696
1.000387230772517
1.000387230772517
-0.20462139837087379
0.9602273853146599
1.0137564639907146
-5.9682108262208065
0.8798863297012398
1.000387230772517
1.000387230772517
1.000387230772517
0.6136307093858586
-0.9113321814647921
1.7659536811500929
-5.343914801534268
0.1389994098979117
1.000387230772517
0.2785348069530721
1.000387230772517
0.9201536848318601
1.5287096380130785
0.46928706849884705
-1.1099670455718758
-1.7355751435283957
0.904128015312464
0.9602704578021886
0.4124316638737917
1.4400061408645586
-0.5486050792250181
0.7729777147501529
1.000387230772517
0.9602704578021886
1.000387230772517
1.000387230772517
0.802826446589471
1.000387230772517
-1.8272988763354738
1.007894408849075
-0.8880441892559794
-16.08755052483258
-6.245596878149879
-9.716534624049793
1.000387230772517
-0.9690721917667786
0.549908001577263
1.000387230772517
1.000387230772517
1.000387230772517
0.35729443886804746
-0.6050355724255243
-1.5466291700863
-1.3226029146019074
0.6964433294071863
-0.3251276173423445
-0.506259972538311
-0.010832674417039945
-1.180434826290464
-4.557976880271566
1.000387230772517
-0.9545518030824749
1.000387230772517
1.000387230772517
1.000387230772517
1.000387230772517
1.000387230772517
1.000387230772517
0.12874581865260015
0.25270787321779065
1.000387230772517
1.000387230772517
1.000387230772517
0.019326867406695647
-3.0514441705895403
0.35015222981284233
0.2379376086299636
-3.1286405905251766
0.7729777147501529
1.1828280449532125
0.8838806053615952
1.000387230772517
-1.3251940613175361
1.000387230772517
1.2687115564905045
1.000387230772517
0.7728271325898823
0.5193462570449054
1.000387230772517
-2.2231766742770738
1.000387230772517
1.000387230772517
1.0363030211533255
-2.2224582938855586
-5.432427512147102
0.6838224844080191
1.000387230772517
-1.3734956030116963
0.7620544235363073
1.000387230772517
0.8972396796544091
1.000387230772517
1.000387230772517
1.000387230772517
1.4624116121429371
-0.310903765858872
0.8775743074984963
1.6648251243249512
1.000387230772517
1.000387230772517
1.000387230772517
0.7839786078262483
1.000387230772517
0.643186618903284
1.000387230772517
0.9565496687138535
1.6724236618113784
-1.8250899661015199
1.000387230772517
-6.095015816632925
-8.178017270268695
-0.523946704553087
0.3499415902632014
1.000387230772517
0.6125106228688306
1.000387230772517
1.1272715936912714
0.09499766113252062
-4.65213412618666
-18.414119442586472
-1.4415377897189425
0.7065474537144802
0.15616412292747528
-10.337818930624751
-0.3190265430288317
-5.560587323816144
0.7112768940571961
1.000387230772517
-3.5455375097166475
0.6369562429411318
1.4679767280352427
-0.3070060983177514
1.000387230772517
0.6767184992900999
-0.13985392329106539
1.288687270438677
1.000387230772517
1.0002366486122467
1.000387230772517
1.000387230772517
1.000387230772517
0.7617240128427673
1.000387230772517
-9.809159591648738
0.4716137845018662
0.6046114031422896
0.23673358116627097
-3.792004400125147
0.9602704578021886
1.000387230772517
0.6651852809329373
-2.3778964782414675
-1.3812157001233385
0.043726009945717736
1.0171869036268295
1.000387230772517
1.000387230772517
-0.604733106060888
1.0141518540200236
-3.4081444830102883
0.9602704578021886
-5.117027703088549
-1.362852889862828
1.000387230772517
0.7729777147501529
-10.738825772964153
0.9602704578021886
0.6804394962749523
0.7081313465875734
1.000387230772517
0.5418177467041534
-3.1414110958984076
-4.665695432743192
1.0506045280618077
1.1406634147658132
1.000387230772517
0.9646144093126782
1.0644659602673863
1.000387230772517
1.000387230772517
0.2505120440318809
1.000387230772517
1.000387230772517
1.7320533590959668
-1.2418871378213985
-2.006706715246687
-7.342535825838496
0.04160614789881345
1.0429007115799651
0.22957366356915787
0.9602704578021886
-4.18788342813157
-2.688508807107597
-14.078042788774727
-2.7231957144639147
1.0639469701168034
1.0077431622584796
1.000387230772517
1.000387230772517
-4.612384190732925
1.3784520978199073
0.722698593645854
-0.2280338282541159
-4.650621570782336
1.000387230772517
-0.11491100892879058
1.000387230772517
-0.03420864463404638
1.000387230772517
1.000387230772517
1.000387230772517
1.000387230772517
1.000387230772517
1.000387230772517
1.4697927771995238
0.6815092335511451
0.2314525907520848
-0.0070763695507007895
0.507820404082516
0.6326639175648149
1.0002366486122467
-1.4161035808020794
1.000387230772517
1.0002366486122467
1.000387230772517
0.7130500297464666
1.000387230772517
-0.6172076319787188
-0.9728370334690668
1.000387230772517
0.01601300921408222
1.000387230772517
1.000387230772517
1.000387230772517
-5.336133778036972
1.000387230772517
-1.1114444244295139
1.000387230772517
1.9098908622784523
1.000387230772517
-1.0881686727029964
-0.5848514313884969
-6.0538982693660675
1.000387230772517
1.000387230772517
-1.3189170093965301
-1.1571933759110915
-24.8252100274051
1.000387230772517
0.9563874321084191
1.000387230772517
0.9917965832464556
0.8399201388912033
0.6820504662861153
0.6915645282177685
0.753767588550514
-0.6413663524092872
0.07628365623840272
1.000387230772517
-0.7333745967482526
-7.56901618179463
0.46461514095856593
0.10938720265226687
1.000387230772517
1.000387230772517
1.000387230772517
1.000387230772517
-2.482226537617368
-4.201173347022426
1.058651877030463
-7.761512997896004
0.2591412964380536
-0.9293014353676394
1.1766911371717759
0.021195639510901754
0.7729777147501529
0.6447217245434751
0.09124206390103051
0.5650094902539426
1.3780452715511888
1.000387230772517
0.5714227003163519
-0.3465521958288118
0.7729777147501529
0.2897696367746976
1.3038648625944367
1.000387230772517
1.185208485897155
-1.3074092734154403
0.6143538006273843
0.8392893210814774
1.000387230772517
-9.806869347157061
1.2916212162620213
1.000387230772517
0.9822055007553114
1.000387230772517
1.000387230772517
-1.067140028733324
1.2519112695604033
-1.2707353513882622
0.6164479878816673
1.000387230772517
0.10925993251428678
0.3231671502848623
1.000387230772517
-1.065866138099398
1.000387230772517
-0.3974216622323046
1.000387230772517
-1.1840920462166644
0.6696920884569177
1.1624521603993436
0.8838794572226412
1.3393368021434504
1.000387230772517
0.725636696802217
1.000387230772517
0.7028320707720551
1.000387230772517
0.06085413107915827
0.7703923696393238
1.000387230772517
1.000387230772517
1.1746854095810526
1.000387230772517
0.9602704578021886
-0.06939838387923691
-1.2710921611325126
1.000387230772517
-5.652253001911143
1.000387230772517
1.000387230772517
1.1764946998527042
1.0968014953436953
1.000387230772517
0.33099552919555986
1.000387230772517
1.000387230772517
0.3618511923494736
1.000387230772517
0.9307081409939923
0.7001142768760303
1.000387230772517
1.3780452715511888
0.7729777147501529
-0.14941821026287538
-1.9235674328531114
-0.4428537094248757
1.000387230772517
1.1544380596393777
1.000387230772517
0.9602704578021886
0.23841803398273287
-1.249927839268167
0.6458407651417741
1.1124292191982195
1.028518122520814
-7.390380836064894
-0.21492780173162895
1.1245226483231678
-0.3520568719191015
1.000387230772517
1.0933752946050008
0.6669021390861286
-1.398256299340345
1.2968070264605234
-0.19756056974322478
-0.8848438793541231
-0.968140991977759
0.7390714464314672
1.0437367999667508
1.1625219150921589
0.43955783269520277
-1.2493164428932104
1.000387230772517
1.129998843070402
1.6222321183496127
-0.5166958920563958
1.000387230772517
-2.5453315875164297
0.9602704578021886
0.8722468715856455
1.000387230772517
0.5867625748554147
-0.5057302183174743
-3.955791743565586
-5.671115050535494
-0.08155165527272068
-6.7746599911138805
1.101768304242586
1.092773070620819
-0.667961320215207
0.266686507950853
-4.2087437275596145
0.20805685934327822
-0.18872652389444444
0.6852415560990899
0.5086775361914002
0.6647684125509935
0.8583943824901503
0.9602704578021886
1.000387230772517
-0.4673408406946351
1.000387230772517
1.000387230772517
-1.0615646580008415
0.2996055395952668
0.8420417479781421
-1.1784738839502316
-0.8818344237211109
0.5798786068149455
0.609071860616557
-1.366121926521553
-0.5934691870314712
0.9691166082409826
0.07572340300404812
1.037802290388286
1.2968070264605234
0.8892600276691025
-0.7167324246521911
0.8313295888293907
0.8926949377570488
0.18935964561697538
0.318651579923395
0.2766690229268024
-0.19960117890785023
-3.9860795110578793
-2.2848821278352847
-3.730394929843039
-1.534293030011919
-0.9545596834739183
-4.578774825485814
1.2744074900019864
1.000387230772517
1.0002366486122467
-0.09423065369372874
1.000387230772517
0.732860941779816
0.5366763868811847
0.8300379891898918
1.000387230772517
0.17844816297868515
0.40989952999573553
-0.18779482351528864
0.8753939101064132
0.6629820780725986
-10.354782043470387
-2.109404698656377
0.8774237253382083
1.0002366486122467
1.000387230772517
-2.3639591067847068
1.0787772734963124
0.4883656025484009
0.22762919709914975
1.000387230772517
-2.697452419421736
-1.1913216695413795
0.6518419131033346
-3.8828525297483565
0.7102317520615311
1.4009349686789982
-1.1254690026286474
1.000387230772517
1.000387230772517
1.000387230772517
-0.5663133107527245
0.7364530504685731
-1.7125989409668576
0.7729777147501529
0.9917965832464556
0.5930535151507581
1.000387230772517
-0.541041251121199
0.29903108370995035
1.000387230772517
1.000387230772517
0.7988981450773814
1.1103684003982244
1.000387230772517
1.000387230772517
-0.30415180558273036
-0.03744102237135816
-2.612053034246365
-0.9236015692383253
-0.19837521812383652
1.000387230772517
-4.371129827959132
0.5714227003163519
1.000387230772517
-2.5556803794023497
1.000387230772517
1.000387230772517
-1.4448081481583732
0.7726993470173473
-1.8521470593289227
-0.20560183241523622
0.5265295002012418
-2.4423660814776027
0.9316438737447245
1.2993982008488758
1.0002366486122467
0.1394763404489272
1.000387230772517
-0.28420196053538094
1.7263222971992296
-2.046342292520783
1.000387230772517
1.000387230772517
-1.2364789284251159
1.000387230772517
0.9176910804688186
1.000387230772517
0.5640789645590152
0.2503090364323701
0.5831043788054158
0.9602704578021886
1.1333367726981307
-1.8148722140951352
-3.5455039740714303
1.000387230772517
1.000387230772517
-2.3131985575980143
-0.5158543011352188
0.43867285675348755
0.968160308158828
1.028518122520814
0.6070158242558822
0.92621360732323
0.9290741447952289
1.0002346645315279
-8.702416904612418
1.000387230772517
-1.6512934797791412
0.09334953438352733
1.000387230772517
-1.9903987306207953
-0.9900503331188286
1.000387230772517
1.000387230772517
0.6385562625602725
-0.3814991961511245
1.0986228078354938
1.000387230772517
-1.3761274599633646
0.5640789645590152
0.9307081409939923
0.8661349831281621
1.000387230772517
1.000387230772517
-3.17686563370215
0.524989365178624
1.000387230772517
0.848767481286842
1.000387230772517
0.9602704578021886
0.45111699981459497
1.000387230772517
1.000387230772517
0.5397121592716294
1.000387230772517
0.9738482620314977
1.168457665793449
0.9272005964981547
-0.07322808879937304
0.9602704578021886
0.012065369819791005
1.000387230772517
0.7729777147501529
0.30468351971674923
0.5801217869594479
0.9602704578021886
-0.6375612860354798
-1.111162221563371
0.9307081409939923
-1.7843159684817622
0.8949258714066457
-4.29804959487123
-0.45843296067093675
1.000387230772517
-9.602762451155613
1.0000840823712567
-0.5972382875768334
1.000387230772517
-1.0073185219521394
0.7729777147501529
1.000387230772517
0.6368127435468622
-1.3008887901476944
0.5992853534397369
0.7729777147501529
1.000387230772517
0.1536247065815708
-0.13905728689429697
0.9602704578021886
-0.32216348772861103
0.5987171445340775
1.1754536947000496
-2.176337841235461
0.7993114641259096
0.5153940953550513
-1.600518259764295
0.8373171474683145
1.139596907978604
0.38411000126626105
0.732860941779816
0.9239876355214569
0.9602704578021886
1.0364891557620104
0.2190241422560546
1.000387230772517
0.6341735015631388
0.5715987997022862
0.9163380837342867
-3.870289882541408
-8.863110136848006
1.5414710537648444
-0.6864998222640937
1.338335324849581
1.360863976499066
1.000387230772517
-0.7561759873211722
0.6489199445444567
1.149640131616521
1.0002580133099652
-0.3899918294825593
1.000387230772517
-1.2010708661506246
0.5271678300246871
-1.5946084240307048
0.7729777147501529
1.000387230772517
1.1125367288709724
1.000387230772517
1.000387230772517
0.15547200430392016
-0.638761064738194
-2.1017942189846703
0.2915997160314798
1.000387230772517
-0.6933900858743463
0.24056675746557543
1.000387230772517
1.000387230772517
1.000387230772517
1.000387230772517
1.000387230772517
-1.3965378061359455
1.000387230772517
1.000387230772517
1.000387230772517
0.8708745026584536
1.000387230772517
1.000387230772517
1.0962611539120322
-1.0960163833832897
1.000387230772517
-0.058628319103036564
1.000387230772517
-0.15267868414603125
0.544678678928821
1.000387230772517
0.5455681987277886
1.000387230772517
1.000387230772517
-0.4511644312307339
-3.64057451699048
-3.8876818314360775
-2.3616950995092627
1.000387230772517
-0.6392918732196697
0.06752102772856605
0.26091062574738877
-6.215548311053565
0.9602704578021886
-1.7982633447310747
1.3040154447547077
0.6489199445444567
1.000387230772517
-5.473301436346329
1.000387230772517
0.9664285390018394
-1.2328624055885862
0.8380735810531847
-0.8114681398282078
0.43499992674859334
-11.783991145767864
-4.614634857896139
-1.1008036483475174
1.000387230772517
0.8105138948277798
0.2659722146049812
-1.7583880623728056
-1.048018620801574
0.6719589260017054
-0.7042236042483039
0.8738033300254999
0.9602704578021886
-1.417035072436637
1.000387230772517
1.3478666377586102
-1.5687009210558083
-2.1884403354680155
1.000387230772517
1.000387230772517
-3.94629926697687
-2.098371367436194
-10.825694524580067
-2.8868764806606815
-2.230471848833926
-1.093080233445884
-5.120649369205353
-7.796661054478726
-1.0033657391437099
-9.91724780706842
-7.477329761579567
0.9307081409939923
-9.184369553951962
0.17904292125660592
-0.41139717649623075
-1.11520910413797
-18.768037947107423
0.03723450497572445
0.15187471449461465
1.327906190272975
0.3699336146212163
0.9639792960406052
-8.054545927350345
0.9602704578021886
0.9139631754833496
-2.1688271018415155
0.7738619863754355
-0.5731011782452
0.9602704578021886
-5.4424136068915665
-6.6138690380079606
-2.673305889389065
0.9602704578021886
-0.6633523078557935
-0.8489264294304633
1.0829293889244271
1.000387230772517
0.48525765147759903
0.7729777147501529
-1.899581604407277
0.3894485648607482
0.9061301961115641
1.000387230772517
1.000387230772517
-2.3374533540905764
1.1870111637116605
1.000387230772517
1.000387230772517
1.000387230772517
0.9227356664733706
0.11023883704603366
1.000387230772517
1.000387230772517
1.000387230772517
-3.019256331868434
0.10620933725616011
1.3109424448175326
1.000387230772517
-2.1320245659335897
1.000387230772517
1.000387230772517
1.000387230772517
-0.5205979166663246
-3.2109631380003028
1.161759203453811
0.7471762855718256
0.509644795107678
1.1764946998527042
1.0002366486122467
0.5313059273460219
1.000387230772517
0.8884711150588466
-1.7082893550210603
0.4755677750336216
-1.9069134517305941
0.18170851059315174
1.000387230772517
0.6622503950028842
0.07934604815996527
1.000387230772517
0.7729777147501529
1.000387230772517
0.8028315783001136
0.6507163918119097
1.000387230772517
-0.08418187242759023
1.000387230772517
1.000387230772517
0.7485353576654565
-4.701866156146632
0.36081934139688365
1.000387230772517
1.000387230772517
0.9602704578021886
1.000387230772517
-3.3557787826433105
0.7429434818660581
0.3281812490173852
0.9602704578021886
0.6198846461793109
1.0500311134311993
0.4849986450271846
0.6363069942231561
1.000387230772517
1.000387230772517
-1.850102614108955
-0.18312411983157273
1.1764946998527042
-0.4624168990144679
0.46486809858752753
1.0699178182000793
0.2177394982925327
-1.1059824095083726
0.09375911818339355
1.234336354976183
0.7146196917365022
1.7671680752998782
-1.2540759368884866
1.000387230772517
1.5119685112806138
1.000387230772517
-2.684965087797429
1.000387230772517
0.4117545733855399
0.9107098230247441
-0.22150446103865917
-1.3541324123949128
0.9201536848318601
-6.144680569926253
-3.184746114266137
-2.335726875605576
-4.435442298152239
1.000387230772517
1.040203495858338
1.000387230772517
0.5526689619664784
-1.0612535486565622
-0.03736274075189594
1.2735818433861041
1.000387230772517
1.3783015156596365
0.9605380504358024
1.000387230772517
1.000387230772517
-1.014554218316309
1.0640361072724476
0.06619014910081056
0.8474048958076462
0.986793418909744
-0.9995817804554892
0.879388677447797
0.9602704578021886
1.000387230772517
0.7288768500954936
1.000387230772517
0.41076080428831463
0.24413371966605213
0.34308276451251374
-2.7579954045554422
0.8086473416866268
0.42461050985650983
0.688540142749499
1.088565876801802
-2.025400257917499
-0.89120074611219
1.000387230772517
1.3780452715511888
1.000387230772517
1.1363779268823713
1.4553543040166594
0.7408348050492551
1.000387230772517
1.000387230772517
0.24209284100758977
-0.5571084390948164
1.000387230772517
1.000387230772517
0.8610290512154677
-0.4785291511594705
-0.31140224725070476
0.4556095255247259
0.8800369118614966
0.4996472251669982
-0.339692940733769
1.000387230772517
-2.140683181763713
1.000387230772517
-0.725238688812684
0.9006587579143543
-6.126173121221022
1.000387230772517
0.9602704578021886
0.5812378256642627
1.0933322221174837
1.000387230772517
0.7279983781486215
1.0144527370515912
0.9290741447952289
0.7311009242435675
-1.6817315973603657
-0.4577356009910747
1.3038648625944367
0.9176910804688186
0.1480637702989831
1.000387230772517
-6.806423625898809
-1.2783592143887956
-2.973377136186724
0.33951512488202595
0.5639179303357716
-2.016590096033362
0.725636696802217
0.9664809624538312
1.5065583356760563
-3.248503271717857
-0.9714910277012596
2.0280023595927137
-4.35287829401185
-0.5934290941473188
0.7725487648570766
-3.5374844529384073
0.9730204164529748
0.882303741232416
1.000387230772517
1.000387230772517
1.000387230772517
1.000387230772517
-6.131555200210897
-0.7999045151392759
1.000387230772517
1.0002366486122467
0.667943910827522
1.000387230772517
-0.5678830414943281
0.8425333485142358
-0.3034307220878425
1.519023492007841
0.17013717995726507
0.7071627834871854
-0.41366833275533565
-2.0128055737431203
0.05134779230319808
1.6210383123369214
-6.412274518327681
0.35670652773793465
-1.9092198445449458
1.161759203453811
0.9396433286242454
-0.8365666574640398
-9.383194316057512
1.0002346645315279
0.9232262395064608
1.1332619640170756
-0.06706987053065605
0.24684559672813577
-1.2451613781488455
0.8658566153953569
-13.064902724983263
0.9602704578021886
0.7655388422590738
1.000387230772517
-1.7669727068766203
1.000387230772517
1.1804655597056728
1.2485325434371253
1.5952494302442117
1.000387230772517
1.000387230772517
1.000387230772517
-0.017095476226814288
-0.5002294442742434
1.000387230772517
0.7328178692923015
1.000387230772517
1.000387230772517
1.1363779268823713
1.000387230772517
-0.18824101207316835
1.000387230772517
1.000387230772517
-0.5640201115883028
1.000387230772517
0.6827952292618695
-2.8711704322194294
1.000387230772517
1.000387230772517
1.000387230772517
0.9139631754833496
0.49686077823139463
-0.16754548666655644
1.000387230772517
1.000387230772517
0.024869907977962513
-7.12275218343229
-7.312326334372848
1.3783015156596365
0.9602704578021886
0.5455681987277886
1.000387230772517
1.3777669038183835
1.000387230772517
1.000387230772517
1.000387230772517
-2.5304440835027533
-8.569766603226514
0.9599692934816474
1.000387230772517
0.9602704578021886
1.000387230772517
1.6483848479503438
-1.0158531023330437
-1.8568478021353831
0.49698233821832527
1.000387230772517
1.000387230772517
1.000387230772517
1.2891578920488138
1.0003441582849997
-1.6563908852673115
-0.31833034282816963
1.000387230772517
1.3309111982272412
0.9664285390018394
1.000387230772517
1.000387230772517
1.000387230772517
-1.0000947541017902
-0.18779482351528864
