-1.2203944472062107
-1.3788153263637133
-0.9999316991996354
-1.0820394079426656
-0.9999316991996354
-1.0530082339171607
0.08625481665173096
0.5610695914645765
-1.1447679169466436
1.4906302210193123
-0.9999316991996354
-0.9999316991996354
-0.9999316991996354
-0.7427323874333555
-0.9999316991996354
-0.9999316991996354
-1.0000558579507657
-0.29575881914438484
-0.5667454443819011
-0.8217987281416821
-1.3245098358788354
-1.2995211646942386
-1.048770600116939
-0.9031234840025804
-0.8469556949140961
-0.9995469918974857
-0.26065932256146085
-0.9999316991996354
2.8088466039687434
1.0985722653889958
-1.087320142805238
-1.3107750484376584
-1.2206244037266456
-0.13609413952931004
-0.9999316991996354
-0.9999316991996354
-0.9999316991996354
-1.157388013104088
-0.9999316991996354
-0.785226135977297
-0.6248398191562325
-0.9353601166329455
-0.9999316991996354
-0.3463595243353229
5.011528679998062
-1.2887346367695423
-0.839475451384142
2.3868156785799837
-0.9995469918974857
-0.9999316991996354
-1.347239278248024
-0.9282114913397589
-0.9999316991996354
-0.9999316991996354
-0.7964909726084519
-0.202085385354976
-0.9999316991996354
-0.9999316991996354
-0.9999316991996354
-0.9999316991996354
-0.9999316991996354
-0.9999316991996354
-0.9999316991996354
-0.9999316991996354
-0.9999316991996354
-0.9999316991996354
-0.9999316991996354
-1.0065623710515301
-0.36945033727935006
-1.105854400812754
-0.9221152492912594
-0.9999316991996354
-0.9999316991996354
-0.9999316991996354
-0.8089386849196658
-0.9274778330480239
1.4054682295419043
-0.9995469918974857
-0.7005098349801617
-0.9999316991996354
-0.9999316991996354
-0.9999316991996354
-1.0581434070502456
-1.0877043893838776
-0.32724749498412
-0.8358186973453108
-0.8457021997846143
-1.3097042147810758
-1.1050849862084555
1.847878754985863
-1.0943789042976078
0.19814460618380525
-0.9999316991996354
-0.9999316991996354
-0.5898807956182975
-0.9349754093307949
-0.9999316991996354
-0.9999316991996354
-0.9999316991996354
-0.9999316991996354
0.19230891077154477
-0.938950300736161
-1.0237651106666354
-0.9999316991996354
-0.9999316991996354
-0.5390807117247689
-0.9999316991996354
-0.9991286840866531
-0.9999316991996354
-0.3920062766953043
-0.9999316991996354
-0.9999316991996354
-1.6453554853346444
-0.9999316991996354
-0.9991622845953361
-1.2481159916088038
-0.9353601166329455
-0.9999316991996354
-0.9999316991996354
-0.9999316991996354
-0.9999316991996354
-0.2602342516074503
-0.7688081993348381
-0.9995469918974857
-1.5729686222927404
-0.9999316991996354
-0.9748321032772789
-0.9999316991996354
-1.1309037021127235
-0.9999316991996354
-1.0014738155158323
-0.9999316991996354
-0.9999316991996354
-0.9999316991996354
-0.9999316991996354
-0.8936654600462259
-0.9999316991996354
-0.9999316991996354
-1.006190717900804
-0.5226773281759649
-0.9999316991996354
-0.9999316991996354
-0.13688370876876932
-0.9014474520024296
-1.193094143082402
-1.5794190308479352
-0.9999316991996354
-0.9999316991996354
-0.9999316991996354
-0.9999316991996354
-0.9999316991996354
-0.4444266679045601
1.1348646120948571
-0.38921830920477063
-0.6633322504487774
-0.8940501673483776
-0.8923362337298263
-0.3919756691248347
-0.9999316991996354
-1.0065623710515301
-0.9999316991996354
-0.8260524211965887
-0.6132879383915044
-1.078823259392766
-1.1379350048126893
0.6679833643266495
-0.9991622845953361
-1.2218100911634129
0.5878969415325119
-0.9999316991996354
-0.9755786770510799
-0.9761578760914079
-0.9999316991996354
-0.9995469918974857
-0.8135241184115706
-0.9999316991996354
-0.5785763638633631
-1.000420108368502
-0.9999316991996354
-0.5272983451798976
-1.459724991321766
-1.0817764416456839
-1.0556991070959578
-0.9999316991996354
-0.3937020630198451
-1.6693644235412923
-0.8137563075054663
-1.1783268532919637
1.3240697724204316
-0.2746227410568093
-0.3085067949421829
0.5866784384540782
-0.9999316991996354
-1.0505201147298637
-0.9999316991996354
-0.9995469918974857
-1.0308480271327949
-0.9999316991996354
-0.9999316991996354
0.6161735535846355
-0.8259884671250104
0.15437729284477864
-1.0455830708120428
-0.8611814025797533
-1.2003465589438596
-0.025524245084556973
1.233983185583505
-0.9995469918974857
-1.1578274771012163
-0.9999316991996354
0.28961212355582044
-1.1573476494522215
-0.9999316991996354
-0.8940501673483776
-1.2238559699025746
0.12503100645465692
-0.9999316991996354
-0.43701063475419977
3.134274997833665
-0.9999316991996354
-0.8043053701387929
7.30783398392488
-0.8345803982403004
-0.9999316991996354
-1.193094143082402
-1.211433564885584
-1.3692867098541524
-0.9999316991996354
-0.9999316991996354
-1.34347484562885
-0.49244638303421107
0.4309093289596604
-1.3239743045846226
-0.9813310793798865
1.0000259993549367
-0.9999316991996354
-0.25004053366647017
-0.9999316991996354
-0.9999316991996354
-0.7900311582361503
-0.9999316991996354
-0.9999316991996354
-0.9999316991996354
-0.9999316991996354
-0.9999316991996354
-0.9999316991996354
-0.9999316991996354
-0.9999316991996354
-0.9999316991996354
-0.9999316991996354
-0.9999316991996354
-0.9999316991996354
1.5942223449398003
-0.9999316991996354
-0.9995469918974857
2.1449251901221604
0.8619676185663385
-1.0892096128582611
0.5840623032043513
-0.9999316991996354
0.02817233989464607
-0.6670784753918314
1.4258278141076561
0.12433283602542367
-0.9999316991996354
-0.5624226843381485
-0.9999316991996354
-0.9999316991996354
-0.9999316991996354
-1.0423271496830293
-0.9999316991996354
-0.7881686354971199
-0.9866153726450675
-0.2629458159765534
2.54369706743681
-1.4252156759559043
0.8303615069755848
-0.9999316991996354
-1.0006246696791792
1.7533761710996882
-0.9999316991996354
-0.9999316991996354
-1.1844059879653093
-1.0137786057016904
0.6838556734174397
-1.01055791289984
-0.6044760197106386
10.397455704103768
2.5959732919493614
-0.6032721297243031
2.898970535559351
0.9619940378843514
-0.9991622845953361
-0.9999316991996354
-0.6696771815458097
-0.4169649900869433
-1.2138598653490207
0.009108900799056352
-0.3457432800638076
-0.8628243182753588
-1.0808941703259436
-0.9999316991996354
-0.08538932178117487
-0.9999316991996354
-0.9999316991996354
-0.9999316991996354
-0.9999316991996354
-0.9999316991996354
-0.10392179889970332
-0.9226587942209841
-0.9999316991996354
-1.3441817698602376
-1.1185275455368215
-0.9999316991996354
-0.24482716360645373
0.7385849237281021
1.0660332403212707
-0.7363275959459815
-0.8802841698712084
-0.9548276782488683
-0.9999316991996354
-0.9999316991996354
-1.0382583302960975
3.139485408335198
-0.9999316991996354
-1.1460211408207919
6.526647702128026
-0.9954270342229777
-0.9171319308431514
-0.7477240095323823
-0.8447911103231904
-0.354791175374787
-0.9441450090769317
2.2450794485008396
-0.996952826172419
-0.9807165976853391
-1.964379160431581
-0.6858504235543997
-0.5746463849238086
0.9368319510022363
1.4370725514939788
-0.9999316991996354
-0.9999316991996354
2.9670546867775895
-0.6410969533378044
3.2105355524236865
2.440575864290274
-1.0116838802334591
1.432137299894092
0.19720525966597147
-0.9999316991996354
-0.9999316991996354
-0.9999316991996354
-0.8940501673483776
-0.9999316991996354
0.5040605329726093
1.976198071368261
-0.9999316991996354
-0.9999316991996354
-0.6395653236688355
-0.9999316991996354
0.11753236646649401
-0.8750798322531419
-0.3274779849877809
3.0021635745742037
-0.38169872278469585
-0.9999720628515014
-0.9999864548100664
-0.9999316991996354
-0.9995469918974857
1.8681608262727865
-0.746710377720961
-0.028722861530267707
-0.48209742884354423
-1.800508635058724
-0.9267388915236168
-1.0000154942989001
-0.9999316991996354
7.623775127762988
-0.26435373702881493
-3.0627211435630484
2.8241673364747566
-1.0313757018008656
-0.9999316991996354
0.5995427208452901
-0.7230001127565837
-0.33450439329182524
-1.002631224529875
-0.4083551208992905
-0.9995469918974857
0.45090265803062257
-0.8940905310002443
2.1832499162357744
0.3239856542528452
-0.10632846388726969
-0.9999316991996354
-0.8940501673483776
-0.804450818742114
-0.894019066374284
-0.9999316991996354
-1.4057158952550888
-0.5957130378421867
-0.4040231206083382
-0.43165081466626976
-1.0745272518918976
-0.9369022329491424
-0.9999316991996354
-0.9999316991996354
-1.0068045261240988
-0.9999720628515014
1.0205561623181383
0.5465817306195679
3.4654210808297936
-0.9999316991996354
-0.8940501673483776
-1.290917349442291
-0.3062563223120356
-0.8383472723249389
-0.9999316991996354
-0.9290323950443613
-0.26100366621174664
-0.9999316991996354
-0.5398342047940885
-1.2296040370407582
-0.9999316991996354
-0.9999316991996354
-0.2625457825279436
-1.0149773142921903
-0.9995824567212266
-1.3822004679065407
-0.9999316991996354
-1.1380622538271283
0.21016806950898204
-0.9999316991996354
-0.9999316991996354
-1.2200097399040557
-0.6663090607875228
-0.9995469918974857
-0.9999316991996354
-0.9999316991996354
0.515831151243733
-0.9272915660327595
0.5683422342212754
-1.0000154942989001
-1.0885896513093047
-0.9999316991996354
1.0000553680547537
1.434836074104375
-0.9999316991996354
-0.049078831583447724
-0.8027420626296802
-0.9999316991996354
2.0375052068553803
-0.9999316991996354
-0.9999316991996354
-0.4608269928273566
-1.0585146900644564
-0.9999316991996354
-0.9999316991996354
-0.9999316991996354
-0.9999316991996354
-0.9999316991996354
-0.9999316991996354
-0.9999316991996354
1.4539748098977368
-0.9999316991996354
-0.8311009266169551
-0.9995469918974857
-0.9999316991996354
-0.7291078535729969
-1.0057929564472305
-0.8701165419349877
-0.9999316991996354
-0.8412783455023318
-1.0880594396972716
-0.8454117229832749
-2.7190875870905744
2.4700664190964083
-0.7375890350293133
-1.0014738155158323
-1.659315681036741
-0.9999316991996354
-0.9999316991996354
-1.0510814102988195
-0.14739859556713597
-1.1684344796129627
0.11593286812904613
-1.0237247470147692
-0.9800709317726485
-1.1144445327614771
-0.9577465319527263
-1.0287018264847332
1.5049385329575296
-0.9193242103450023
-0.9999316991996354
-0.9999316991996354
0.285922026678884
-0.9995469918974857
-0.8236340792086942
-0.9999316991996354
-0.9408864534151489
-0.8009705210787672
-0.8940501673483776
-0.9999316991996354
-0.9999316991996354
-1.0244648597443717
-1.0631494253717373
-0.9999316991996354
-0.3771036267560305
-0.9999316991996354
-0.8528189839953191
-0.9999316991996354
-1.0884505806863205
2.4408234164478664
-0.7449173625984395
-0.9999316991996354
-0.9999316991996354
-0.9999316991996354
-0.9999316991996354
-0.3524235661514413
0.8253360141661861
-0.6572339886429526
-0.9999316991996354
-1.2827016261293445
-0.9999316991996354
-0.9999316991996354
-0.9999316991996354
-0.9999316991996354
-0.8223299594885012
0.40178700551809876
-0.9999316991996354
-1.6837636817971435
-0.6953325144622549
-0.6453552019828976
-1.666268302928665
0.7772418336298887
4.693900832466091
-0.9999316991996354
-1.0000124265033672
-1.006615788854821
-0.9999720628515014
-0.7890531719741055
-0.8318877908136055
-0.9999316991996354
0.931442277207355
-1.2820619064368861
-0.9999316991996354
-0.9999720628515014
-0.15512213436048883
-0.5990958289597367
-1.2450268628354229
-1.0128083356012747
-0.9999316991996354
-0.9866153726450675
-1.0872126112311442
-1.1923650921299542
-0.5434998014381612
-0.6768357492251353
1.3629642742109322
-0.24364608610525496
-0.32105801210394935
4.854686017722779
-0.42554289658235833
-0.9999316991996354
-0.9096572582559168
-1.1573165484781283
-0.952909731095323
0.33481063902531205
-0.3022951654753192
-1.022280047366903
3.285940883671624
1.1635554358950804
-1.0585146900644564
-1.1378802492022582
-1.2061229297773093
-0.9999316991996354
2.1235936700884634
-0.9999316991996354
-0.9539333841188815
-0.9999316991996354
0.2602925990919336
-0.9995469918974857
-0.9999316991996354
-0.16674610524133593
0.7395401378285678
-0.9999316991996354
-1.1379206128541244
-0.9999316991996354
-0.8425147605864893
-0.7978587010572173
-0.9999316991996354
-0.9999316991996354
-1.0267982638344697
-1.193094143082402
-0.9999316991996354
-0.6067990807560624
0.7991602184538094
-1.1121552022928594
-1.3024240114622887
-0.9671063474317256
-1.0616209427459846
-0.5477979602206999
-0.9999316991996354
-1.0237247470147692
-0.8877071378312429
2.6339609971782396
-0.28061217189321264
-1.2270772271102113
1.1450970363810795
-0.9999316991996354
-0.9999316991996354
-0.9217717117509742
-0.9999316991996354
0.0972653548901079
-0.2397647039581583
-0.659211892709034
-0.7085729281549996
-0.80311352502513
-0.26100366621174664
-0.6453552019828976
-0.655121874415816
-0.5642238749423222
1.8906790350778138
0.9112836544983511
-0.4491443528694259
-1.0422211124963912
-0.9019782068282234
-0.9999316991996354
8.642806903178082
-0.8509495087433059
0.5323194034475331
1.673387430097163
0.020093910913345114
-0.9253607008204362
-0.9999316991996354
-0.7973592257799874
-0.6703769021853321
-1.0872529748830102
-0.8707885340662556
0.7636344973349418
-0.9999316991996354
-0.9999316991996354
-0.4800168318049032
-0.9999316991996354
-1.2244773125374515
-0.5187094750129543
-0.9999316991996354
2.9853256922537925
2.71022918166791
-0.9999316991996354
-0.9999316991996354
-1.0943881243815319
-0.9999316991996354
-0.8936654600462259
-1.1059379437500423
-0.9999316991996354
-1.031161178125506
-0.8809595189032083
-0.9999316991996354
-0.9999316991996354
-0.475388905521519
-0.9866153726450675
-0.9674173429346384
1.3159378840369544
-0.9988179409450526
-0.9999316991996354
-0.9999316991996354
-0.9999316991996354
-0.8564912834798823
-0.0304249863492857
-1.2423524939227921
-1.1385892697652895
-1.7980898936651644
-0.9999316991996354
-0.9995469918974857
-0.9999316991996354
-0.9991622845953361
-1.58604970269983
-1.2252208637584086
-0.8760516410664041
-1.096289963389513
-0.8072681878831591
-0.9995469918974857
-1.2685351109779717
-1.2986321373933642
-1.0637649494692476
-0.9517313377616843
-0.9999316991996354
-0.9995469918974857
-0.9999316991996354
-0.9999316991996354
-0.724990556218341
-0.9999316991996354
-1.5962266065133348
-0.8698249343082198
-0.10364582180200643
7.873591190176398
0.684643245226713
-0.5197023704413359
-0.9999316991996354
0.3397103328218314
-1.0026017578913204
-0.9999316991996354
-0.9999316991996354
-0.9999316991996354
0.11272363698013521
-0.3509502009453661
-0.8487737792876617
0.6843973162495716
-0.7345087618561632
1.6327222035291562
-0.5688284504932135
-0.1193623905530683
1.3361989949253112
-0.9645198942690844
-0.9999316991996354
1.042527325238752
-0.9999316991996354
-0.9999316991996354
-0.9999316991996354
-0.9999316991996354
-0.9999316991996354
-0.9999316991996354
-0.6401969698680205
-0.7977303295766858
-0.9999316991996354
-0.9999316991996354
-0.9999316991996354
-0.2511085214703005
2.0830854078976815
-1.3731304429176379
-0.3120395826650564
-1.0750804524434139
-0.9011734474664033
-1.4182795606871936
-1.1204720918334135
-0.9999316991996354
0.8908576216375563
-0.9999316991996354
-1.0363450997245298
-0.9999316991996354
-0.8940905310002443
-0.5630497885683763
-0.9999316991996354
0.12262238883995402
-0.9999316991996354
-0.9999316991996354
-1.167747361499232
-0.8588499523770707
0.17577133903871123
-0.7440315426164201
-0.9999316991996354
-1.0915267539976259
-1.023929104074777
-0.9999316991996354
-1.548631870557165
-0.9999316991996354
-0.9999316991996354
-0.9999316991996354
-1.1879613034457894
0.03925029964731608
-0.9799728425610523
-1.240931937013127
-0.9999316991996354
-0.9999316991996354
-0.9999316991996354
-0.7477240095323823
-0.9999316991996354
-0.769950637118283
-0.9999316991996354
-1.3689125331347824
-1.6538788568521952
-0.6410153883003246
-0.9999316991996354
1.3251890646691125
1.62141427950585
1.4978083474914083
-0.3317845062573157
-0.9999316991996354
-0.8925113381397591
-0.9999316991996354
-0.9823760685823806
-0.24413462444084488
0.8506592780130957
4.138383504627743
1.3362375283063803
-1.048765593979901
-0.6155485220395092
1.345066589783271
-0.014487057501396006
-0.3452027960008537
-0.4814664142183218
-0.9999316991996354
2.7147650178395937
-0.7063793300474219
-1.4305765489413942
1.3648931691976511
-0.9999316991996354
-0.7013866560319013
-0.4122426703274368
-1.2492058946290139
-0.9999316991996354
-0.9999720628515014
-0.9999316991996354
-0.9999316991996354
-0.9999316991996354
-0.8978238732489898
-0.9999316991996354
-0.11907624141372675
-0.9322198580510362
-1.0937897355066635
0.07385449617841955
3.382158028307857
-0.9995469918974857
-0.9999316991996354
-0.8940905310002443
-0.1954934404513723
0.05984736148524772
-1.0074839555996242
-0.35615964315138726
-0.9999316991996354
-0.9999316991996354
1.0474586119560347
0.32764669402360513
2.8837260971936756
-0.9995469918974857
3.6822901142764355
-1.4403563871541252
-0.9999316991996354
-0.3432988137458014
4.769507084340517
-0.9995469918974857
-1.0184942033159623
-0.7376518468139692
-0.9999316991996354
-0.22387024890501195
-0.6214660826510765
0.4931849026135249
-1.3722753274660873
-1.5009273817167457
-0.9999316991996354
-0.9533692466038761
-0.6660274420405987
-0.9999316991996354
-0.9999316991996354
-0.6510612545728423
-0.9999316991996354
-0.9999316991996354
-1.057104429654744
-0.3388196663931893
1.0046643172345238
2.335161352003275
-0.05746275516397936
-0.998102540031452
-0.12775135734274035
-0.9995469918974857
-0.8424929222901671
2.9063458758266565
5.2347761769897465
0.6944482394385316
-1.0164858576359415
-0.9761578760914079
-0.9999316991996354
-0.9999316991996354
1.2052865911540505
-0.8217583644898161
-0.5728726866101217
-0.9800489980987364
2.2536104701594653
-0.9999316991996354
0.5140527434825912
-0.9999316991996354
-0.5396584219714883
-0.9999316991996354
-0.9999316991996354
-0.9999316991996354
-0.9999316991996354
-0.9999316991996354
-0.9999316991996354
-1.0937152760418258
-0.18870010761956935
-0.9858082269890618
-0.6590539061534171
-0.559554724887718
-1.1686048902757877
-0.9999720628515014
1.3670518390653992
-0.9999316991996354
-0.9999720628515014
-0.9999316991996354
-1.0893098455123273
-0.9999316991996354
0.6858780346047022
0.42646803138614087
-0.9999316991996354
-1.8429293221638285
-0.9999316991996354
-0.9999316991996354
-0.9999316991996354
-2.561206343565256
-1.0230134626944092
-0.4869210592691742
-0.9999316991996354
-1.4784187938722282
-0.9999316991996354
-0.2176380444157907
-0.44834775731526577
4.77997018267604
-0.9999316991996354
-0.9999316991996354
-0.25244825095771684
-0.33107960090522026
8.210551173353748
-0.9999316991996354
-0.8242575645643795
-0.9999316991996354
-1.0653875169889198
-0.9983928699910367
-0.47315042979001065
-0.9393161043237823
-0.6011570435467477
-0.2910079283549495
-1.2943436955040197
-0.9999316991996354
0.6045844062278511
4.754107029737457
-0.7984985964579614
0.31861063056706995
-0.9999316991996354
-0.9999316991996354
-0.9999316991996354
-0.9999316991996354
1.9774757497410833
2.2899844213474783
-0.5240271535974568
5.248263740418237
-0.04041199851416222
0.05963357977871486
-1.085618463807008
-0.10063262384813076
-0.8940501673483776
0.85991500211525
-0.8940501673483776
-0.7091638751351126
-1.2270251190581052
-0.9999316991996354
-0.7717906543271015
0.9195303097246232
-0.9572678935204795
-0.19527795530842496
-1.0537973644072685
-0.9999316991996354
-1.0125010673937636
0.34368514540587847
-0.7334130122001226
-1.023798437678503
-0.9999316991996354
5.739219784043692
-1.1441201136140315
-0.9999316991996354
-0.8507988944496975
-0.9999316991996354
-0.9999316991996354
-1.6549081725494001
-0.7435572072792962
-0.5206965048187138
-0.7964732863240609
-0.9999316991996354
-0.38733276525722116
-0.6988460333356963
-0.9999316991996354
-0.19917059116632696
-0.9999316991996354
-0.7312966098494933
-0.9999316991996354
-0.07442499730193841
-0.921666172727019
-1.2157144926650518
-0.856450678281103
-0.9384858815282007
-0.9999316991996354
-0.6633322504487774
-0.9999316991996354
-0.9644118231163648
-0.9999316991996354
-0.9933653555760071
-0.7954513227850276
-1.0607791385336924
-0.9999316991996354
-1.1388977525754758
-0.9999316991996354
-0.9995469918974857
-1.6875437659532806
-0.6670473744177379
-0.9999316991996354
1.7736400160371655
-0.9999316991996354
-0.9999316991996354
-1.193094143082402
-1.082566616668883
-0.9999316991996354
-0.8362975341696411
-0.9999316991996354
-0.9999316991996354
-0.3710331718307813
-0.9999316991996354
-0.9353601166329455
-0.9671973847780392
-0.9999316991996354
-1.2203944472062107
-0.8940501673483776
0.4847744372337861
-1.1167667425634162
0.08462443615336035
-1.013677353048562
-1.3337871704849813
-0.9999316991996354
-0.9995469918974857
-0.9991622845953361
1.0810101053266095
-0.38865747721362254
-1.0560838143981135
-0.9999316991996354
4.480826970879528
-0.27015952875508975
-0.979905101956976
0.19111016538720316
-0.9999316991996354
-0.7907154997766677
-0.6666160798817942
1.962718163585466
-1.2835872161854622
-0.027998306102239745
0.8562827041247634
0.13823246195098848
-0.8741893999213907
-1.4844783875990004
-1.0528801969979977
-0.3046387353964173
-0.39776629718791023
-0.9999316991996354
-1.127577428916495
-1.3276842416886474
0.48448865146324294
-0.9999316991996354
3.0334417433039436
-0.9995469918974857
-1.1573335135761806
-0.9999316991996354
-0.8742811418464799
0.5435415862216244
3.6864277733037483
7.087176829980487
0.11177469619623848
0.8468948784809303
-0.9522787203979328
-1.1511455166524878
-1.2745417967265658
-0.051165399841598735
-0.3982353234432029
-1.200276363748347
0.047012525160166074
-0.6072446481231842
-0.6026694968384352
-0.5189159399689849
-1.226424593136356
-0.9995469918974857
-0.9999316991996354
-0.8009959712007837
-0.9999316991996354
-0.9999316991996354
1.0001284197195537
-0.5289416799926114
-0.9442925777831308
-1.576310678177426
-0.26937822371982656
-0.8089386849196658
-0.7013866560319013
0.9240092301674991
1.1782275773888615
-1.0533901736488682
-1.0505201147298637
-0.8826695301472169
-1.2061229297773093
-1.081125003580944
-0.6801103936204029
-1.3493378639644764
-1.0296008802913423
0.13863243587714624
-0.9999316991996354
-0.7363442209330406
0.1657547583171366
-1.0824388782772096
-1.24268270719709
4.430009915772797
0.6760561223438748
1.5910277749431982
2.399007244117529
-1.2792974796721657
-0.9999316991996354
-0.9999720628515014
-1.1210388520329353
-0.9999316991996354
-0.8936654600462259
-0.8537051805901366
-0.6242205069215484
-0.9999316991996354
-0.2418062790268547
-0.6633480313504594
-0.8491454324383839
-0.7397239942866348
-0.2927847492321408
6.125580084618449
0.8041047916509136
-0.9800132062129221
-1.03039578251853
-0.9999316991996354
-0.27221336559895737
-1.000261423651011
0.6575895749508158
-0.746645126894864
-0.9999316991996354
1.1679771611546383
-0.857474898800755
-0.8179704791177549
1.2569688901715612
-0.9580885454907835
-1.3943475919297228
-0.9758551676400045
-0.9999316991996354
-0.9999316991996354
-0.9999316991996354
-0.8976800717375626
-0.609203884250697
-0.1494847807688101
-0.8940501673483776
-1.0585146900644564
-1.2026857530112238
-0.9999316991996354
0.7008333890555969
-0.7759068950561266
-0.9999316991996354
-0.9999316991996354
-1.143506845809324
-1.1141685717046728
-0.9999316991996354
-0.9999316991996354
-1.600904343547811
-1.0006158007558361
0.4189631414146979
-1.088052822795557
-0.49841844579186856
-0.9999316991996354
4.864985492116357
-0.6453552019828976
-0.9999316991996354
1.2843854712183445
-0.9999316991996354
-0.9999316991996354
0.8369415558760682
-0.894133962447643
1.5556107055556738
-0.16352754466968888
-1.11141439325543
0.062042951009541936
-1.2615230733055436
-1.0744610981697333
-0.918517100097509
-0.21927382674466522
-0.9999316991996354
-0.4846025485325476
-0.24437134062360166
-0.907071012321531
-0.9999316991996354
-0.9999316991996354
-0.9082159532441749
-0.9999316991996354
-0.9803575498632107
-0.9999316991996354
-0.5990958289597367
-0.820597045280556
-0.7849047649669698
-0.9995469918974857
-0.680396441940579
0.3555676836425745
0.10110979132796594
-0.9999316991996354
-0.9999316991996354
-0.5788188894452463
0.21447529218839945
0.17646564027243716
-1.3985485105625788
-0.9999316991996354
-0.7181856291411155
-0.9797265881223629
-0.7352493277239911
-1.1357867645852333
10.495210414597077
-0.9999316991996354
-0.5912423677570191
0.34339484509690155
-0.9999316991996354
0.20721909208526434
-1.455628379205041
-0.9999316991996354
-0.9999316991996354
-0.5789524360741523
-1.034576137883754
-0.029613521200902104
-0.9999316991996354
-0.6851381856252099
-0.5990958289597367
-0.9353601166329455
-0.7316068482246397
-0.9999316991996354
-0.9999316991996354
0.0927764440533263
-0.8175777319571347
-0.9999316991996354
-1.3220056442971977
-0.9999316991996354
-0.9995469918974857
-1.0508297810916216
-0.9999316991996354
-0.9999316991996354
-0.3948365983118466
-0.9999316991996354
-1.0595534920885608
-0.49899747517204496
-1.335266988000987
-1.6698177574060393
-1.0092618963817694
-0.6454301118982431
-0.9999316991996354
-0.9171319308431514
0.1497316945063285
-0.5238787225406413
-0.9995469918974857
-0.49769398121845176
-0.8174254157024621
-0.9353601166329455
-0.6073949762914619
-1.0500191216316108
4.839148134311685
-0.3442764211107705
-0.9999316991996354
5.704196965666584
-1.0800365222192705
-1.3182185332814695
-0.9999316991996354
-0.09094325547346904
-0.8940501673483776
-0.9999316991996354
-1.1166669873041293
0.7265753303571938
-0.6168326541799063
-0.8940501673483776
-0.9999316991996354
1.4477451882445218
2.0286577634197194
-0.40340650508595943
-0.19160914720559452
-0.5585313981121002
-0.5940936448391125
-0.5138068758428429
-0.8295530485750884
-1.732052211919026
-0.23870772671011586
-1.0740728554717753
-0.9458134689309607
-0.12142601815977239
-0.8936654600462259
-0.9390521210889657
-1.0061776637493802
-0.914095247269956
-0.6079519565656857
-0.9999316991996354
-0.9616005788640476
-0.7969035128190021
-0.9935440922666424
0.640231486131744
5.603764718615027
-0.8764855899279492
1.084433394205721
-0.8213736571876658
-1.3444332558603158
-0.9999316991996354
-0.9520384952571217
-0.6875663959303866
-0.538185931493609
-0.9611368414423944
-0.9269849378230137
-0.9999316991996354
-0.9624532977789654
-0.7966531866261142
-0.6377865496320225
-0.8940501673483776
-0.9999316991996354
-0.98732514137113
-0.9999316991996354
-0.9999316991996354
-0.27347125046965237
-0.3094998260101324
1.1406613192225288
-0.950003265716605
-0.9999316991996354
-0.7051319796627384
-0.7711350424169556
-0.9999316991996354
-0.9999316991996354
-0.9999316991996354
-0.9999316991996354
-0.9999316991996354
0.3990149822829463
-0.9999316991996354
-0.9999316991996354
-0.9999316991996354
-0.8519553260551423
-0.9999316991996354
-0.9999316991996354
-1.1923247284781022
-0.14425898370471912
-0.9999316991996354
-0.6073407741528165
-0.9999316991996354
0.029808701138404947
-1.7187028917092224
-0.9999316991996354
-0.7881686354971199
-0.9999316991996354
-0.9999316991996354
-0.15771673255256013
2.3463324495468196
-0.9017249009719017
1.2688533506824606
-0.9999316991996354
0.10341706057040811
-0.165931262830172
-0.2298362993247317
2.724149934070404
-0.9995469918974857
0.5803418214006386
-1.105854400812754
-0.9900587081930399
-0.9999316991996354
1.758349275160007
-0.9999316991996354
-1.1075717058370138
-0.9595831068081557
-0.8751680893933441
0.6758590031107514
-0.0812358924720411
2.0388579505683877
0.3638922885098965
-0.3001733902672078
-1.0068045261240988
-0.8742897362324369
-0.17399112701602404
0.754900884540562
0.25651602918889127
-0.7551605023508043
0.09461342033490028
-0.9087989227366909
-0.9995469918974857
0.4535652966009138
-0.9999316991996354
-1.308849924552893
-1.2856506681148907
1.6094265974193591
-0.9999316991996354
-0.9999316991996354
0.09727455250983374
0.2979903778749875
6.907552657587224
4.006624084107924
1.6496070650938262
0.5162828039773928
-1.6743380585269514
4.798452040472457
1.90126718112156
4.801567659283599
2.3469752396195513
-0.9353601166329455
8.85225245873952
-0.4753902311573166
0.6688209435454466
0.6540352443756061
11.812887786164659
-0.37449246653988444
-0.15176049423717952
-0.5061290270676979
-0.7632620759612976
-0.7656291941073328
1.9845131590250682
-0.9667790265082685
-0.9221152492912594
0.8711142151162801
-0.7637141000501404
-0.3140557183563716
-0.9995469918974857
1.93104909818439
3.5846038268066494
-0.160834004537304
-0.9995469918974857
-1.0886626580936691
-0.7158457316644646
-0.8270170231581013
-0.9999316991996354
-0.24512177285630388
-0.8940501673483776
0.03024320621298693
-0.6997292351744653
-0.7035273742797985
-0.9999316991996354
-0.9999316991996354
-1.771412467829344
-1.1411666399084714
-0.9999316991996354
-0.9999316991996354
-0.9999316991996354
-0.635753559279205
0.03261523073137562
-0.9999316991996354
-0.9999316991996354
-0.9999316991996354
-0.3311904686471896
-0.15512213436048883
-1.5397073202381542
-0.9999316991996354
-1.2161846215711547
-0.9999316991996354
-0.9999316991996354
-0.9999316991996354
-1.147135165615442
1.5734898630207568
-1.1378802492022582
-0.5517403300719085
-0.7434981840092834
-1.193094143082402
-0.9999720628515014
-0.6449704946807435
-0.9999316991996354
-1.0976223553808666
0.38601851465608905
-0.1800564315722777
0.2039703572376066
-1.0594666958349104
-0.9999316991996354
-1.724265371311955
-0.09445702562712444
-0.9999316991996354
-0.8940501673483776
-0.9999316991996354
-1.2044076424202936
-0.5655503211833555
-0.9999316991996354
-0.1660245516815786
-0.9999316991996354
-0.9999316991996354
-0.8948268840593099
1.0709178107768504
-0.5372040573998276
-0.9999316991996354
-0.9999316991996354
-0.9995469918974857
-0.9999316991996354
-1.1403877836296605
-0.46633460249571734
-1.1820129647171784
-0.9306499231315793
-0.6414521145676233
-1.1596738293978304
-0.5675387520745216
-0.839475451384142
-1.0065623710515301
-0.9999316991996354
-0.15788420875285625
0.017143049181678638
-1.193094143082402
0.09792539222669583
-0.8966641865962193
-1.0214644304302387
-0.8826982095014099
-0.6828668917624402
-0.9348887389912662
-0.9854961281233603
-1.0619152357197508
-1.357235113505798
-0.7110736671083883
-0.9999316991996354
-1.288064155625528
-0.9999316991996354
0.12149754757460873
-0.9999316991996354
-0.29883713029943504
-0.2459016888018647
0.9038339552525971
-0.5407340195464004
-1.084044926817093
1.6048770244583899
2.4315720721935206
0.4950333910169493
1.3717019853184984
-0.9999316991996354
-0.9999864548100664
-0.9999316991996354
-0.36056160819221805
-0.9205267421400881
-0.16369671362133476
-0.8469690005887858
-0.9999316991996354
-0.8217987281416821
-0.9104354089870532
-0.9999316991996354
-0.9999316991996354
0.477682593271026
-1.0394791033706992
-0.15676001694396136
-0.9152049240730719
-1.2227906635963446
-0.9999005982255419
-1.4130354675732184
-0.9995469918974857
-0.9999316991996354
-0.6209884098010122
-0.9999316991996354
-0.30847729192411655
-0.9260555154431283
-0.46952601607456756
0.2514639987225482
-0.7577920912087583
-0.701017179394146
-0.6714887784210968
-1.161980119215408
0.8263482167578455
0.07800612742744084
-0.9999316991996354
-1.2203944472062107
-0.9999316991996354
-1.1927094357802466
-1.298577747602387
-0.809718153665747
-0.9999316991996354
-0.9999316991996354
-1.37259366666428
-0.23004423028798526
-0.9999316991996354
-0.9999316991996354
-0.8707885340662556
-0.6272689621458327
-1.3654674812418164
-0.4414914739182829
-0.9987775772931899
-0.29549063977968737
-1.487056828601654
-0.9999316991996354
0.1316049485525288
-0.9999316991996354
-0.5639945424729036
-1.3019623152813793
1.1011532546384843
-0.9999316991996354
-0.9995469918974857
-0.7212007482565621
-0.7777838805242541
-0.9999316991996354
-0.7191694702427622
-0.9154740324001562
-0.8178008603268421
-0.9691554342568194
1.1215043062071304
-0.0032556822237871375
-1.1058947644646202
-0.9803575498632107
-0.6812026748608866
-0.9999316991996354
-0.4522427592640702
1.059786721827974
-0.6032193125461092
-0.38590023898040093
-0.9111939051153937
-0.04440807379168832
-1.0155387901071746
-0.9800709317726485
-1.0857520327125783
2.73903925412505
0.5440388661909568
-1.7441178768541905
0.37823025483987593
-0.8087956442633091
-0.894174326099509
2.674510620639909
-1.0078524719615385
-0.3592046387434582
-0.9999316991996354
-0.9999316991996354
-0.9999316991996354
-0.9999316991996354
2.696836821470466
1.2269619020296558
-0.9999316991996354
-0.9999720628515014
-1.1412305412633341
-1.0068045261240988
-0.2768977879559159
-0.8337801445484541
0.4267473720626729
-1.3042692073306776
-0.39122172238004205
-1.0922150515795144
-0.1856631801551598
0.3867213294765586
-1.4574310661353258
-1.342756418469639
-3.9504750062368466
1.1901434772555788
-0.5779165871367078
-1.1378802492022582
-1.5781341754098597
-0.03175386560203386
1.1736711881184945
-1.079996158567404
-1.3111236957663484
-0.7907154997766677
0.3154192898090309
-0.4811186639936743
-1.0990623238883295
-0.7385634702483674
10.434648411082147
-0.9995469918974857
-0.08615131731036563
-0.9999316991996354
-0.4268339338160957
-0.9999316991996354
-1.1846115730968088
-1.0724180740617175
-1.2485006989109533
-0.9999316991996354
-0.9999316991996354
-0.9999316991996354
-0.3358211262461722
-0.26697513207173196
-0.9999316991996354
-0.8807338407938095
-0.9999316991996354
-0.9999316991996354
-1.199340107632141
-0.9999316991996354
-1.4371649923731669
-0.9999316991996354
-0.9999316991996354
-0.30447074673072405
-0.9999316991996354
-1.0443294433625507
-0.12764710412398794
-0.9999316991996354
-0.9999316991996354
-0.9999316991996354
-0.9221152492912594
-0.9162153170837833
-0.21931184815779103
-0.9999316991996354
-0.9999316991996354
-0.606383430388939
1.3979991806499232
2.6366404950807807
-0.8217987281416821
-0.9995469918974857
-0.7881686354971199
-0.9999316991996354
-1.2204782423054754
-0.9999316991996354
-0.9999316991996354
-0.9999316991996354
1.0323689536986647
3.423524769413402
-0.6766599856576223
-0.9999316991996354
-0.9995469918974857
-0.9999316991996354
-1.306724749793677
0.11040150912401336
2.0381543756549823
-0.818412613657629
-0.9999316991996354
-0.9999316991996354
-0.9999316991996354
-1.2517190453943785
-0.9870000799472217
0.15306888939232555
-1.006575425202955
-0.9999316991996354
-0.9535361265505946
-1.1075717058370138
-0.9999316991996354
-0.9999316991996354
-0.9999316991996354
-0.9999307108390754
-0.8425147605864893
