-2.6021118093746365
-9.91321341684769
0.42629179918586657
-5.046572280153804
-2.787836535733284
-8.29122235800683
-37.56258677097445
-1.5626583697018264
-0.484782566749296
1.180154866958699
-3.429473592540373
1.5425222612043732
-0.7652987691130084
-0.2220867696389517
-2.6579542104133496
2.190343452910459
0.2299978217208587
-1.1154003248018665
-0.614810164314413
0.3518852569807034
-11.736882550946017
3.7245105084484234
-0.8336106897796349
0.8137666834907265
-2.450947228714856
-7.4484319719842995
-43.12493716220488
-3.7363911484508296
-3.8282035954699287
-228.06810267583091
-20.67440670126561
0.2870595902239783
-0.6236289555975549
-0.8778547437906832
2.264245101400866
4.2044446977541785
-13.552395515849266
-1.2321371258405853
-0.6236069520895755
1.0952335215352427
-2.352367528609539
0.7361345137271771
0.5439439000025235
-7.7951939628271925
0.5476266189583331
-14.819128089913306
0.0463425528460748
6.187858391571887
-1.1066454309868838
0.8852498346692964
-3.9104911291503885
1.976498527595166
-0.5963846563021282
0.24283451674480938
-1.4612184522342306
-0.22271920619326901
-2.381416875388426
-7.010976874036126
-4.058181249278858
0.5442436830004533
8.817893898424371
-0.2534372627470953
-4.667006332332213
-39.84980598758163
-3.6793828556826975
-1.6051566541559126
0.40009478789601527
-0.5616485687032826
-0.08162769647112866
-6.845985887210548
-0.4567076372933343
1.3071555582941536
-2.9689080195718405
-2.26666875966679
0.5994172928546303
1.1534701855203382
-8.867721756853065
0.478862405618664
-4.038247114554372
-1.6225642496109742
-11.459012858999916
-3.2473829954051707
-9.376385650154106
-0.6989895507388701
-0.7193793945801432
-1.3151850694832934
0.08571094040134519
-0.7086603419658466
1.5775594068555263
-1.1599527691945335
-1.1213524290608876
1.5506944048478086
2.8998504906594653
-2.369917481506376
6.9858978531523945
0.854648827311842
-1.8009745101883383
1.0001475459457052
0.16282228855664183
-2.8064614857898285
-2.642451519418681
-32.668776901803895
9.149588365774903
1.00024069798812
1.00024069798812
5.3388423458411856
1.00024069798812
-2.695230036257278
0.5726984499158279
-0.9359496801842055
-0.25271724128092576
-60.22256300302762
-15.171702071924887
-0.9997959168665935
-3.162068239820017
0.3570209219554399
-1.2990521265870938
-4.326903524714646
1.4485984106189824
3.022263034131557
1.2193536193423116
0.3577275408913353
0.018287566683093726
-0.5265594842173129
-1.2589493401974714
-3.0261553734396163
-4.152584051600856
0.6177356075480748
-3.3030276910141483
-5.040248962286786
-4.245820129948571
-7.552840666034297
0.46364514373554455
-1.4744550546910085
-8.071507850218378
-2.0445338797885224
-7.508030256027644
-5.473233370465607
-5.386424751267077
-7.667911596729785
-4.869264559094596
-8.304657782175894
-7.274163870328532
2.9368812159671025
-4.974982124501434
-3.555114348422525
-8.071147995021182
-8.221194530835923
-2.215433333154799
-0.9998101312088576
0.5585480166324915
0.19469603556845294
1.2344136931632996
-1.120929211976311
-35.51829857061861
1.1989556098065246
1.6786749704039061
0.4263671553333178
-13.837664566975825
-2.89928087393148
1.6234014563519255
-1.6093008747547346
-0.5726325631618023
-39.25419901101873
-13.359576442245341
-12.304315169555643
0.49294802780878444
-10.654842483572203
10.831013495429705
-2.2356764879852222
-3.023399706090556
-0.01457338410353648
0.37110521650423667
1.6143925184931684
0.7495330187209683
-3.1467943525801694
-10.909998493826599
0.9993152359763942
-0.48277997434590425
1.7415852433598182
2.101665033820585
1.8066454963507304
1.2275282768675129
-17.67186448007024
-8.6102388203946
-27.729363396921777
-2.0080636103742346
-13.571482583754438
-10.559845551574615
-0.6942166556314764
-8.569969477055139
-14.299203652158788
-5.247077987630394
-1.381922115129108
0.6590327832932195
-14.613393474951273
-11.896324251719829
4.013343120030044
1.00024069798812
-0.5169001680802845
-22.841776198133704
12.37399860022239
4.777773999187033
-13.649229357983486
-4.9366599974720975
1.5633833322307042
-16.83737152436635
2.1507621655604163
9.367938091748488
-0.7078716030321743
-0.9871209450131351
-1.0829424469882194
0.1466269652336114
-0.3935273099454315
-1.393287493999598
2.0585554881206214
0.6000907069095495
-6.593898587337187
1.1277753523268979
22.107845681853806
1.026602751911625
-61.168846215773506
5.01226226821511
1.00024069798812
-2.884781170405341
-0.999750200503037
-2.5917881505283398
-0.9968086000628027
-1.348761595092887
-7.015002397955864
-9.468147974392036
-14.855851588857576
-7.290802631178717
0.28434700616526654
-0.9996880258512881
-59.83539376687657
-0.4718976093179317
-14.738095332733891
12.69674969706979
9.350635728582148
-2.0605995224231117
4.781611753034664
-3.7844023512371034
-12.8382038442887
-22.238267497146442
-1.7233672201107497
-9.434141664671824
7.454502313771697
4.671956046059581
1.00024069798812
1.1999602213190843
-57.29799152081078
-69.20827719414348
15.402781671590382
-3.0273453195108093
-11.63428880436447
0.7662312097253309
2.314954014674106
1.5974241266574722
-4.412377797818781
-7.7604483180659285
0.05135825830033525
-6.344236408640308
-2.7103480691634485
-9.2937998938556
19.48529325456242
-3.710815261077747
1.2857966914635592
-19.781188198236354
0.8475394695418101
-6.102820950354259
6.87069279093366
4.912325909785466
-7.3502005628802545
-64.72585811554268
-2.967917543019735
-5.334738306802162
1.00024069798812
-47.12679858562937
-38.54252433485938
12.905370694408145
-0.08734967421644435
-2.668781879082492
0.6157652180702117
-1.6704088567185629
-0.5491625581772814
-0.7585780433652844
1.4637069018808462
-1.964417438584889
11.868807194700256
-1.189808151280888
4.641786762638337
-7.844585957570085
1.00024069798812
-8.023205700587138
-10.37546869211501
-1.5953607853141882
-11.908690994419423
-2.788763936921801
1.0717554295572318
11.66822667636541
-45.23710183167228
7.052257306323409
5.370293451626023
-0.2975365743284757
-1.715655035432739
0.06741565170794006
-0.015001442155322176
1.398490244918114
1.4873819983834764
0.2950042765347457
-3.293066332571959
-6.813476026729578
5.3180136348287625
-10.4197043261005
3.6773564242381984
-18.807556769398932
1.9405748633070354
-2.2285290204953805
1.3656347333100083
-2.4549023432056276
1.0267807686341728
-2.5883169670755906
-31.40873498449855
-2.1101899214856306
-2.9060493506769487
-32.53682440315852
-3.044021803451778
-0.3775628459009839
0.8753089654875651
0.4574529164507871
-7.743238845873994
4.4966101983106235
-3.8306387068037377
-7.111890459782146
0.5963913756308223
-6.293536840192283
-15.517842819924127
0.30032189349933425
-1.6684520645583976
-7.89240500112141
-9.669676166962507
-9.244033428302117
-42.51739243938444
-7.258895284715483
-4.139002850461313
12.913834703457354
0.7402408312134399
-34.142725952028975
-3.3973944549740143
0.544590443870766
1.8903696679340678
5.695028677859223
-3.3900238393224242
-13.71014505473925
-2.6852088215704386
-39.47787058630712
-0.8768281333126549
-17.379773270527924
0.6516718845181764
1.00024069798812
1.755227728891876
-8.068469343256332
-5.500383389186201
0.890028569008801
-5.417645721418138
2.4460840163418487
0.23579122424568588
4.189757925761734
-0.9998892209558052
-1.692408015072433
-6.905132504552052
0.20098033905891977
-6.63290363522848
0.5096383451821659
7.486803183514052
-10.28083854409454
1.00024069798812
-32.32037140538906
-0.5150588675478533
-9.433467029419994
-22.422714756005302
2.781935841350605
1.00024069798812
-5.847486774765128
2.080586571789012
1.2159199809278032
-4.459204140276162
-1.96580822436716
-3.35288245457856
3.2147828068244344
-53.77448431460316
-18.846685630837904
-12.9465061773248
-5.4349990471776115
1.8251555024808868
-0.41662760924150355
-18.598617668071515
-1.99766056829545
2.027356992870593
-0.8744949738650616
-1.342296727762185
0.05031589026412964
-2.634685104052711
-4.420262303217097
-0.3369672312419296
-34.585849249133396
-4.454450608951561
-1.331633810766554
0.2684866575801823
3.1388693074565897
-8.785857058132319
-49.11996774613457
5.184010010475333
5.63467466591843
0.03189501586147969
1.5035949162523174
5.039887326050728
-2.3577060765228537
-1.6905880640036663
-0.80108678475531
-3.2503398200006623
0.15895425732219115
-3.6793828556826975
-0.030887572526101303
1.2290316294136117
-0.02054118189391918
20.925051939578335
-2.3815212536990074
-1.8583821372745293
-0.10858257894383394
-3.4546206849671677
-2.0328257741855404
-0.8968472085534378
-7.745709139273397
-2.229259057585369
-16.758299180975165
1.9642315140952737
0.9415744985558219
-0.8740751589775804
-7.428208911485446
3.5791765623161864
-0.4725087412262554
1.222811826235283
13.679139236212745
8.916922450567172
-6.28768731689527
-2.752429266495445
-1.3438990629825383
2.2663164282773396
-1.1170100072325009
-1.279953889654259
-13.201773363733285
-4.170137285703165
1.00024069798812
-20.041584701165046
0.32279456107793714
1.5884737035139262
2.0367336888545915
-4.267721879935024
-0.8178000129781609
-1.6044253136455993
0.37327180747005884
1.6125757531368654
-2.1081877515271086
2.123908309567685
0.36550968089505853
-2.5400685729852777
-0.1801604414960032
-6.983853797506765
0.05514846387644279
-72.97429416198167
2.7156670178830304
0.6990414305941547
2.735955950240146
-4.46575117059155
15.601000525566466
17.161781641456486
0.5096143062041871
0.21306425431650022
-15.293465962519104
-4.172559530078207
0.13595222181584177
-0.2949562172009015
-3.5206617125205497
-16.85729572522388
-12.40370478739159
-1.1088065976323258
-1.896079777893723
-10.495171267082519
-40.34411394290688
-8.298377083412685
-34.247683779741436
-0.39972972776271987
-1.0032765166870417
-10.961769592966398
-11.532916187865887
2.508089953013327
-80.50116496168798
-14.342065870964497
0.5621317742525049
4.105499291702787
-19.536720507483533
0.8860612776546883
0.21350532095335606
-0.24565761650469975
0.821775646594421
1.5516082265884108
-7.871291189605315
-2.316236478635483
-4.942557334374293
1.3434159151930634
-0.5761091304710373
-14.227118849170285
0.37396059520931524
1.6692616986410533
-38.013991031734946
5.05205796796924
0.9905888263742273
5.553563372292984
-3.7070227483849187
-11.622643878705347
-7.473733016986334
7.897027723242899
1.00024069798812
-3.8801290209018084
1.00024069798812
1.00024069798812
3.143074043314697
-12.99412453994767
1.3648567154210243
4.5248613125365456
2.8752515946451376
7.612300368895644
3.3161944209793983
3.2712005829569923
-4.106169942343048
1.00024069798812
0.49682572606378606
-4.164551502708805
0.48220275289495695
6.106462421237371
-17.789718043612115
-2.084037050408129
-13.571082243765009
-30.506005037240953
1.00024069798812
5.077049930222469
5.543088484760451
0.8118647775555343
-13.740332953326945
-4.827535107234991
1.00024069798812
1.5902724194011735
-0.9528308493707147
0.9001368260974267
2.9335691617460755
-1.0920442228753888
-5.4946574201297
-7.085401932812348
-2.717485096503733
-21.968270832999853
-2.5766290138704386
-4.39951955114335
-1.441661977003052
-3.9202125702850683
-2.176617131575443
11.37496639627971
-2.48013449898603
-33.22988128095136
3.020655031712566
-4.383164060855094
2.9750407503096805
2.903723153625415
-2.3027258677439915
-6.612126795924477
-6.38217975292482
1.00024069798812
5.43350711194231
0.3828107607288501
12.921643509405577
-2.5638445843048867
1.00024069798812
-18.570699292122868
-4.6465533228600435
1.00024069798812
5.778397612675066
6.172781675453605
-2.734740144399148
1.5497654639267164
3.6029977185434903
-0.5264594804371028
3.8880243465821245
-11.621407173204727
2.3486643032777264
2.755820277122151
8.04469595734334
-0.005644722614248421
0.46771435725825217
-0.012672129157510703
0.6930491709896964
-0.3625742994550354
-1.297310415316173
0.13843472139298085
0.5570457863306277
-30.87995194441828
-1.0671062421220419
-6.637282886182361
-7.136340262747875
-9.797839290773197
1.9962252723426328
-6.014216303879683
-16.29942964197103
-2.3461418356709136
-4.785862083218725
-5.490919554896097
1.6721336810075118
-2.220133679541004
-0.15202458652399575
-1.1262628129553467
-2.552355348851938
-6.1038767822583875
8.363022216066247
-8.474876580271527
1.1768635218474905
-0.7257744650692395
-27.41480980923426
0.6610694756089721
-13.568553280927937
-21.404884518602074
-1.862496487325474
-35.119963553166606
-16.156218788629225
2.332335118775365
0.8436159376082208
-2.3319330484438106
-0.5019401973890392
4.729807779746087
1.3310226295575516
1.5915465613231912
9.186691713252817
0.8279926350657769
-0.9185390893379912
0.05281424253290656
-5.171536123760417
-0.3432342825150081
-17.427875079773894
5.696351858109477
-35.219794867658244
1.5924659951677826
-1.4314592527754169
-4.896503869592567
-1.2474723083966595
0.7654905311579845
0.5426479315610148
1.4217869443657731
-2.4714142072210166
3.8212943073435377
-6.644465320417708
0.26757254373283557
-20.838181794360295
-0.16717896165454338
0.6384449297024193
-4.0689525641163655
2.2664877112108517
-7.568807241400548
-1.306926336419381
-0.34510637778437614
1.0193382567426605
-34.41130281942036
-4.733423919096791
-5.67168991347721
4.33757066666854
-0.5695051343833004
4.185458385838622
-4.0973842132102964
-7.884205463869621
-2.228124035623572
-8.847696978251665
0.3566392357213488
-7.3391785205491145
0.14095741563734587
-3.0987412071776026
-8.383061491787178
-10.140338081057216
0.9022851115224066
-9.747132228544551
-7.248326685108565
-29.77428689826774
1.00024069798812
2.3834755111122017
-10.331437050697033
0.5495004659875101
-10.788943933314936
-56.9070308665934
-28.16138989567463
-56.19645857306093
-20.905259703984342
1.5530579763051837
-0.7187507891904132
0.34248228964282146
-3.4502922706663606
-0.29203380177064053
1.0411034356829716
1.7372729254700985
4.243716489183441
-22.825098080692406
-3.1300370000808195
-11.66051933212637
21.589093317212367
-0.33600326419685045
-19.46057340347387
-4.129213770702343
-142.19139247798162
-0.6437661341128291
2.563874558341359
-1.3080138474058591
0.4634916226356858
-0.24486223906346272
0.6640416651912524
-0.6837719936828695
1.374985326106037
0.9657487397309727
0.5803367690652708
0.44038218153344044
0.8495212111077545
-2.8251696644973507
1.4526300277438018
1.3791610551975875
-10.706838295185051
-1.1351236140476377
0.6542548353533946
-4.187365669026245
12.276639156480996
-1.5738762306082528
-8.449430593680297
-36.0423491642317
-11.065366147980615
-6.5795040941713365
-75.42048993134506
-32.76552237903193
2.9133136609798003
-27.24426392937521
-2.4728657574215926
-0.06790360312933874
0.33101965305560377
-5.484336193268963
-6.509111512087394
-13.161300136738369
1.0929419595630505
0.1346727281504403
-5.230325308389734
-2.061756301630161
-0.9340995988123937
-0.30260032243756685
5.875387739633959
-3.751383314712405
-0.2196158033076061
-1.1237104083126832
-16.520890639822223
4.259772811093082
-8.907748888619832
-5.323064840546601
1.00024069798812
1.00024069798812
-0.12217039241051486
-3.375387307716575
1.8302159827178521
-5.631970030224322
-2.76782551572968
-8.08077157983281
1.5633188406221152
-14.93711881945902
-6.475513309587492
-4.096375676059341
15.084777824740325
19.874318949717836
-0.6431038247630187
-1.0649761740493036
-0.6814374450703022
1.00024069798812
-12.648840768959495
0.4609975506198898
12.088435979371408
-1395.0559738133625
1.2687212124091611
0.993443067232114
1.3571879621470648
1.9737915358483318
1.2468888821656732
-2.109425957528172
9.890192142025839
-52.92780647908056
-3.9950909293841717
-0.107424130596248
3.6473307410013285
0.4593060321438138
-3.7153068818257555
-0.551969205930777
-17.85514412478787
4.646805674626254
-1.3852433797986308
-1.1008513106781193
1.7678754940425079
-5.826253332207547
-0.42566549941215714
3.042081557649628
1.00024069798812
-13.09986504299317
-50.802681155672154
0.036438579840609164
-1.0797288432349825
-2.0994261308470543
-7.55714701672978
-0.3449017783309116
-0.4064665754653034
4.076722078429935
-4.351444026864067
-8.40206470479048
3.8336916486926875
1.00024069798812
-64.57046286929318
-10.14660322885705
-2.997819964813389
-13.554623605846906
-29.5821831338088
3.948814538512135
4.013958279607746
3.4354184548430218
-5.331808730743386
-33.849011966605
-8.112477954091883
-6.239498553364337
-13.936870393120358
1.00024069798812
2.354604368238823
3.9083009702466405
-10.401721400035527
0.7216231304069922
0.5652058337425555
-3.391362908175192
-3.0526714726478446
-0.4667587099839372
-0.40285047968956866
-1.0272266157446484
4.8935697250880485
2.540759376272902
1.6995893276293192
-2.861095112569163
-9.549070040509175
-13.4507373334935
-4.448431524178664
-0.05360605773837168
0.6711496107505839
3.791163696324903
2.0369475392570235
-12.944839494789047
-1.9833367020151362
1.7629973098326386
-7.001642008214195
-6.470888880216818
1.9094490564372533
-112.21803711867656
1.5882160444421884
0.5202399583994542
1.9087527351984592
-0.9420411774148894
-6.571075715252374
-24.553212379109137
-3.615958315049042
-8.649271759162968
-0.36121255096155114
-5.541630626439059
1.802592436478664
1.5475906178942953
-4.346850724779184
2.0180023401091716
-10.955531413771826
-9.346240609568781
-3.3263467792211348
-7.51824748675537
2.925263246763536
2.006559515326261
-8.372014238371783
3.778352536104913
1.4677659594129886
-4.379319935832445
3.4884055252822836
-21.509614030459527
7.430881787455206
-11.586526029037405
-62.35726405456379
42.83732210458873
-6.012611896850404
-1.088426818553423
1.6871415101980771
-12.927041641436027
-1.255537142573611
-5.955416833171296
-2.1923152832262303
0.6988260725197444
-0.7327273119902755
1.00024069798812
-4.201347455160388
-0.3814162556110816
-1.549158752530103
-0.8764931656815691
-24.76559942938281
-1.3171247113275824
-8.510345895426187
14.121241980828643
-12.649964767275872
-31.666576172742175
-13.842484537706635
-0.6320387163621148
-4.696382880737369
-5.638615443582614
-4.568015109359144
-2.3865113089817256
-5.91012064588568
-5.910799975067999
-0.6143708941996429
0.4565103476458172
-3.212391248217262
-35.326529121711495
-38.11872154046468
-112.6843768457004
-5.104073650205165
14.94751059224021
-19.803289301189153
-4.639193078650126
-0.25354202653204383
-5.4278811123086514
1.7344579843168146
5.194139064471148
-12.96339349758744
2.1259322491417505
-2.0800358783992774
-7.588499660748053
-13.342584179402497
4.189501653084246
1.7418071225079834
-4.565346946884468
-9.183700706981739
5.437527063237254
-8.316545322942908
2.2454750965245953
-20.58035336090188
-7.573035184344474
-1.3307004056617453
1.5424170975436673
-0.8207061680392391
-1.2556164642409602
9.330261110259848
13.60900311081302
-4.065925887962899
-1.2567799096396093
-4.182696755952424
-0.14626601927759686
1.086801190051814
0.080522970164562
-4.4525372034902135
-1.5859246143608594
-5.162431947446839
-0.1278581752061385
-2.8237362918598543
0.6114873936928468
-5.919646364695386
8.383148197575771
2.394816513542408
-4.449279264448739
11.225790894645286
-1.0182081317727798
-16.261062528150326
3.990118689940811
-0.9136134051348654
-9.719605717509236
-3.5504678901884326
0.17124950514629045
-11.346891645282899
-13.78498335777212
-7.098652375049968
0.5132465679434228
1.5082279220449972
1.3717092362409922
2.4797589817114742
-3.9707186421917724
2.5701284299386202
18.19245943137749
-0.8506731892979331
-0.7949135049852365
-0.72853460663557
14.681315111467416
4.924902166807399
-5.896434360303743
5.079934205125151
1.00024069798812
6.029509830037353
3.4933021677678813
1.9959260566865724
13.226421623935504
-1.6935407422880764
-3.517790732896465
0.13792463662955012
3.263016429957333
3.138832615400555
1.9332691239019812
3.2790038395138765
-1.241024510238451
-1.818931497427445
-3.80031839588914
-4.657759680014839
-9.427741523185663
2.5030242319302585
-9.643676392531756
-4.672187110907591
5.620382436791694
9.578033756303736
-0.24262332610953297
-4.7528118843773335
-22.397447807406635
1.0190934310352127
1.2312709784389333
3.737730300676085
0.5249498652207087
-7.925373280654161
-2.4698861706892314
-2.7254128764873093
3.196006442569265
-0.05342701182178744
-11.313488236079785
0.7728511184483238
-14.998215215235081
-56.91571834679075
-8.766418829869448
-3.1941749676242805
-14.164916377641894
-58.56120176439809
-6.908666574426273
-2.934802848649119
-0.06131187864139265
1.5055002945261577
0.6717457745243007
2.7688030477980736
-5.5077449208557
-10.037185752427035
2.0770745726604014
2.9495878417428996
0.0307859607678872
-0.25177724027051873
0.836981798141604
2.0673594523493266
-9.780548576463119
-3.883385085197504
-11.739115815787063
-0.3720188846516337
-0.35500047791392286
0.7643262711613434
-6.420011033017583
-1.6408360447861252
0.22279739114664943
-1.520236050194863
-2.5996076716424543
-7.529383631940713
-0.7291868072821164
-1.0758701306055292
-0.018597136926289615
-3.248455327215356
-2.715608636939189
-4.367089779335869
0.7860306232927179
-19.502349916147107
-109.3649139833918
-8.325151801161763
-18.506639239821478
-3.459184891810251
0.9316795457183711
1.651950069526364
-27.06856080236384
-13.56883619752227
-2.7216762835543125
-1.381922115129108
-15.504867100602198
-1.0911282146079295
-2.6070674856952065
7.938038014350075
1.7053122940985526
-0.7852731663548664
2.157821688985267
-6.372817313009038
-3.6604775615595866
-12.120194312809755
10.138868145360114
-11.571362025638265
-8.316749603854056
-16.5585267144152
-14.784569020876251
-14.627201683673366
-5.414360973783947
-1.0340205617282412
-0.5604454904975906
-1.2749192907392217
-4.238964082819168
-1.5266388587056685
4.73377657893977
-1.0254185369773414
1.3042051474400287
3.4467567055728177
1.343571716829628
-12.149576939757115
-5.158313899508853
0.5497016476787613
-8.084083992700748
-1.9770280691657933
1.5417751605059706
1.4934758478360117
2.7331703551551927
-0.3027671954840023
1.3149931449075931
-33.24426474732387
-7.227839844088847
1.946750627669217
-40.6983385597022
-0.6999606824246403
-6.020184264702469
-17.40098859881356
-5.1926627014853635
-0.6564732257306043
3.8405267201256477
-11.982987545790476
-21.5958486104722
-10.925734626954483
2.675408415051999
-2.3200314341388175
2.751668185133054
2.6459020325972524
-3.0301262573988117
-1.8198619209713938
-7.660911606043546
-6.65488907897978
-11.88504372398101
1.00024069798812
-1.9089532871624972
0.5847951399746802
-41.67673553587199
1.9142702693582117
-9.947535677088151
-8.86781551340452
-7.110160608594804
-1.610083398512463
6.500843966006664
-5.218477922264452
-3.2388376529019665
-3.954442430943069
-8.34413192706894
3.5457014515764835
-6.3268602967545435
1.00024069798812
1.00024069798812
0.5003693902544522
-5.094418122063928
-2.665207364369945
1.429585281913304
-6.418958726063346
-4.111264768115837
4.692839052715069
-5.600430603876756
3.6379809093099325
-15.032021119804519
0.8327274943252039
-2.7993826137496582
-3.5658058417352594
-5.627706557246919
1.00024069798812
-0.35436812333867795
-3.323569952673391
0.7209252116849312
-2.9684654523124983
2.327632004318384
-41.49743957792929
-2.947679624259172
-1.9265021277755419
-0.27457417845227394
4.154972244722599
-3.3354291350815304
-26.94848411028497
1.4199789586996185
-0.2978542482103066
-1.0316478178361161
-0.2527266975112914
-0.1667911022795181
-4.201173048171825
0.6672115022086209
-12.51837117421881
-8.641339567878255
-0.2529930756054197
-0.5752562179150333
-19.961298132353857
2.01641681588835
63.378428560487485
-8.424767437704624
1.00024069798812
-6.80082772242829
0.26147378514037334
-0.7771392433627817
-3.0270853510180036
-0.6342868554545709
40.612449881422606
0.2443070035318684
1.1011649554175775
1.536330820290991
-1.3233462918553003
2.6025520870656065
0.9933217726418438
0.33503331883395016
-0.9262378465722039
0.9262617576904324
1.19410091050555
2.3811539106760407
-41.46532344705664
3.789859088662535
0.2814068661037965
-8.812185107920872
0.8703469574291686
0.40186272577957316
0.06406459658429209
1.0746243634637627
0.25227756009327307
-0.3029361052939539
0.18889248350688148
-8.054988348011388
-4.595811036717343
-0.47908663676002794
-0.316971813370011
0.40671366642232765
-8.300519963309515
0.41802754488538607
1.2891785534243472
-0.30364708168693255
-3.826260025599889
1.6131370378391703
-4.347249152884367
-9.994741280798419
2.039247622824814
9.250732081227707
-7.944639055022988
-20.274801339790432
2.201078518780175
-25.707637589738965
-4.353334061768574
-5.309491587444883
-11.478801648897544
-7.057519355974951
-7.315427208506548
-9.645190966004591
0.3962644791682176
0.8594426510697467
0.8717078988544716
-0.41720673743192127
-5.330368637452966
5.421394589310778
3.362239211874866
1.8247122321137024
0.5644707606970767
-11.537788980145045
3.4177597112828635
-6.377469271859417
-6.002937899720327
-0.8427313324569365
-25.285871168982727
-5.1494477688500195
-7.793897691949291
0.638141481224952
-0.4542897031178297
-10.506196401579803
2.3454993333767717
-6.48986717167107
1.2185612748466799
1.9174893823123806
-13.310303543029132
-3.697304314942219
6.556108827304209
-0.028255334983117608
3.9904245558776856
-0.5981047342751935
-0.01653622877823291
0.003912956749187346
-3.664839794459108
-1.7756891326503306
-2.5203228738099206
0.4753106328488126
3.173069916031708
-0.019121115522769516
1.4898706503449728
-2.086030546852462
0.4024998723002864
0.916479046544894
-0.5816157883053061
0.3096500405095092
-2.446581847908366
1.887997042137301
2.0863715435249492
-0.7980920603904849
-5.866386992294467
-0.07282337204623102
1.6322756641999345
-19.53009804693697
5.674813003699362
-6.09034231454323
-5.260767016903906
-1.7790447947930224
-1.9394513785342617
-2.9464586226415994
6.034408871233165
1.00024069798812
2.3160751067224474
6.004222478315153
30.0172703153015
8.8994623854029
-3.925755059896904
2.6203884480206385
1.3889972164594406
-6.369747130770069
-14.973617167697483
1.00024069798812
0.0011272071231204217
1.5110333869764951
-1.5934036998999428
-29.398219817267936
-5.100494992716218
-10.1431903200656
-63.34213742447272
-0.08562059631441277
-3.1623812315575472
-0.4018976883293939
-1.313357178880345
-5.6931604597764585
2.347783314895441
-19.216942836223478
-13.791783331816411
-31.102599070741277
-8.926355746743283
-0.20001091837114093
7.534389292008558
1.6116198937519428
-2.796919631637244
-14.895820147547528
-2.2859159526837534
18.91996509582652
-4.398267836657393
-8.155178846269958
-6.888791438448861
-7.075975491367916
0.9973035505753336
-6.053980886237101
-2.0806099087615384
1.6326465840045874
1.459124712068846
3.4338389635336335
-4.287188106152051
-3.557920050005312
-2.393742428415523
0.5827328184728251
-1.77046815038854
-6.628129963356413
0.2806767955616296
-0.1430816283378391
-16.724941227881015
0.909324134702045
-4.6265853929697816
3.7226455634471605
-36.943236907664385
-0.9778075997470528
9.156243955572322
-34.64063711635447
-39.427485861208645
-38.62378454966888
0.23536470425933542
-18.702751638984235
-28.54277897953024
-9.695377367249556
-7.777381915404207
-3.8095467393007185
1.4933195346478232
-226.55577014574268
-11.428705821673184
1.0218927320560343
-31.967647950315403
-48.06291245853072
-2.9707402676680323
-1.1264335619183128
-12.305423675423363
-0.42784813977090264
-64.21334824138943
2.1119774745167534
0.8296797134845968
-9.827856535755032
6.720172015646731
-0.4025692462569759
-17.21181316820416
15.939454860549397
-13.33160076619755
-19.373369237552424
0.8626698487019462
9.404421602211801
-2.274535679877167
11.642720338525251
4.271952288014341
4.043154091389649
-6.021520896769943
-1.000429462515097
1.4653535786706993
0.35987028318659087
0.051020982321535846
2.1045326346277777
-8.079368748957052
-9.038752122522038
-1.6109021718238439
-2.165573143706523
0.585870069876643
-2.1794411377002403
-1.4426367629428136
-10.00216105857793
-2.581929167074062
-1.3075256201263783
-4.803961941926155
1.090264868550868
-0.8642684907591376
-0.7054091285729402
-5.4965483335647365
1.00024069798812
1.00024069798812
8.362137365682443
0.31370358448875524
-8.111711438538311
52.567807320218805
3.6332705384021544
-4.314369182711993
-0.0606634504928909
0.46125880624663085
-10.501615004257502
-0.422993326481669
-0.1241453245369124
-3.533582888775795
-30.341957053130667
-0.5751491441334935
2.4570753135025774
-1.8040761743288187
2.8913017325128836
-24.186045922834946
2.2960611282815173
-6.953947900146662
1.00024069798812
6.672423744768075
-3.928084047392203
1.00024069798812
-5.552673742630011
0.3178254874138986
-2.346613338490698
3.5827886988780637
-11.836257324758158
-2.4108168238607934
-1.7369424125000785
1.8487608772202382
-4.278490698927249
-6.028100885732767
-19.414988054107685
-10.999706289406209
3.6252449644416727
-9.843116655069007
-10.593573955358636
-3.169710376613293
-13.846825446027399
-14.021205102876976
-1.2870085041375066
1.0200480589131384
-24.765214219143363
-3.7738313922993543
-1.173003125655785
0.5403295878780925
-0.531984833313838
-0.8484384931155806
-0.7125878572269528
0.8865370588222562
1.0855795341281942
0.8837920013226072
0.7932597801234338
-0.30671771070653686
-0.36904802844269113
0.5817338956773848
0.48230583566716234
-2.422911697736778
-5.968857391238082
-6.716690228724572
-2.8962039116730467
-12.148062559390365
-7.8472601738312635
-9.008029448095872
-1.298643086778445
-21.184268678631508
-4.27790342026231
-31.239852826083876
-14.085940468060635
1.00024069798812
10.928914801411011
-0.20768365895846497
1.2282751209724316
3.2687348626631416
0.8151188013246125
2.018148700761707
1.3765620225679203
5.451388949638535
-3.7193021968941853
-0.4445343266788442
2.54884325317666
-0.791698842407534
-2.1138414168105997
-11.488739273549829
1.2741702207324215
-0.8090110518517057
-0.3826359652309024
-7.29337224071559
2.039901131884381
0.06970597981377591
-1.9477494098930372
1.862941202636648
-5.286934529008251
-2.9141974613497696
-0.2889330309247429
-10.549585072708599
-1.2791724447589585
-0.40884045374030187
-0.37818033360672265
-5.387506878941126
7.1975128963506245
-0.7628791163533808
1.4975252288850822
-4.621832416120406
-2.3441424706079372
-0.17329396699588573
0.3022816210743059
-3.836782643881251
1.1176485937381588
0.6433150731481528
0.10554598352828726
-3.9998248088830692
-1.26900343114266
1.00024069798812
-12.070571184332898
-8.34509522507565
-1.6364844116329333
-1.1032751827300342
-0.5190196328925223
-8.257377744943085
-1.1980626694473577
-4.699246453090655
-5.99830543610938
-8.640033998267402
0.9220967682008815
-3.919307254300783
-3.583137842624491
0.061037959926277696
-0.8771018785261806
0.8143211024933873
-0.242351459512135
0.7371442266505507
-0.5265120619718446
2.1419591635172255
0.44156963243207403
-1.040721788509944
-5.380254711304064
-58.33967720135321
0.36081534596327125
0.4979127927163892
-36.78975597774345
-15.191956707627643
-6.672727233421389
-1.544436940650618
-13.605002769856675
0.32216965303867184
-5.535343780665989
-3.886287456417147
-8.66433444895149
-7.712176216438595
0.5646755917130314
-4.825087434873119
-7.301171737322561
-9.175533531542897
-9.501340621116583
4.420110521709514
-13.69987836756206
-14.144793721667416
-0.527483953789748
-3.8203291874153242
-8.708198075215137
-7.311152102855588
-2.024998656831657
-9.13698260258202
-3.8800989410141042
-6.002494227311964
-36.736793389725975
-54.602257347390484
0.7692274317835306
-0.9556839498508438
-7.794030219261802
0.7835686976199842
1.2016526299482249
1.115193913979136
1.3448576341022722
0.850149033766174
-17.06800605269517
-0.6233284070841583
2.5926403799281754
3.144705383840116
1.049854920318181
-3.9198035074583952
-10.34373761048355
0.8901951633467953
-32.49536667942661
-19.2940086080976
8.024688556328663
0.48297450278752274
-1.594937914423224
1.5375745456663583
0.36543256865735974
13.050903487261486
16.392950394710034
0.9380364264393914
-0.2149671323168012
5.263506714586798
-0.5108528006970792
1.00024069798812
3.357475866668363
-0.12660910688759097
-4.8406589890294685
1.5453729656674016
1.1610597848716409
-4.055124982863886
4.5577685502836705
0.4040054538348181
-0.5707531125652829
-13.735431208661552
2.7492508810218625
-15.926804797561495
-1.9732811589009174
0.9671432842770377
1.287960711245764
0.5955857019788418
-0.6375760904040815
-0.44057380869124807
0.36200228620471864
-5.919878089885321
-68.14856015683368
1.3341820324789548
-17.771497813491827
-16.825134019476234
0.2446721593578537
-1.5437979512998377
-0.002317310225868896
10.76880117309204
-29.33684862888538
1.00024069798812
1.00024069798812
3.871031088086643
-39.054360485812374
9.123528079333443
-21.03259755937986
-16.098654341169723
0.006585087303386472
-1.3407309647591297
1.7205914417578823
-5.412125729539902
1.00024069798812
3.353947756737431
-1.8256403454955556
-54.83669084797225
-0.2323447023946703
1.00024069798812
-0.7051249934880868
0.9710015654451658
-3.331397520430123
-1.56677300010326
1.013415412228187
-0.2649935376425514
-3.663075599691348
2.3950473595258654
6.760518596280321
-3.4289711485156698
1.2117787308109007
2.141400513420344
1.5783540948256696
-1.5985216232209987
1.4030567155084286
0.5615268441306633
0.2810374256459144
-6.2883170108975035
-0.4979596199555665
-1.1456153091803358
-1.4122722017956004
