1.6662605740003196
3.708482065156994
-0.9900794801209705
4.156080101883582
3.160567202302904
4.913527280241613
33.64267861739329
0.21301547704773416
-1.241212029546761
-13.893362466335274
-4.89836174700088
-3.499551466286427
-2.230326961304665
-3.4256317912130627
-0.5081722556962618
-2.6819488386028953
-1.3782747207102626
-3.535997536567493
0.3026091613463564
-0.4173417458899088
1.5371211227369694
-5.470588897332112
-1.3168685258490604
-1.937138914397297
0.9050865466412819
5.680760368921582
24.157374083708536
3.859173836311157
-4.096568881201311
186.12091663258445
10.735201784168146
-1.144133836911836
-2.534568021639605
-1.3756925788429295
-0.8881593654254402
-0.4123643617244642
13.472776480401322
-3.9119873570641266
0.5268743084695493
-1.9409989634641467
-0.6812558355539878
-1.3691925604303585
-1.1304807726707473
4.87402428961469
-1.0357769239450674
-7.5802861040350304
-0.3680617137641806
-13.60853313720716
0.15725036537672143
-0.8220539519784515
3.15378372753271
-1.7278851073824268
-1.4709959748316705
-1.1752789808731734
0.8030589606953329
-1.4614577000296896
-2.838614309765823
-4.584866053071385
3.6757304099559556
-1.7403260169058856
-9.73011319855094
0.4484351495872392
-5.145991122504839
-25.028639690235504
2.8072424749171025
-0.9837415067382973
-1.7994760894456905
-1.3790276885172756
1.6115378273214072
-4.219272271276621
-0.2894514609431299
-1.7407757051179131
-4.593383478589466
0.5030711121653098
-1.1166615878117876
-1.8775764131839892
-14.202895026890701
-0.8192771057416766
-5.867376275166796
1.0496456695116487
9.756832872781434
2.820456297518975
7.426260787323658
-0.9595209138174968
-0.8720457408387998
0.3661043837428086
-4.869305724232481
-0.09272176705315216
-18.883781723157387
-7.916500131208172
-3.210630808284824
-2.055760729478346
-1.8429591798648033
0.5866085358175319
-5.692130661646017
-0.8767673291148093
1.728509255855876
-0.9851319053023857
-0.7038125543904481
0.8759902759458407
3.359463643240162
-19.257705670144777
-36.839749805473396
-0.9999521141438802
-0.9999521141438802
-8.274419046926264
-0.9999521141438802
2.2660917285599056
-1.4201709600203711
-1.1093275143555446
-1.2203953460431898
-36.507308966063725
15.281687325588825
1.000089482882085
1.1726230699873779
-0.21555929770199267
0.9653958452766467
3.5566338210255197
-1.482177923486518
-6.692909149737774
-1.124110360772461
-1.684602893264639
-1.4148563559462854
-1.834644040354163
-6.838474586300412
1.4692202493778042
4.423810502092632
-1.3534478210327014
2.084078243123153
1.1315657102423398
1.3126291051096501
4.921082620563748
-1.0278777810289228
-0.8483916287967752
-4.447360671898201
-2.6993145204874103
4.654738598725327
2.3966123311847665
1.9043675930830175
2.201652420426104
2.6072067760565596
5.93447031217312
7.753294790695351
-19.322485915912292
4.905243785448766
3.71357870892234
8.767493101714699
8.87665193678565
1.586230686975116
1.0000455438175755
-1.098080960826772
-1.2360908141246347
-3.6215096629801846
-3.0212687476014835
-14.098726092878975
-0.5869414498818383
-1.7414066761606617
0.16815238330620486
2.637761877256801
-4.429017088209841
-2.324427267006452
0.08543643307648141
-0.9771030792382477
9.554530591578303
3.5196348584488324
6.100633671030328
-1.0162255831638933
5.765918676477503
-38.02128812503135
2.0658944177099943
1.513339418108521
0.049773423845712594
-2.487289917220812
-1.6022023837185642
-2.6211525097515027
-0.5048625037075918
10.649535857200268
-0.9995426077981135
-0.24205904897485386
-3.7052333665188693
-7.769553716502715
-0.9162761311553959
-1.4551688642606058
-7.381727948433175
-5.700310498777657
13.4932180076093
-1.1508591425562784
1.4074463367798633
-15.615150233363496
-1.485768593368945
-19.684386800778793
-1.9903004524742527
2.762304664233119
-3.603984807154908
-0.7520581742957937
-14.658774336976881
-9.459069888604464
-14.054394235650324
-0.9999521141438802
-11.793270085452859
-37.22261373153927
1.7120069966228066
-5.688353268890761
-14.57588444438135
-18.7561610134238
-7.988295099199545
-4.999737373409701
-1.427192691233732
-28.419354560159736
0.400032504759648
-1.2866012235275384
-8.163892564495233
-0.7211623778227845
-2.310032603935699
-0.19133222699825714
-10.690286694597845
-1.302275279650969
-5.088008533131697
7.129316013302477
-18.00138122335049
10.70072708353793
28.86635767223064
0.9579305676715237
-0.9999521141438802
2.1096117592602392
1.0001258826129207
1.000128469187437
1.602443462852285
1.6069478436678373
-7.293554052817152
-5.4438178150095755
-15.718884903206758
-0.9272390037889684
-3.5067942039244033
-20.55939067619138
-30.48052668459364
0.6315467247273328
17.324512781691993
-13.067920359965592
-8.57790057839435
2.134670295681248
-5.017281525552464
-0.8403944515719382
0.7224366534341196
-5.36316549589281
1.1331978673795629
2.4268803235556953
-12.361652423972547
-2.0745883772447953
-0.9999521141438802
-1.4439431558746656
19.160585702536768
22.99755061497272
-14.513985692441578
2.848517776945989
13.072901676973752
-1.057114233407518
-5.629143694393832
-7.8967248793343785
2.815228300048363
2.5536320567170745
-0.5548327472446264
-3.0887721414879414
-2.226285615871493
10.206086197176617
-28.154829211629707
2.8205534202924256
3.8722158292420823
9.932360656687662
-1.051023660407894
11.740255503705217
-6.09676951956957
-3.396632890057172
5.351641549560076
-6.761415145099704
-2.306782914122655
-2.0692953004436188
-0.9999521141438802
-5.400708037761726
2.3808060296213474
-31.21357152360515
0.08731541111744567
-6.281755160637125
-0.2706621900879953
-2.0932057819281376
-1.032769727996783
-1.5141174780276718
-2.0598509534326963
-2.2790958409470856
-13.78470033178583
-17.690049436108758
-4.362646652161228
1.1117447245341503
-0.9999521141438802
1.1982563827049506
3.481255997557849
2.714020395017117
11.879675578786475
0.833261564506844
-1.2227644741407917
-16.80629216789823
42.56351579414279
-4.1990737856571485
-4.203338935932184
0.8038710627076848
-2.6757083322613933
-0.3737718794196476
-1.161723131112248
-1.2353544484978232
-1.1788747780589195
-0.2948719086861131
-0.862631538098348
-5.245464628445438
-5.114626227563022
-5.447665057403839
-87.83585802144997
10.37297144696102
-19.437320064995237
-0.9483695741294982
-2.234992764354883
-2.425516843757474
-3.58361154831147
6.575877671134853
-16.463502688274268
-3.065130413372307
1.1432263184477591
-36.57842028416741
-9.306148065417608
-0.39745284090799027
-5.27838407926542
-1.745564025909008
0.6612835469593934
-6.5206682592393665
-1.0378890950850137
-8.607167422944046
-5.749366845654164
-4.356018997378689
7.313742401774441
-1.2111785894324723
-5.8852225871853445
3.580873012182368
8.915732267167742
8.3148960938833
-19.611695375058467
-2.7045241533218563
5.986892043828188
-2.0225432606754246
-1.8468315426083577
-21.178960118901998
-8.599761802007865
-0.9362114883461327
-1.3880602360136094
-6.496041345967395
-4.153429557744946
-9.898246148116648
-4.022457923212131
16.621530912297565
-1.2244167879393963
10.032235774857826
-0.6243932697791084
-0.9999521141438802
-3.703870818752502
6.017284831453614
-8.394120966043532
-1.7318114726395821
-1.0228492473607704
-6.9823977094266905
-4.052205714642453
0.09435352344989356
-12.945173358251475
-6.285817591380749
-7.034088047185598
-6.7521085245976185
2.1312148265694746
-4.02232196775738
-19.605692235950002
-13.48308129011078
-0.9999521141438802
-18.573596589621584
-2.514047681994611
2.0311221117397635
-19.702343697541203
-12.95491897738268
-0.9999521141438802
5.631263368974178
0.23686560869080386
-8.086665116046998
-5.182579400281817
-0.9974634125134891
2.7478287850752383
-0.8802504865521121
16.967494799012425
14.296639828317453
-9.20771434243583
1.112833069432599
-0.8426036355242266
-9.676564297512973
-19.46461193806601
-3.2348356585471487
-10.055518703056192
-3.6121364452342086
-0.6381598576915755
-1.6344848365747677
4.4220752946726005
8.561528642466127
-0.002113013646118711
27.490462766215902
-3.577815426613315
4.947092417830021
-1.0551003938489065
-3.469865737718153
10.362034424138484
-33.68269164529299
-9.050959672428828
-6.950708394051508
-8.246910554769032
-4.700096155929665
-0.677790764657368
0.8133195316052286
-6.333937294714207
-0.024636725220233524
-18.237973295048064
1.8351407931882897
2.8072424749171025
-0.9289208813511599
-0.6892732601239149
1.9137882042685885
-19.34335545648479
-2.085691349377838
-2.4372234266150747
-1.0898019952395845
-2.446769642327725
1.2632600587568321
-1.858439752381927
1.1529561861862185
-5.573786515887528
15.167162258710965
1.9399993423370567
-1.0859927535409437
-2.416751885090292
-15.074355942004487
0.5687817278211351
-0.849804118275143
-1.9241680212278873
-6.008695998161821
-8.971493021155599
-2.6082186176398316
-1.415170926581414
0.4004414968343948
-1.0356058243458661
-1.750774496897861
2.872602582798868
-31.54084962452405
1.484297235457516
-0.9999521141438802
-4.762162329981795
-2.077997381917188
-0.7463778758200164
-6.674148915002441
-2.7747832928658553
0.33676261203805824
0.4624268412688983
-1.1510411191907883
-1.6132671802270984
-3.893796188489232
-1.807977978445975
0.23664005206732686
1.466853563145913
-0.9741320454306617
3.3692946181658203
0.4982299123129277
40.68563053912102
-1.4464169947421444
-1.0958030778015624
0.6166919207006214
-2.7294880005538356
-14.076315012287994
-12.631749092130894
2.012672487434171
-0.04417050414851831
-5.863815898388227
4.009549170743149
-0.13588916930847494
-1.231205396876594
1.1651831825709418
15.064967113662751
-4.050042160123883
-2.006083435799598
-3.729115916898747
16.61421939792126
8.653606206171895
4.423633720178204
-21.69095673053716
-8.471728175151418
0.38236471669326666
-1.5281184577755202
-4.5382045869957945
-3.618135436300798
43.68431714803733
-6.376377862323535
-3.302611910923322
-11.040587329409265
0.30403324547946053
-2.7057961000013613
-1.0093402663893905
0.8928387632451735
-1.1556401989856522
-1.2297537767321576
-10.112172055096826
-0.350727709118017
5.988154299466114
-3.11985033624504
-0.1960610380840364
-10.44250278648386
-1.0402629321023895
-1.2021523733782504
-64.34662421383807
-11.490490247518196
-1.0377086337202879
-1.044018047076285
-14.79003930614506
-21.90202136440442
2.547460691365124
-6.270269774853247
-0.9999521141438802
-22.04560542988214
-0.9999521141438802
-0.9999521141438802
-7.807977352464546
5.31826920560191
-0.31049921870876396
-2.0549146162558993
0.7438471142635579
-3.926004485052157
-2.405844260384517
-26.76729186434274
4.825314463797886
-0.9999521141438802
-6.749475196623878
2.502740596337583
-6.906183777507032
-10.802008393659593
7.057239869791273
2.083132625226773
22.69228351466645
9.772117263350628
-0.9999521141438802
-9.671110056693866
-7.401558824073479
-2.3479643363647726
22.548746860948647
2.9396363554868685
-0.9999521141438802
-5.4313534015014735
-0.9426631430013676
-1.4016248777118787
-18.075449294325153
0.889726025689096
-4.021920001495195
-0.10931028232168538
-1.9334354549476278
-13.846588906949185
2.416754769488537
-7.072861397159009
-3.89735088782663
2.5312431956487607
-2.0376718674883127
-2.330146485003714
-3.7686026368858188
-22.304783155320177
-1.7474073356109279
-29.492862740942392
-1.9982514532521565
0.12557653714203876
-4.739480200289028
2.5700576064068206
5.895061683077609
-0.9999521141438802
-10.521382215678118
-3.031949431193775
-68.38795550841691
1.1785606749145594
-0.9999521141438802
14.794655173714334
-2.5311457608812087
-0.9999521141438802
-16.527923118999414
-32.69774660768289
-0.508379922018019
-7.739824134296978
-11.314705499502791
-0.18538750316917796
0.8326575270695629
11.827795407830687
0.4439872281722832
1.531962957216495
-17.752374966323973
-1.3324241675327357
-1.0091782844724229
-1.0801160391563651
-2.3055072426539645
-1.0344956267666834
-1.5427717777598637
-1.0958708235156926
-0.7276690313115757
-3.425815639504853
-1.9584920863301756
-1.4510939953795459
-1.2590350044993524
-0.4285543729014516
-4.453087489208194
-9.269639420606273
2.2682916455649678
-3.360010812958865
0.1532042373354321
1.680527242329692
-10.473270850142844
0.745277712426685
-4.475566411148054
-0.027179776639954856
0.7993488785726421
0.6173878855718795
-1.4940124187562716
9.558311072642594
1.7978461676041908
-2.1477100725515235
-8.722026150532619
-2.05469420620745
-33.742633469668334
9.122328799624595
-3.817428598881086
14.313839666641025
17.953109646845885
-2.0649291458903645
-0.14008376653560184
1.383666275168813
-2.3442074028395643
-9.247503185057338
-1.0388773272915366
-9.348656763411268
-6.609675217460056
-1.117384955414365
-2.1988732493128667
-2.5532050564608024
-6.7631563802521395
-1.2230062300438331
22.21282672756494
-4.372044057156435
-43.52920455284724
-4.344227365966896
-2.200895947338101
2.9722717508204775
-3.257519354735775
-2.1157356419234405
0.5069628354213962
-1.3855232131861512
-9.429490684678727
-0.414239412396586
15.25318006659417
-6.039991198211979
6.158558490293315
-0.9340720252623378
-6.514602867008582
-11.28464094006282
-3.354448664412217
12.484194968292892
0.8289684871682974
-3.612995743732458
-0.24183523846434185
24.544879745655354
10.025919165899278
3.0795189592425367
-9.516788058406732
-5.276721572746387
-0.10671274901998506
-4.376625134033043
-12.551016667486135
-6.629410167861879
4.217117307145166
-0.7767159088685678
-5.88200055415569
-0.8136614558987393
0.7384369662893833
7.935524431308004
5.014035090771198
-1.1311232342769415
7.055054232252276
6.237336375522904
14.138241662803377
-0.9999521141438802
-0.15851701580878585
0.4778706969627051
0.755891672521785
3.565136846206291
48.01432695767161
-1.5705113960471606
12.674246744749167
-26.870023337969887
-3.40513619054783
-0.7167218588826678
-2.9417323006709135
-5.5005298458141105
-1.1344556448865424
-1.080302593656382
-2.0147610868886376
-0.8838730705687516
11.453319551258831
2.3812668561427888
-14.425660343912265
-75.84217505069338
-4.399492373319173
20.116936542382923
4.726594966770163
-19.383694126779513
-0.3850572984104791
-7.3583170198213566
-7.741374372986833
-0.4632858275185465
-3.5820215755779325
-4.276229344284561
0.7771908387158233
-1.796150226124375
-0.685890570328664
0.08399383882342026
-1.3259200667951005
-0.8413658406086078
-0.499872026128499
-4.190062045566876
-1.7437752505097133
6.8582214291360035
0.3359315057435155
-1.1956423675832841
3.815083561053337
-10.734572931843358
-2.2378708056584657
-8.0725411925542
-34.52899618372698
-0.8840120242157585
6.576640531567046
-35.24346866857545
-12.662702303247121
-5.709958044219343
-7.892518100483235
1.1486741344967308
-0.30485016918882535
-2.577199166203056
4.337617466610167
5.814290909753067
11.066492432125983
-1.0056707196821688
0.8817430791240084
13.119753040377605
0.5070236100423546
-1.69420987965812
-0.5651036971214008
-8.17607906265288
-12.947931534615568
-2.8366588774131998
-2.4184756584268663
-0.5427312199634255
-18.229131810664065
4.3788215434462465
-2.0232116873025814
-0.9999521141438802
-0.9999521141438802
0.12212095434283077
-5.631050051685845
-1.599809721285464
-4.449505528522755
2.9490830070067253
-5.271368338595597
-1.0364788967257081
-9.590870813788543
4.354089681970153
1.9853306734674274
-76.84844209738709
-65.43883951614453
-3.2207819524277763
0.20172445393735217
0.7853048050062663
-0.9999521141438802
-0.9422715444850573
-0.9948753735889571
13.324435339748964
410.7886934154609
-5.296276922314256
-3.8741786282974973
-4.37520106681357
-16.332217393638995
-3.4082597807819357
-8.468156996441108
-3.107583089873453
58.689513564294934
-10.656701872253356
-1.7186875597025755
-6.488574819787107
0.8662781752602311
-3.3931939196624836
-1.0901081404294009
17.07610653948408
-8.286730675761477
-1.1836483174095633
0.3315778698515335
-5.447412295100477
5.823718038439965
-0.04326487898506415
-3.386782952244984
-0.9999521141438802
8.415665516170682
-23.46887929698431
-1.7353195129086294
0.039395129582485255
-7.177297865988988
3.791318198632991
1.8165828337390102
-2.302062782949692
-11.193082686727484
0.9064232479021588
4.5704525091242
0.12809506855156405
-0.9999521141438802
40.46896182298384
-7.82464576393696
-13.106111792953486
-2.684760349539165
9.039066938411143
-5.328980206171314
-2.8751787239907194
-4.668313452838225
-3.832902405492684
-29.871412865254424
-5.920465884564086
3.883316527331552
3.753891812999297
-0.9999521141438802
-2.000062233500109
-12.215939278729367
-8.862863611883292
-3.2137532233593107
-3.1782321041671624
-1.5428399323507689
2.9980459837089533
-0.25022524026421966
0.6901113561792127
0.9377790044626235
-4.989507992455257
-2.8892240768867117
-2.124558478216591
0.08392548404353395
-13.962686747825396
0.3968476965735237
-3.815283305812155
-19.300531825335085
3.0688104550554978
-8.085712432746934
-0.38278731542057554
7.329297610402744
0.7178807815456933
-5.797532705154055
-2.3433920765962863
-1.8493885358859106
-17.678755449917
-27.396677912598882
-5.8255599212652776
-1.4250027716853617
-2.393751869934085
-26.652802693408333
1.7764704200018238
23.767852073184986
-2.269509767151551
2.924362711579715
-0.17897122015715605
5.840047806229929
-3.2641117675011526
-1.2731134868775766
3.6662068299793167
-0.5723306269165616
-1.0582308559215936
1.7116193772231725
-1.4764435929663642
-9.703232638585778
-2.832772016395774
-1.9769642512533596
-10.527969440287212
-3.8991794692068633
-4.987480832307055
-12.897575597807736
-3.6030342594597204
23.15340314974769
-7.872767870478333
11.046811300936787
21.40692459850587
-37.92053200279081
-2.8583800319173083
1.6742783078201575
-1.534925105193393
10.72664445984895
-7.81323828236636
-6.086432842401424
-1.6573386335272011
-1.2474890863492534
-0.5397599714221409
-0.9999521141438802
-4.748835728937653
0.3812538374529155
-1.8813369457407674
-0.06980321222906372
-4.465354693390504
1.0053280411509444
5.889180028068681
-12.236856394512323
-12.922324574671462
-75.45302884815422
-0.47073696884943095
-0.4363553757484211
-6.274489648236212
3.73443083048022
-9.865609957017899
-1.7911568351120613
-3.6918308844186134
-3.722086585156936
-10.219633033332858
-2.0400878152307547
-0.47453383153362694
4.849732074312039
-17.98867827456215
65.83432386221007
-3.8486378157840746
-13.259125969248789
13.760826609551232
2.563366408904146
-2.511104785235191
-6.344364086789486
-7.477050656188771
-10.397384662335773
15.082039188425155
-11.678517399572902
-0.4922262955885901
2.002423367598231
-5.228181332749747
-3.264614966300383
-1.6474657203371357
-7.99428393907975
-9.072853087329849
-10.303715345724292
-2.426917887273676
-0.9641843441028795
-2.8754442386226393
-9.095745776578388
0.7223085786239387
-1.5895113451792828
-0.08277725983078521
-0.30556695583360516
-8.530811235248349
-11.977491128394956
2.997398336573336
-0.22950948164571883
-12.127520078713212
-1.0618003140298486
-0.8030839407076933
-1.2918049095283854
1.4312119973417676
-0.7678396705658126
4.6106905426830025
-1.7995209063904214
-5.58612598035964
-0.7325221705650429
1.7529851766353137
-7.511537693978045
-4.754907347165327
0.8543849696019008
-10.11056067214469
-2.1767132053010867
8.217455746393508
-5.305679196227754
0.6087936995028005
5.953451024390077
0.4391559298272474
-0.6649565142601532
5.453339640821866
2.164290603363997
-4.105172614381042
-2.820561344312819
-2.179231188349526
-7.1792150312522764
-2.1199773725559146
-3.170983444991681
-2.7091116483400475
-16.314235690872135
-1.1631162542859192
-1.7063713342928968
-0.5821210661825377
-13.116467646117275
-5.276635636453392
3.196094596667163
-4.416063459520207
-0.9999521141438802
-7.147161492549024
-3.598730265890454
-1.2679427214315067
-11.880737176042102
-5.359679986798454
-5.170013238056519
0.2840003304120675
-3.295336525561373
-3.323941073803309
-1.9446920681660687
-3.360022799584638
0.9988028090988039
-1.3584653301699159
2.503757389072246
2.3493906908726925
3.9392955770452924
-2.141943904725783
-12.577935862796837
9.033453992714355
-15.620915593642104
-30.334765722920388
-10.510978525362647
-7.208486609815047
22.338804323784775
-1.2797761511733843
-2.2872389913475555
-13.451416822139267
-3.141800493197767
-4.418394037905097
-23.61654370901838
-0.339382617921703
-1.4983442984880884
-0.5023093035453849
-12.967773922921731
-1.2056979303017716
-20.39822975059728
-9.841648824196055
-1.55296656140515
3.1540899316732918
-14.054906642240494
63.227321371158794
-9.479823050749038
1.9096848041751575
-0.01944901085054318
-5.878777868620858
-1.0036798668613984
-2.1965241336826193
-0.06222545848508809
-7.136070936064474
-2.1792671894713416
-2.3260308995345986
-6.553868066080005
-0.6650904991779022
-1.4140311651782258
-11.879520342628838
-12.186313098894292
-2.579322506982186
3.3581165455898554
-1.6448914270246622
-2.7391139081137768
-2.352585109036629
-5.855416270232114
0.6245844378597187
0.5630443846239463
-1.5263242370753058
-2.466076766253882
4.044491169819484
0.1899186424118735
0.17788503636949393
-1.4255866089299247
0.14710523182371293
-3.812540610562167
-0.12648347615916167
-1.0004234223452044
6.135054148309342
15.665931122820998
8.268811680445062
-0.12271599990993165
-4.800842526933021
-0.9061867821871581
-1.8898779223801339
15.884849472520772
12.453265742427863
1.379255647765028
-3.603984807154908
19.910245835095115
-2.6021365429751855
1.770086261206858
-7.159477195520031
-2.235005469577146
-0.43477353223569226
-34.146802694585695
8.480815938538724
-16.657625225670042
-12.840235739043797
1.215418438564925
-19.262418501703067
-26.378287124961556
-24.132051201025376
-20.418848144872996
-22.04664954580227
-8.162031576350985
1.5094123173314342
-1.4399174899354303
-2.588945267762385
-3.3040598131132612
-0.20645725278631544
-5.149206351228969
-2.821155662459234
-0.5775501396048995
-1.6149459011249796
-1.683765846629043
4.955438554368218
9.630295019957597
-0.1752519461019375
-10.975293921648937
0.06442750296484423
-2.9113153166182957
-9.28362011018381
-5.265764641088182
-4.407365657685238
-1.0547915160019743
39.80674439694221
8.870249263151978
-21.40511991117192
9.383164498331803
-0.5866210948134731
-5.9803298902526
5.975338144672172
-0.2753733860333054
-0.49751647021335255
-4.049823858145189
-1.5294178876513569
7.3334176411353855
-2.471158780182298
-6.692730595137286
2.7117077035502253
-1.071978046216606
-0.6576020345660489
1.888955457959122
3.28367964858108
2.014633274592287
2.6633961272233666
-0.48669424569539377
-0.9999521141438802
-1.8307483623054028
-1.0875558817882078
25.727622257478103
-7.11690861275971
7.975640035265025
7.889589713573974
-5.889370543506626
-4.242566303926386
-23.164774070943015
-11.560006581487292
-13.001958331827826
-4.703393983359627
-6.5238013986498675
-3.6320699607663793
-7.167709858175273
-0.9999521141438802
-0.9999521141438802
2.9227216405204968
4.330709387423639
-1.426648708169902
-3.0336105847723687
-2.2419970086162166
-0.4452903717527863
-5.2872297751932145
-1.304823015475495
-1.234109498162009
4.061733134249142
-1.0303385968393637
-4.096177920807584
-3.483688932389564
-3.238292290170682
-0.9999521141438802
-1.097058259203237
-5.906599322376229
-5.142713492958258
-1.541118875534278
-4.544529515082919
14.142888001679234
-5.176561079701603
-7.340041623167096
-1.1598232082489293
-10.740174412280119
-3.841340131338357
15.317951959805052
-0.6289956506071681
-2.593992659959576
-1.5810319446566736
-2.4373160841624983
-1.1744783144932738
3.749677216044963
-0.7701406429595561
2.565824604666624
3.2156076457235927
-1.9532640848300513
-2.9928429358414035
-19.59964958379557
-4.383225870990057
-56.84216606909254
-17.252004369950992
-0.9999521141438802
8.757935599951262
-1.4792428281531147
-0.6385526771545755
-3.1919023868299146
1.0115931236665925
-82.97467427879465
2.3412007799510275
-1.3204651495060211
-1.4629222441183685
1.98982834035666
-5.76766452964598
-0.8350703051037767
-0.5061985819857949
-1.9760317533784941
1.1231550951844733
-1.0699993072090344
-8.8681266240608
42.280971350553415
-21.082682823430073
-2.116905827716463
9.574090916159552
-3.8955343720248554
-1.360626897773302
-1.6470334886838285
-1.1875941467735935
-0.7298944547284152
-2.4771662226466518
-1.4699182814710707
5.912259402094882
1.5216080024340646
-1.3597545183197801
-8.253085742665256
-0.7219758112289874
-1.3661069172384614
-1.2542262078971902
-1.9152166000188093
-7.94109683128983
1.0722511312674445
-4.252797907775747
2.228442070780039
7.454101988167517
-15.059487368952949
-9.594417132911104
4.922640094346278
10.14905484441106
-0.4020653913330867
8.699318937761083
-13.373336115511002
0.0437928257738458
6.466992361435977
3.843257229352982
3.698067629429588
1.5882860612378495
-0.19442154853227556
-0.7881017354772939
-1.0238502943523573
-0.2614227676017058
-5.317550222027656
-5.721182511728896
-0.10867163596079044
-3.0749518392054336
-2.200870215422566
3.917887862119834
-1.471622208563688
-2.075830404728202
2.8813055558125646
-5.073552410799975
29.75832168389949
6.311291381689797
7.394742051074033
-3.6164996752367675
1.5042411232146047
8.630073151097614
-0.3433884348845777
-8.338729854749719
-2.0314767577377233
-6.2214077753378305
15.951363876146898
-0.7050922856704993
-107.18929305478339
-1.2969176493496164
-3.77312367416842
-2.745853622619765
-0.7522555552821942
-0.7324003420387432
-1.4305331874600316
2.6178077719788297
2.0970082493881286
-0.8366480295718911
-7.534655721768329
-1.0982613711607263
-0.6996821190295159
-1.456705978685243
-21.236645159980082
-6.778392894598959
-0.6197028488565317
-1.274674182392725
3.5616501486379515
-0.5045802428161954
-1.220726692533082
-1.9829089626691152
-3.0355952170253846
-1.554044181877384
-5.748127043563459
20.96953503485222
0.2982372862414997
4.832877158672652
4.008542305159059
1.6057038625170796
1.9108487503781286
0.43565498590111407
-10.004368059618297
-0.9999521141438802
-1.313281791661637
-8.240240902377277
-26.8343095262831
-11.164654968228957
3.37140156663853
0.6350495229617814
-20.65106831799523
-6.949604205262984
21.435718118198288
-0.9999521141438802
-3.1157812690004087
-7.867585789934003
1.074007335183326
19.48157819503744
2.617757854659259
6.426734034851096
59.008128531932726
-8.917643541197787
4.347343045967538
3.280515445997333
-1.3857821055426376
-6.130791820271549
-3.1725086681736903
6.293994708651626
-6.054968260139324
25.06289088092598
9.29892033878019
-0.2781621104799952
-10.62501584747157
-1.29764618893554
-13.474268506123058
-12.416942361199393
1.5690908322716917
-19.947758807634035
-5.478892127767361
5.212853360552531
-24.36195650040546
11.332670888688165
-3.611719638390811
-37.89954353095865
-0.22260523849604386
-2.941463354744791
-2.5700914392075633
8.482814179143642
-0.08932909854756121
10.549370962336459
-4.6580048037926876
-1.7002696202772916
-1.4960629253391535
2.0475451919290832
-1.6844417149491677
-0.5400967086808544
3.9422936050365993
-33.374529683251346
3.9203357736799442
-7.047507737038934
23.00988179713342
-16.386239294458477
3.5498623712806396
-13.454786231755586
-9.500752986975929
-21.393897379528067
-2.4197648110822145
18.11513268092574
-14.929171439713656
-37.974256891338754
-66.09652794359806
0.353224788013053
-1.4718572959608496
-212.1757828701933
4.061124021467867
-8.784275746318018
0.2637878272012757
6.168754277912724
-0.14983882773109203
-0.3857445031534942
4.54703844337924
-0.49009909393179707
13.370607461567241
0.2203486284358369
-1.3815618955886146
1.2376941882056998
-6.5433524252390605
-0.6661309946951373
3.0614654071087055
4.007842338992399
2.5933822366231403
19.747521700079606
-1.4393392722417104
-13.139085200637817
4.702068746414801
-22.15115039020333
-15.46669419754108
-11.211282831695147
6.199346357032768
-6.273030398712477
-1.261212063451933
-3.0982321528976047
-1.8994479946279479
-3.577485420720109
28.92919139408576
-7.375982072799834
1.1930113903797976
1.1357590514327254
0.1575540249864873
-3.3831481695569026
-1.680414029474916
16.151960009074806
-3.1540650645131336
-1.1924569518206989
-0.5739153056905428
-1.6678151670358972
-0.6906889263762124
-0.40386247554010446
-1.5701791816342707
-0.9999521141438802
-0.9999521141438802
-5.442962082265618
3.3650986350940637
-14.075001471629898
-45.050181678532724
-7.235196166817476
-2.2561909011656867
-2.37088971834129
-0.6356139752478298
-10.906189480069528
-0.9887643137277913
-3.4343945834222263
0.8830773038360342
10.463291336517807
-2.60076531129121
-1.954332285404777
-1.6013620420679806
5.117076368517612
21.73320222634667
-1.1875788091000006
-2.909777728035546
-0.9999521141438802
-0.8501917346054628
-10.845408332584643
-0.9999521141438802
-5.826959576316929
1.1241300050561303
-4.474100039147666
-14.054375579765312
2.950461652448554
1.110338489484362
1.5041382387231566
0.8526697758514041
-2.9896009613671533
3.690400718565361
7.423383933054215
2.564454925464747
-3.1100642799531952
4.007671689905633
8.3904905201931
0.2708917386206786
-2.653511297973014
6.811503119538909
1.554859895889043
-3.4850036498897157
10.94238635637968
-4.3811104243384165
0.4127296448376314
-0.5865827943790664
-0.190556783159455
-1.68079619320998
-0.08634431360677752
-1.0011870001953782
-1.1031511812877999
-1.0462854200600944
-3.9407161760481184
-3.678482605694185
-1.2463452657662935
2.2598431031605664
0.80814145763703
-0.0528340800571131
-6.536215119429951
0.44740444814320623
-3.38210974161287
-2.7621466610154104
-7.911901814275586
1.7941527079829442
-6.4916656653733416
-3.262489051348983
-35.303968948618845
6.649472128837651
0.785523036884451
-0.9999521141438802
-10.219034115203138
-1.2320758428232166
-10.967341365264925
-5.448684625988168
-1.6862863175044753
-23.651493588140415
-1.0308585738280347
-5.923231984901358
4.2340870073923185
-1.3078802805663083
-5.595742838834141
-1.2093718466973649
0.18169650410968874
2.404125474146561
-2.3844132494796795
-3.3007352062855317
2.2089535270187985
2.030888519592198
-1.4573065926618693
0.2987852936778903
2.3696414040622025
-2.419173655859083
1.9015501526291416
0.07869858173320488
-0.7139763570795615
-5.628602309882728
-1.0735452392219034
-0.298370603532355
-1.6224904479297282
0.30378189628330476
-36.180184478474196
2.2400207973134507
-3.344500202236562
-1.9256208841070797
-3.7129419182773655
-0.5690339051170281
-0.6337666281526119
4.710327274935516
-0.782431125920117
-1.3426613398611882
-0.5862188630964802
-3.248295233502592
-1.2312603911394577
-0.9999521141438802
-3.7771378234562243
-1.1202844982285258
-3.183616027879944
0.7591717017661723
0.11582732609800295
3.7029367216540234
0.874710694230199
2.8854025993241152
-7.389868383169196
2.0004754825725386
-1.287431306212552
-8.165464229177749
-0.37868502795886183
0.08237816386967345
0.8915693720498366
-1.014488551897448
-2.576421273697802
-1.210216630991951
-0.6307280679258036
-2.18554124373279
-0.5591502127512771
-3.8063309474372398
-11.540273363237171
27.609975189038554
-1.0362921102333822
-1.047340003147222
15.60052774845177
1.0640989489404733
-15.14218183336219
-5.624248369636597
7.516061349235974
-6.063886020378186
-4.38449068545115
-0.8852722988457727
0.8302823228345426
3.373006812742983
-0.9957113254974106
-1.634750883622409
2.572677313404841
-0.7541139802513321
4.3275869067534405
-4.975946376573365
2.642656628611
2.4917902238872243
-1.4354924698847242
0.14720411700806713
5.685573677088119
4.2386783112416815
1.8138649983015127
8.484773918561386
-13.627184688808192
-8.272686258341846
33.49225601508935
21.077913853356563
-1.7376526892123683
-0.08106533661290727
12.958255311218418
-2.8506454678751902
-2.8228983009018656
-1.812259283003257
-3.46986115197692
-2.254703795541731
10.292572632610467
-21.805998451597215
-3.2047733213563796
-2.652396857814027
-27.10989099839193
-6.415225393762508
8.64557051120383
-0.9432589889963868
15.138433271180881
-16.862983728576797
-8.304090090045475
-0.8471006309896907
1.484108759870137
-2.2355274216388135
-3.928143697639834
-12.384521667816648
-21.875487659933327
-1.066791359360089
-5.524435494891451
-23.059900829531635
-5.0049703201924824
-0.9999521141438802
8.016455021650222
-1.4499621587725822
-1.7377642721164466
-1.0746113548045209
-1.1784612477861518
3.0837156607657596
-16.10243233597675
-0.8506755048958339
-2.7498074411643927
1.8460377852316872
-0.2563357627281113
9.50466153946385
1.2314498299334962
-0.6283105264082525
-3.5578468500581883
-0.5953223398830976
-1.7587994278672752
-0.6940135440280787
-2.207449171128749
-0.9232123794053915
53.32081356296939
-4.8592064383709435
8.695260518694115
-4.564120704253332
0.0031056596248875135
2.534913133537391
0.014262159707727928
-9.48488794658318
18.070485563468637
-0.9999521141438802
-0.9999521141438802
-9.698480971375302
31.91152592644082
-2.409379272769255
10.50963026052919
5.889414512738195
-0.7577112270884061
0.9908965197901849
10.942705306824823
-9.281511623431493
-0.9999521141438802
-5.791399125416609
-2.6282459354959506
-25.24034617164042
0.3002915161805353
-0.9999521141438802
-1.037119395095791
-0.299846450474189
-11.51131620436705
-6.017621890036576
-13.41480378378123
-7.383890301578225
-13.906169539930838
-4.477644413531303
-11.039574023119405
-25.814482471939115
-5.331712346459819
-9.925156467651595
-1.5889958381229312
-0.7893872973859599
-2.127977198641096
-2.7085365059455007
-4.198814901849419
3.549937602366079
0.36242855288111997
-1.7363438092384587
0.2998642899211621
