-1.0968733268756576
1.035899491088104
-1.3772507749092038
-1.2511822456260786
-0.8154547258478685
-4.301814933444
5.530932278878632
-0.23883325284150225
-1.3038080331185902
-1.399551588418015
2.6018966526030853
0.49113675635048004
-0.11825975364151409
-2.76283863257105
-0.6816219041458367
-1.0002842725501724
-0.003462973339695141
0.9970441621657766
-1.4711214551477951
-1.1395557031071966
2.4302615861961807
-0.8062425614309094
-0.3140991371228856
-0.38138335701367554
-1.4286140073661466
-2.213862739884656
-4.96015046260513
-2.1771842771312393
-4.165348702103438
-48.36679145104266
1.6799069163324476
-0.667154823415643
-0.8226100279412021
0.48747072154417537
0.3910571353316772
-0.7912825320287158
-1.2736114359726332
0.3376936578998606
-1.107439713617573
-0.664878842188454
-2.4181992146524736
-1.4009508554702617
-1.4921463694485246
1.0688701221180854
-2.0111549096065966
7.916621391969194
-1.210495373121837
-2.2245003773690835
-0.9873798945116883
-1.4608972594057101
-5.208951936076231
-1.7077275371439087
-0.2825578518028563
-4.199855458172074
-1.7714171024164824
-0.19045663748733954
3.088551081167218
2.3008125287691557
-1.19040534920759
-0.14926820048700395
-2.6974725637674353
-1.1110904252191993
5.15563164605982
19.100723232522128
-0.6998646694970914
-1.529873230399115
-0.88419228023464
-0.020888253133389822
-3.415538172986651
2.3067010534853885
-0.6219821356673976
-1.022055841259919
3.430039579980306
-1.0304807055166503
-0.7871911913520603
-0.49812126102019405
12.58926740111273
-0.7114056970300102
2.808496902870473
-1.460191803082673
-2.7259763736280473
-1.4545583590054125
-2.4048323898258936
-0.6873800975952042
0.39956086574415206
-0.8163304853615183
1.4382194820375678
-1.1384320494090483
-0.03526169206456098
2.6740808666006712
-0.17375703480597604
-2.792189557884648
-2.44195608617255
-0.8554013357465342
-3.486415567531584
-1.1099103697074644
-1.3562132454866094
-1.0161731426719551
-1.951179351294583
4.500967680778343
-3.1152829819678476
45.38321733269839
-1.7499943641920703
-0.9999418933678508
-0.9999418933678508
-5.73939168415736
-0.9999418933678508
-0.7928070957384068
-0.3952216575993849
-0.5608400136726267
-0.40346264513732133
57.12623454271146
-1.5312484317615556
-0.9996791515293684
-0.9999111694772361
-1.0573915468057256
-1.191236529781061
-1.2302776889505171
-1.389649755994324
-1.703121302873552
-1.9501535793691789
-0.1992786651191204
-0.23862111833704258
-1.0491755562045952
3.018990645928103
-0.7307358542597363
-1.4239424626407067
-0.6789612179419882
-1.4944612701634226
-1.628583599770629
-1.0391856568805657
-2.614248138760392
-0.9571291241752877
-0.44276273587749837
8.993657256513435
0.9991856949107403
-2.654955816144059
-1.547460106485073
-1.3231875737938124
-1.3992714913981237
-2.2212724635609713
-3.09455617618669
-1.121987472987941
0.40360746418519833
-0.9221757829913502
-1.1035996408978284
-1.2832400485857463
-1.2350398649720031
-1.0493220662798932
-1.0216503942437856
-0.6549855487475448
-0.3731844401166686
-0.9036221937947952
-0.21024857991070878
17.11409306746178
-1.48319855402328
-1.4840050799461046
-1.5230385631713503
0.19017133408577802
0.862430270850862
0.03199181411595209
-0.19717302437099726
-0.9987043049301699
0.1733568161756467
0.06448888464282576
1.4413446799179614
-0.8375015237312139
-15.61852296029956
-2.960643093852893
-1.045857460990808
-0.8730451665258623
-1.1398709406998007
-0.007755068086952699
-1.074157528891888
-0.9605685808339464
0.2661705691903604
1.290095136133424
-3.8494847480124235
-0.21324996015528397
0.1924127312168189
-1.0002952817454405
-2.6173702459012915
-0.06287094067204935
20.554086537594323
3.1782309956386485
-3.7319237963756193
-1.7354526235670835
1.1728307512253058
13.12827577755493
0.6818486325351731
12.891046068006023
5.193799897293481
-0.31177429614938645
0.8560650592611181
-0.9266457418156251
13.370837995753364
9.29819651365334
-1.2134692068944875
-0.9999418933678508
1.238575789344584
10.408625017278407
-24.018991393810403
-3.819104064457686
11.413897311857061
17.42820411187897
-1.0140635676506404
2.573221551644402
-1.6359674406230647
-2.251606294694394
-1.2206408968093423
-0.4785298713808632
3.191758280379656
-0.8773381155699204
-0.16428911616619657
-1.8739800820058226
0.14489407686128608
-0.7788249529245631
1.4700520620384228
-2.691742061291181
-6.553223950073507
-6.885485030975913
-1.6713926501630296
-2.663148743324064
-0.9999418933678508
-0.9316593661429983
-1.3273579852885184
-0.9997482086971657
-1.5654857670600464
-1.5661134842474913
4.813211181380693
5.679972814655422
11.56899150317051
1.2302224447705004
-0.1356134907225517
2.0233082313670696
41.277806061346666
-1.4873803894851059
-5.22952785524647
-5.013149666779627
-0.6847333997272618
-1.304403488506657
-2.196204152578081
0.2932237103931674
1.049424778667936
6.000667031142308
-0.6625020141257214
-1.2616960865760807
3.1169897580361217
-3.5263434548401795
-0.9999418933678508
-0.7809821905717669
2.6219971445954138
5.206228754748947
-1.1218769371996737
-1.0297424841351812
-8.257762690447494
-0.927517976629761
-0.8862499359086797
-1.775332472473221
-0.047311979700217055
1.5779849972782967
-0.7704764049038079
-3.65724665069383
1.6038583181262291
-1.3952663466425794
10.89488088297567
-0.8839138668070439
-3.6939811560519322
12.835321570757195
-0.9917599863121042
0.7301605558177537
-0.5391085063228307
-6.852075431781243
-1.1985542471899344
24.492911688553875
0.7367597988816503
1.7343948351373477
-0.9999418933678508
16.432141651802983
8.346440304846258
8.720877625205487
-6.306504675811359
2.3286555080912525
-3.0411696628119413
3.3782053215638856
-0.14544241118466994
-0.7826098309735852
-0.7065316528657328
1.1564145199720683
2.6630365516244434
8.470134780300794
-5.720666140002235
0.012815045317324802
-0.9999418933678508
0.44256497922266735
4.956691742039469
-2.789100752795678
-0.47897612279102963
0.25502752902498393
-0.7989389869413785
-4.7110993644648875
-1.2935383240061047
-7.131542590184383
-1.6398032357655787
-3.6248690548099822
2.583499815336858
-1.0545489478886798
-0.20031999134747158
-1.1626298320515085
-1.2421676627216658
-4.441237716911136
-3.6280294002502544
0.35348488678065815
-2.1555879878917636
1.8254066344178423
14.549183208129774
1.4254598217786172
0.7699978057086483
-2.7012033149650847
-0.9091999134045738
3.0542137553420647
2.3479419040794176
-2.2359099839431997
27.254427445096244
1.1424810426416765
-0.21563390700194907
21.038542050888086
3.3369353386338783
-0.8109440306469633
1.3223456987713176
-0.5268425131313499
1.346939857718659
-1.0873069343628905
-1.6332592967499817
6.227039572114343
0.7647350359795155
2.9900344794752063
-0.6483259832677308
-0.23743940185137524
-1.0601596739033696
-2.5416247511395524
-49.02141125892648
-45.6158301027431
20.511232004495326
0.47159383381844977
2.2414967068620673
6.17094490385716
-1.3261249245201188
33.46685611438028
0.9911841837394879
-1.3710561349490655
-2.182450074320605
0.5279260318570027
3.556931912754161
14.372912874778839
0.8914588884441854
4.081024513882621
-1.2075136713010244
-0.14087805061808467
-3.731125841312529
-0.9999418933678508
-1.0156765778674464
-5.89044011590172
3.5628196453948697
0.2665053111541664
1.138139774594396
-3.3226948902722033
0.6557270965027091
-4.933322378285881
0.9998241119716167
3.480338782901733
5.183294734719237
2.5386459721504564
6.516810972230896
0.3227508427915189
-7.6956774564134225
6.963029247819639
-0.9999418933678508
12.388500282805246
-0.30889479627678584
1.7463562323389517
18.821900075394517
8.171140911062816
-0.9999418933678508
2.5820745460794554
-3.231633422449851
2.7757671705097953
5.109240205742545
1.2729330980305602
-3.0979855684120055
0.06789773142005595
3.163419690149303
-0.5520350507849752
9.906763783519313
-0.13565762005794957
-1.2087363721369875
3.097232542080723
21.70317058404361
0.18619034420600267
3.1312948024967038
0.20077198262327678
2.599149395934885
-0.09225508448364106
-2.160449460567856
-6.491449039653986
0.6430853293732799
1.1282885515209746
1.4322686346137767
-2.8081150382368003
-1.3407505115160638
1.6083975482666077
2.0223554474979935
24.918657725655066
-1.5812567393631771
-2.1887357081562
4.161635488356856
0.4919671349760084
-5.48423790302691
-1.1778379300691215
-8.13488171060861e-05
-1.0185202634750574
6.265220154343071
-2.630022897098362
-0.6998646694970914
-1.901212011741248
-0.8115629537719096
-1.9693817882514584
-2.7267977442028375
0.0925385779476744
1.221411639354368
-0.3959276403409542
4.160807438279214
-1.557264056426861
0.8749076364904327
-10.458045026387067
2.0719833614497505
-7.9200116038905595
-1.1703490088142652
-0.730181439135265
0.4606834499406913
5.630255357854665
1.7298248977933022
-0.6341607426151699
-1.5391577260289502
-1.4955657707780357
-2.599268934332537
2.501805968415206
2.782893991208449
-0.8530310920014545
-3.718533594274917
0.8983688412624464
-2.1346421415123302
16.818891159693802
-1.3057311481403127
-0.9999418933678508
4.981243259420845
-0.4328303548236463
-2.151068195703557
-0.7878774535436834
2.8332429499553955
-1.421190508245316
-1.0041009006400818
-0.8929526367774272
-1.4518371064804763
0.5115742479936423
-1.1736765991011269
-1.2642705864467405
-1.2137885000367443
-0.9761616611995745
-0.9012787768162891
-2.3180660700008358
-2.9390280446558203
-2.1875898737279353
-0.7204714849087206
-4.025039425080286
-1.809798209226249
-6.927404581295267
-3.5035658443026256
0.6281259319866725
-0.9256895746502721
1.1222888097964945
-1.9043434384975495
-5.217153702164575
-0.22104124539138625
-0.5095453066105393
-5.73588391524533
7.983111289024576
1.0940573248706524
-0.2785397092190083
-6.353069363534534
3.6778355413288577
-2.234443792755394
33.44926329614931
2.0014247223334802
-3.747437908326466
6.330205396199272
5.863409896417231
-1.1654571884073066
-0.8675652209167573
18.895493207429038
-0.568693989397814
-1.5767931186842343
-0.5356504381378538
-0.10948236528062982
-0.15416250229139394
-0.7400559633688544
-0.6168194652287323
-2.286561363285564
9.369161884701947
-1.196178131994115
-6.064550613345135
-0.7196493503737027
-1.4562543099749174
12.264974003439704
-0.7751557605529577
-4.3818718343925145
51.57921216603165
3.1472359501002587
-1.0686768361539127
-8.260922298254819
5.577969496879243
9.620120286277325
-0.7567469458816499
0.5298941047679642
-0.9999418933678508
-2.9412166606563637
-0.9999418933678508
-0.9999418933678508
2.109769321462269
5.404765971483046
-2.633832693075325
-5.211015941453892
-3.5206504517493475
-3.990396014531955
-4.020530516335031
-0.7667480474874107
-6.3290278223049015
-0.9999418933678508
1.0691620963345576
-1.1215597922822291
-0.23613027384461416
-8.380464165595225
-0.6152187318130418
-16.047099699727305
-6.059568806944251
7.881781590976997
-0.9999418933678508
3.103554055327536
-2.3670278036209407
-0.8320127820990484
0.9934071555794506
0.20531437361166516
-0.9999418933678508
1.596033942777634
-0.6946975053721527
-1.063265774451744
1.0642107878790532
-1.2806507682317312
0.8188254430087354
1.112282843287299
4.378956712469833
6.941343701703991
-1.7538606262834568
1.2887584211570733
0.30336550320884226
-3.673049329965949
0.6795438980657149
-16.80516047872494
0.22279394621709647
6.944882995071579
-1.8993125231751846
21.524344328408127
-1.116740062451485
-1.1679555830828114
1.0644212033450327
-1.8032782653167447
-4.12963257987065
-0.9999418933678508
-1.6715825337239143
-0.5795122335845082
0.6357304082205293
-14.364867456894542
-0.9999418933678508
-6.053636015442155
1.5068642760269726
-0.9999418933678508
4.018156395768807
1.915883503984722
-2.467388794033609
2.2788667523703916
-4.712575941928899
-1.1782761525747067
-5.427798210989092
-1.7823177853735217
-2.5422579355631103
-8.344983903314183
5.527057235143223
-0.5529172149766843
-1.322408048967621
0.045648997952084436
-0.918862803345532
-0.6368427826131915
0.08098931561677158
-0.5114719565402013
-0.9024131717059831
28.241846258296594
-0.8798417974417028
3.5482865156506356
-2.2133459070940513
1.5293353205207572
-1.0299569910200401
4.090272976893102
0.6978898384873626
0.7747539062671396
0.28867885729080367
0.5934842915823393
3.535925754166039
-0.6165163643456539
1.4096101990223615
-0.47981244270996937
-0.939919423864628
-0.6661681936398307
-10.267477273501724
-1.8656977820757192
-6.07321780469103
0.06263662295825001
6.715890285240263
-0.1045872349162259
10.15138237821816
0.3036830482242894
0.347094595274988
0.1249913838916421
-9.717685781877307
-3.6472416045873524
-1.837078557406185
-1.9825429895279945
-0.7859289304819428
5.3488957363157805
-1.2346809487240062
-4.444288551212008
-4.56449659936027
-0.5529467369788674
-1.3902207335489551
-0.9030118634651431
-2.390924619499923
-0.10350457217060127
3.79212820466836
-7.386076977072483
40.17915614866822
-1.63094845593724
0.11844229470943701
-4.049973533439981
1.589192822882969
-0.568878075201344
-0.7122784212903364
-1.2118009811613086
0.48581043695374904
-4.804767872529064
-8.520357443823317
1.6792123909387633
2.422378867033554
-0.5419397179053844
1.7249312062760027
5.869655252242362
-2.596952196421893
0.8398527512779297
-1.0700762738753702
-0.7195766826975641
-1.2124624037043557
-1.9404122674196436
-4.946000979951716
-0.3120142460059263
-0.7690291195191299
1.7814027908764136
-4.285504390899055
2.034527969087228
2.1854534143532462
2.9810607094255936
-0.7828531364733942
-1.910812145959015
6.940918153944379
-0.9443884231859627
1.1384204918638883
-1.651544779411214
-3.841730507866981
-0.8027109200294603
-2.251854220170469
-3.871238635743653
-2.422836125250368
-0.9999418933678508
-1.6832244696208143
1.7654331567332147
-0.7758975965275514
-0.4475166354789297
1.7832143374557359
5.145024222232566
4.222237175644802
20.120131879686593
-0.552431994565354
-0.13403067591083095
-0.823004855162299
1.994875351934541
-0.6422737532975985
-0.8318335217392637
-0.8876367403072097
-4.351345347873126
0.5675005645963247
-0.5295239849458033
7.7167109371251
26.028897413770693
0.4410125852873088
-2.746445993763942
-2.4466313675438434
44.02196382819643
-0.458389008187576
-0.6596126751452864
-1.9369896365216728
-3.6192928172782666
-2.46588294784052
0.0915414535480843
-1.0609403429179163
-1.0320310218445286
-1.592948251586972
-3.073155356422333
-0.2224835533944628
-1.2697681857371195
-0.7476894671897161
-2.5933044747015144
0.37543457845673456
-3.295320361855612
-0.7296016888323241
-0.422440251387714
1.3117665893264538
0.008960754389512271
1.3076402099650424
16.430533767797087
17.7283293132592
8.595770425168336
-37.9776855484653
39.83874416436298
17.415561843508655
-0.49999404874839604
14.469533446256097
-1.5229769268059568
-0.9738853488041006
0.10946431579344451
-0.8363099383743972
-1.9147600138296847
-2.308564946364545
-1.5547719129136595
-4.065374285221246
-6.276532653216087
-1.9309183379768453
0.029874519850434655
-0.9164666720212827
-4.917618340757127
6.64952067571344
0.026298343237697974
-1.4418397239418583
1.9932226764485983
1.1982805996857198
-0.691401619798818
2.0370791240632378
-0.9999418933678508
-0.9999418933678508
-6.476373288402099
1.0010862678473686
-1.6850482434710274
0.479873814744614
-0.46876848966620865
3.6805871986671375
-4.222106634246041
6.363847296035024
-1.3259384437573483
-0.4932980705196832
2.246139421412893
0.39650873433427725
0.672504089704153
-0.983904247344533
-1.1548549074303582
-0.9999418933678508
5.003807249314633
-1.045776302316618
-24.227985646444623
178.67686534119053
-0.29137936353624583
-0.34028563920885024
-0.3973181207686274
1.5911994347666103
-0.6152799342686135
2.592276033861211
-1.6894038225588255
-3.637806454349051
6.760560663698465
-0.848435259436038
-0.030106933962468774
-5.148795341994365
6.489645236929215
-0.6019748122115165
-0.6327227950604158
5.356934758630295
-0.42841688032993863
-0.3032716043525623
-0.7626508603104527
-34.303043883840175
-1.354925531516908
-0.6894031231086934
-0.9999418933678508
0.5781157774635575
27.354783436851463
-0.7154020252976027
-1.1669523852103048
1.4194060606437104
-0.4005154231229152
1.3300010236307607
-0.4208610443290659
4.776071774844919
-0.8912282120568484
-0.4732464368964151
-3.5037522755005504
-0.9999418933678508
-13.221229459095692
6.52771816189191
1.5640142827768986
2.4351614391088465
3.6782669587773467
-4.277674778525965
-5.677168221787941
-0.31168300100432667
-1.760073744508046
25.16155816332398
2.674951969927663
2.1816507686010254
1.5101443062788849
-0.9999418933678508
-0.9475490045139633
-0.5195280456973852
16.0489778131608
-1.4339140413941063
-1.4775386073423706
-0.20442082887475976
-1.8712332500812403
-0.5673392718743722
-2.174340123318406
-2.1684737984445697
-0.9995168194568594
-2.140262779798189
-0.5606681569675623
-1.9751971257260466
13.298650260563127
1.0459436592795073
2.986627199094355
-3.843738493945414
-3.367607372702203
-1.9502252165523757
-2.0267221220040845
1.929192715577615
-0.40451581219230404
0.41205819622582207
4.073413268289846
2.664931965094366
2.1507657247224645
108.71343407860829
0.9630952693624135
-0.5365584725401296
-1.6219206297500715
3.8281683489752996
-7.592679533298757
-1.0478624335262379
-1.0467292781992623
-2.308477272163438
-1.116444368705593
-1.73558651057591
0.3030275426486404
-0.46312096224931654
-1.3541595175637249
-1.0905483634893842
1.0299216001791396
3.44912091196333
0.1318806119866358
10.647648658378012
-1.9138011735491434
-1.7638874074009552
6.5943598172593685
-1.914551908219112
1.6231455679608398
0.9995577822212298
-1.778875511415206
-4.548950461694915
-3.7693054635806833
-2.18939879530427
13.568870708133419
0.3149708612244895
2.5358735133183585
-1.5377139514849287
-1.268304401760924
-1.208728444583105
3.0019209848805697
1.9141349400694985
-2.539026769665452
-0.9622117279878161
-0.15681846795245868
-0.9999418933678508
3.261440608960451
-7.741072507303889
-1.4250272654372353
-0.8915306056184866
11.03586944238533
-0.7781274378494223
-1.0165433857178945
-1.0610929057055039
10.520909373967868
55.0136015319091
3.876696973630582
-1.0241545892683581
3.697332130047077
-0.7691750557529833
7.7715866133197995
0.06321864420330225
2.618283326551515
2.666413567182087
0.8499085690130235
1.0556871589026349
-2.5185242681346294
7.326946098011128
15.37512240632192
-11.32601544049413
7.398197167856175
-0.6168555197235133
-5.811559594196584
-0.4359743992039975
0.4033168270626346
3.6774398822998298
3.882905763662506
-3.446294375261988
-3.7603067477928267
-5.804770531740946
0.7144416761765067
-0.2200621882749887
1.3024534249605422
-1.4920226402667378
-1.4597355100801965
4.752338450987134
6.049464848502788
-6.546971169431311
1.2156335992084686
-1.8164106174717087
-12.116328503576371
5.40948518016843
-1.4752407839120736
-1.1847312078289853
0.4532845991520962
-0.2576334509276955
-0.3665906435206614
-0.7312953645641322
-0.41044842607482424
-0.9219190599760779
4.616894657366485
-1.2819543642872349
-1.5072968663451347
-0.15932185685827394
-0.9694215589933342
-0.4890130296246872
2.813032119459956
0.998423616223113
1.4964693913880969
-1.366148314472536
-0.8335909153141388
-7.926724409606173
-3.7447033755948578
-0.4106985113731976
-1.0796392338378709
-0.09042475248505444
-0.7003704261845267
-1.9666208565281968
-1.1512364122440206
-1.2128287719216697
-0.5022683481797894
-0.5284559993037365
-0.015731623749787538
0.5934846359838981
2.4151732648614037
0.31850217336627784
-1.1894043340778482
-0.31070118405340885
-1.266086072535444
3.09209647173329
-1.8230812581658302
-0.5986821339813244
-0.4384235272779914
-0.6210187986244802
-3.178099288663255
-0.6394825905006423
-2.2724899894127866
2.6080254563165908
-3.157479146194873
-0.9999418933678508
1.1761842163611562
-1.7781383753953452
-0.2423258569814326
-0.6026549940642685
2.5639287753559166
1.5749408948487775
-1.5899254159255212
-1.807639576584148
-1.8095449254515246
-1.3291970058468219
-1.7697820727577034
-10.200433733962626
0.9161888863918308
-3.988096185440473
6.308238220911193
1.5924062280096973
-0.6232691896175538
5.663006427985392
-5.092165700259388
0.5900486514726588
-3.601728048558113
1.7802328047550309
3.5193372753356704
2.597481115984291
-0.7593973633108586
-0.5032008961541032
2.1156988673927017
-1.4187013667231674
2.2925062714834787
5.443612345487702
-0.6984321400964615
-3.035563178282271
-0.594269990322462
14.879095569940732
-0.47030818147517517
17.11967319499864
21.90345177490437
3.804897338561918
-1.355487064873025
16.133876096751354
-2.9868560684461056
7.928594542374531
-1.3956821688167893
-1.4218666381755685
-0.6980472755070068
-0.6306666977710028
-0.8531748879585899
1.5134447697149382
5.306837393238892
-11.139331668447278
-1.6247919129702961
0.8710247550085373
-0.978352143041843
-1.0340384502916942
1.6813391885382694
6.803831028346055
3.5154920459426173
5.271303067517236
0.7628051067224835
0.49218230629527593
-0.33434106886928516
3.7224950592896477
-0.4998846297252695
-3.7136924741019515
0.2000346156234991
1.289624761679692
-0.1577894259623862
-1.1777664173675686
-0.6581762199468385
0.2960231683412098
-0.16965868137596996
-1.3468107417620199
-0.7939165352193327
-1.124360857560879
-0.4779646905451398
34.891841678318215
-0.9655673070096896
-0.3108648021577962
3.3163544762743995
-1.1510765758947783
-0.8573483031757122
-1.1152912677113398
-0.9427553712164118
-0.3952507826402394
0.8560650592611181
-4.353904584517627
0.4368228973353738
-1.162814928008129
-0.8741412636024164
-1.1501964177515653
-0.5420800767886487
7.272121016818662
-3.8072625157644286
3.4360942523405016
9.872999410662183
-7.067952313496226
6.002858124720854
11.118352981083097
9.690486343775992
11.572465756131797
9.641338348650935
1.3853961456497066
-1.4461638056319717
1.3508472316174145
-0.6336406853643575
6.187038404229899
-0.5091715723322668
-3.7188123976450536
1.3498630446739157
-1.5005157762818766
-5.16143079283335
-0.11165757496568252
-0.43988387773240656
-2.8999570329556574
-1.7578175505436988
7.623989530754104
-2.7436799281965825
1.9090770484645572
1.492927422657008
-0.20914020951887657
1.2855217673618835
-2.3775701445957393
2.8271617341087594
-3.3095770786283754
-8.577456796263492
0.7188040409276213
0.7909102277698474
7.704994584052537
1.050007373790534
0.8245585121754078
-0.8925989521892688
1.2995512111689425
0.7822608653481491
3.5652081517355048
1.358975888757668
-2.4718140093654455
-3.2476900826663857
-2.0518621789152105
-3.885449566801049
-2.0478787895479487
-1.5439169494404743
-0.2395052086938937
0.24941843886509352
-0.01783038944670201
-0.9999418933678508
1.3365199375334456
-0.22495547388232917
-2.727046256716498
2.177572823580403
-0.8943266511757302
0.6372719328194512
2.811115329550501
6.6998559867022625
-1.7126993855613257
6.9017077284377475
8.923450566624746
0.40586184793566504
9.105637290620068
-2.168143490920861
7.1345113151171855
-0.9999418933678508
-0.9999418933678508
-2.906374570925885
1.8071133049160935
-0.21940073756271716
-2.6722978774988935
1.8754368067532057
2.1507588883523554
-6.213053012262581
2.3507546407321542
-4.317159004518043
-2.0123672495793143
-1.1747295903034152
2.4066435326596807
2.8733547936515964
6.320627811820687
-0.9999418933678508
-0.11068521792689856
4.817757575048018
-0.14456933218791024
1.6168830873224493
-0.9354296289405768
4.783494322207613
0.23652066971685892
1.0244349288128785
-0.18439005660141272
-1.659504678114235
4.670054734337432
2.086014500320404
-2.345087806300785
1.0999142311114904
0.2504689205230757
0.1222355009603735
-0.7972711061452172
-3.4236320789984043
-1.143023045777463
-1.4982440332931275
-0.37088301700766046
0.09764588348789305
0.7797079654067658
25.338019526930804
-1.204949080592519
0.8858071584192881
11.521196686159831
-0.9999418933678508
-3.5301012322345398
-0.3755999001210859
0.18727487260421838
3.6609158591988114
-2.188908615143848
22.33430863170396
-2.7270039576785163
-1.202807716075283
-1.305299043744047
-2.4020149059193208
-1.451664703152628
-1.223922356457358
-1.0341563061029222
-0.2549381520264258
-3.8553161685342627
-0.9632080443619844
0.13337975544448244
-1.765814914342108
7.447402746647461
0.14245058595473004
-1.5953864466503984
1.2520139437968276
0.041491664528917394
-0.5676837502636074
-0.9830133569645307
-1.1524415743521703
1.2316510990549316
1.4137566638254024
-2.1779086739472002
-2.5911597275779594
-0.0960265560327106
3.0534210196342166
-0.8755174623514405
0.45296649758753693
-0.6750531568287077
-0.5825311262691244
1.257918722841148
-0.22769733328912523
1.2180531127998937
0.4208158119314884
-0.3771060782123654
4.993938998561488
-5.310909360301768
-0.8043123406998066
3.839838128362136
-0.3188883172170709
3.9808553565999234
7.611162599027653
-0.18519233791237744
-0.07055652646201604
-0.5404203510554468
-1.0839159837840053
0.32291318157877225
-1.9037157475851605
-0.798034728297365
-0.999933467763845
-2.5773754910618774
3.5156422988549845
1.8372689206490138
-5.4939963507846485
-2.107860921699033
0.27957221185581727
4.073492500410808
-2.418390447979174
2.1363816257146757
0.7670944194579601
3.021662842483597
-3.978820558079929
-2.677674970739263
-1.1820283340415028
1.9897970774245883
-3.8080623726253724
-0.1950055671978479
-3.8796206843034104
9.315416204248356
-0.43420575457738153
-1.731467724432599
-2.6678094337901914
7.381484893733093
14.252747811346168
-1.929062118651615
-2.78883295286036
0.4108342547330257
-0.4914375367708326
-0.9715516859982687
-1.4594649627692067
-0.3546717859045808
-1.0722791691728188
-1.0379914488555684
-2.9796434632485673
0.3551779205578667
-1.296060345483118
1.3054978481023531
0.38814273798908205
1.0625384884188862
-1.232703853594653
-1.6042907674212579
-1.9963436937843486
-3.8832406757005944
-1.4943186575475433
-0.5980919454465525
1.5591705164818364
0.40294773421644403
-9.041789085444295
-1.8586118298839338
-6.444759883525119
-1.4163498182217495
-1.6674841687577024
-1.1595563546036898
-1.2360707268192475
0.15298195096407752
1.930355212444717
-0.9999418933678508
-1.3637581625212123
-3.8787104046592176
6.535438774250959
3.8091032587545324
-1.251873688275384
1.0646013335297808
0.4687088874968135
3.841539262519547
1.9942319766247363
-0.9999418933678508
0.1685721412063086
-0.26246152875706175
-1.281499708333597
7.95371447970099
-1.0888253972797917
-0.6116768771159515
-2.201702517352556
2.8328037493515272
-1.2356936804255518
-3.697715187856016
0.7474015999831183
2.8321988016409683
-0.816717310105663
-0.6317886732263447
5.490490288558709
-8.189528277257446
-0.8863156816721678
-1.0288578680306344
0.18707690167212787
-1.5672513919690425
3.120325010078219
13.040220205280743
-1.1537419054416882
-3.1017611166206134
-0.05250660422705122
-2.0378485104819166
9.233395519508607
3.3118910341729006
-2.9968254569927963
10.853363394546312
-0.7756555434386341
-0.8774611975418318
-0.44593234001585413
-7.644632741241278
3.364669039195278
-3.212247471890524
-3.428440062807064
-2.179841944839776
0.3245439934869139
0.8877123310650596
-0.40460706284844283
-1.427868125982861
0.7470563534357528
13.291233959019777
-1.8469885350059208
-1.9439172750624185
1.5819281433304373
4.7574512214201174
-26.64384251507578
15.445027051857293
12.70483660865389
20.001994166485467
2.521491632698513
-13.196444002121888
37.3083910642286
15.031993481338445
11.040426748918728
-0.792994937931083
-1.2443181596431976
174.97925626499833
0.42745355705449906
0.6491491185205613
-6.972143667402365
7.260096344616004
0.23752540124362342
-0.2542126821430324
0.6081510570394681
-1.2986565667942394
10.999961308767755
-5.400587400983703
-0.7185675063079251
-0.13511249475537968
-0.4568867212852731
-1.065169286661572
-0.9285425059191286
-19.82014319553528
0.44001777166481837
-0.43767554329712643
-1.1957352516229327
-2.2729292441085067
-3.7108099925620657
5.349814899409667
3.0202989682433263
2.9206279649751723
1.4435096737842659
-3.435092641780851
-0.9129259553094702
-0.4847294536638933
-1.2191227546229968
-0.2701825590208735
-13.699627307716936
4.480711636571218
-2.4807476151414507
-0.8557659030905822
2.023937316781323
2.2099311913588977
-0.5357861531540351
0.3727785625987958
2.2239931171337397
-0.8788604715576965
1.6127776641200025
-0.9854340825101682
-0.8647516750680273
-0.6020101893681836
1.6855551487958929
-0.9999418933678508
-0.9999418933678508
0.44562986352135825
-5.358909882400884
9.14887571309113
-2.3055417735190438
0.9673834853807439
1.4534166172529575
2.1936911679467017
-1.1309641623081501
9.329669574853922
-0.07923345152200634
0.6014251239492125
3.0312414643141072
-2.5546229227588557
1.0300023891273833
-1.4046534435937312
1.5529297948707357
-2.7737373610983562
-2.2917602307623035
-1.5367730305839942
-6.2502150226854845
-0.9999418933678508
-7.335570064286731
5.635824701771815
-0.9999418933678508
4.097185654916373
-2.909884955108042
1.3597666412796632
3.2867595883884797
-0.924672273546308
-1.0817867387805256
-1.2471287804476106
-3.4574356051748
3.382165922278658
0.19910296419930074
0.43973108801932437
-0.8979491992739939
0.8679987527265831
-1.1156328259074275
-1.9840136266969692
1.1240775215589296
1.3498109688830628
2.603143777721721
-1.234845401272009
0.029855685617601768
-0.2337573412333911
2.613620409927905
-0.8457925401264946
-1.2228182934422116
-1.7450798091966533
-0.44908157908282265
-0.805189103226416
-0.88614471470831
-0.6923472246203235
-0.8752308103221645
-0.441371025631504
-1.0732912011542504
-0.0641548641630878
-2.5770434183799686
-2.37570808048856
-0.32761984287001056
3.9856023048260076
0.34520470214713694
2.876042012918271
4.388387399258336
7.122808165451865
-9.871031484342192
3.5835579492156078
3.8314115164484854
12.847261293843552
-3.646549857048812
3.4196197904841132
-0.9999418933678508
-0.7326624890808169
-0.3492389913456846
1.3597143783697043
-0.9085992818280998
-1.0827028776232683
5.3702477071984145
-0.8530845338467199
0.40203232469554906
-1.5237242946734466
-0.42727242758265305
-1.55385643127304
-0.8857447309776368
-1.3219319512330947
2.8642845083386743
-1.9298242956976557
0.8224643369161577
-2.493316148140911
1.7589739943174063
-2.057208894819043
-1.5815944527292005
-1.6269937851408112
0.3544136526342907
-0.8388764436201093
0.2876598373694115
-0.2595009547795698
6.858390467809716
0.18857834793255845
-0.8586849499358242
-0.3656731242756077
-0.17656022173847985
0.03633081357064283
-3.4883973010959592
0.1492834945375312
2.2342379462923208
3.4332259454205913
0.11560437990704164
-0.9639362872848127
0.7275234801754349
-1.9860322793113943
-0.13115505353376367
-0.7763276394251611
2.1999022665564225
0.4501403036629126
-0.9999418933678508
4.514695664661369
3.0242193875876233
-0.7887590502535584
-1.921305470922943
-1.2087823160872289
-0.4259496594918111
-1.1143714259692856
-0.22520053652695038
-0.7534988047337889
1.8835177675604307
-0.9444055198567054
3.4385400345162584
0.2418370314195193
-0.6084301571625732
-2.523673203338493
-1.0303374383170318
2.3837304876096472
-0.48169937545531805
-0.6335376135213775
-0.6357494732582485
-0.949681804041691
1.0245804962961187
6.156877201668504
1.5892642985915146
-0.5981849153759067
-0.7081920923648449
0.2994873471623678
1.9569898727443102
8.801154255842157
0.47293642541539427
-0.30354406407003265
3.1242540923379623
2.441369769692007
0.7231820469096331
0.6613393684343176
-1.4969121750247922
-1.105291897863032
1.1782558884579037
1.160996529957865
0.7990501704197759
-0.7452732531942301
-0.28674389075466333
1.3148442632972537
2.594826436635235
0.9591103231081255
-0.13274638255587945
1.0152859447246376
-0.152535189929891
-1.2019978071721875
0.3122552224284505
2.2662007132670112
2.774595487096042
-3.247062539802997
8.867688437190457
0.374560259598375
-0.027179979217228922
-16.40835793191715
0.1500734461059885
-0.21172018648986235
0.13735741432302362
0.056170068428460285
-0.21949965078388933
-8.47872624299234
3.45366442210211
-1.211167082458838
-4.756067267660891
15.158716249471796
-5.25573466376682
-11.074963726102247
-1.0240622121879719
6.979052036167719
21.05550451305017
-5.636333361930962
-0.8767145406258668
-1.264194631569155
-1.2611101256300727
0.6941878067093872
-13.547922292806405
-0.0018829571725329508
-0.7070369483325457
-9.952832675250695
-0.6668165990063284
0.9508222986207864
-0.9999418933678508
-13.226950891174743
0.966603706880119
1.617168309606845
-1.7844220591299127
-2.044504713345258
-2.2763615300391162
-1.102539357603493
0.38911848182236497
0.37186364548674433
2.31792723065564
-3.080031102952947
-1.192208134046795
-1.3986465169995659
-2.1524152397653844
0.6683392901315934
-2.974888015966079
-0.5954618299064385
-0.6196625025178323
-1.2029418681681399
3.647449991270649
1.7393356686781583
0.08820111822252108
1.2001992059898128
-8.228602794113003
-1.12746972697152
-1.0342535330379
-1.0461984076083977
-2.5481010950128082
8.125333605389592
-0.9999418933678508
-0.9999418933678508
2.291963154163265
12.329541831528354
-3.175369708645713
0.06721253639270919
0.40047891574048133
0.27404442619945146
-1.7711546304504187
-4.520188112868898
4.964890478152451
-0.9999418933678508
-1.3695442865969256
0.8379618393622916
26.255249883117905
-1.2799986888230799
-0.9999418933678508
-0.34250483768136053
-1.898355526206689
4.539987880238337
-0.7295775628457597
-1.1179160159485302
1.170308582305645
-2.0346717114049393
-1.1971289799399607
0.7634981356679718
8.590313346142166
-0.8057756945398318
-1.7478018964161985
-3.173852746276661
-2.846254708657316
-1.941693913853824
-0.3957023068356329
-0.30841561097843484
-0.8473607752177322
-2.7019717430370327
0.3119054026401784
-0.9520831348980083
